[ 2017-12-06T09:43:29+08:00 ] ::1 /classroomorder_ThinkPHP/index.php
INFO: [ app_init ] --START--
INFO: Run Behavior\BuildLiteBehavior [ RunTime:0.000093s ]
INFO: [ app_init ] --END-- [ RunTime:0.017545s ]
INFO: [ app_begin ] --START--
INFO: Run Behavior\ReadHtmlCacheBehavior [ RunTime:0.011429s ]
INFO: [ app_begin ] --END-- [ RunTime:0.011785s ]
INFO: [ view_parse ] --START--
INFO: [ template_filter ] --START--
INFO: Run Behavior\ContentReplaceBehavior [ RunTime:0.000348s ]
INFO: [ template_filter ] --END-- [ RunTime:0.000675s ]
INFO: Run Behavior\ParseTemplateBehavior [ RunTime:0.100627s ]
INFO: [ view_parse ] --END-- [ RunTime:0.100972s ]
INFO: [ view_filter ] --START--
INFO: Run Behavior\WriteHtmlCacheBehavior [ RunTime:0.019057s ]
INFO: [ view_filter ] --END-- [ RunTime:0.019352s ]
INFO: [ app_end ] --START--
INFO: Run Behavior\ShowPageTraceBehavior [ RunTime:0.009985s ]
INFO: [ app_end ] --END-- [ RunTime:0.010296s ]

[ 2017-12-06T09:43:51+08:00 ] ::1 /classroomorder_ThinkPHP/index.php/Home/Index/adminsterlogin
INFO: [ app_init ] --START--
INFO: Run Behavior\BuildLiteBehavior [ RunTime:0.000118s ]
INFO: [ app_init ] --END-- [ RunTime:0.006480s ]
INFO: [ app_begin ] --START--
INFO: Run Behavior\ReadHtmlCacheBehavior [ RunTime:0.015038s ]
INFO: [ app_begin ] --END-- [ RunTime:0.015354s ]
INFO: [ view_parse ] --START--
INFO: [ template_filter ] --START--
INFO: Run Behavior\ContentReplaceBehavior [ RunTime:0.000385s ]
INFO: [ template_filter ] --END-- [ RunTime:0.000705s ]
INFO: Run Behavior\ParseTemplateBehavior [ RunTime:0.097331s ]
INFO: [ view_parse ] --END-- [ RunTime:0.097622s ]
INFO: [ view_filter ] --START--
INFO: Run Behavior\WriteHtmlCacheBehavior [ RunTime:0.009867s ]
INFO: [ view_filter ] --END-- [ RunTime:0.010084s ]
INFO: [ app_end ] --START--
INFO: Run Behavior\ShowPageTraceBehavior [ RunTime:0.009964s ]
INFO: [ app_end ] --END-- [ RunTime:0.010157s ]

[ 2017-12-06T09:43:51+08:00 ] ::1 /classroomorder_ThinkPHP/index.php/Home/Index/css/screen.css?v=3.9
INFO: [ app_init ] --START--
INFO: Run Behavior\BuildLiteBehavior [ RunTime:0.000059s ]
INFO: [ app_init ] --END-- [ RunTime:0.004590s ]
INFO: [ app_begin ] --START--
INFO: Run Behavior\ReadHtmlCacheBehavior [ RunTime:0.010003s ]
INFO: [ app_begin ] --END-- [ RunTime:0.010231s ]
ERR: 非法操作:css

[ 2017-12-06T09:44:41+08:00 ] ::1 /classroomorder_ThinkPHP/index.php
INFO: [ app_init ] --START--
INFO: Run Behavior\BuildLiteBehavior [ RunTime:0.000253s ]
INFO: [ app_init ] --END-- [ RunTime:0.009474s ]
INFO: [ app_begin ] --START--
INFO: Run Behavior\ReadHtmlCacheBehavior [ RunTime:0.021292s ]
INFO: [ app_begin ] --END-- [ RunTime:0.021701s ]
INFO: [ view_parse ] --START--
INFO: [ template_filter ] --START--
INFO: Run Behavior\ContentReplaceBehavior [ RunTime:0.000347s ]
INFO: [ template_filter ] --END-- [ RunTime:0.000675s ]
INFO: Run Behavior\ParseTemplateBehavior [ RunTime:0.117583s ]
INFO: [ view_parse ] --END-- [ RunTime:0.118173s ]
INFO: [ view_filter ] --START--
INFO: Run Behavior\WriteHtmlCacheBehavior [ RunTime:0.015106s ]
INFO: [ view_filter ] --END-- [ RunTime:0.015399s ]
INFO: [ app_end ] --START--
INFO: Run Behavior\ShowPageTraceBehavior [ RunTime:0.016220s ]
INFO: [ app_end ] --END-- [ RunTime:0.016521s ]

[ 2017-12-06T09:47:10+08:00 ] 127.0.0.1 /classroomorder_ThinkPHP/index.php
INFO: [ app_init ] --START--
INFO: Run Behavior\BuildLiteBehavior [ RunTime:0.000081s ]
INFO: [ app_init ] --END-- [ RunTime:0.007779s ]
INFO: [ app_begin ] --START--
INFO: Run Behavior\ReadHtmlCacheBehavior [ RunTime:0.011054s ]
INFO: [ app_begin ] --END-- [ RunTime:0.011341s ]
INFO: [ view_parse ] --START--
INFO: [ template_filter ] --START--
INFO: Run Behavior\ContentReplaceBehavior [ RunTime:0.000300s ]
INFO: [ template_filter ] --END-- [ RunTime:0.000573s ]
INFO: Run Behavior\ParseTemplateBehavior [ RunTime:0.088636s ]
INFO: [ view_parse ] --END-- [ RunTime:0.088947s ]
INFO: [ view_filter ] --START--
INFO: Run Behavior\WriteHtmlCacheBehavior [ RunTime:0.020045s ]
INFO: [ view_filter ] --END-- [ RunTime:0.020305s ]
INFO: [ app_end ] --START--
INFO: Run Behavior\ShowPageTraceBehavior [ RunTime:0.013482s ]
INFO: [ app_end ] --END-- [ RunTime:0.013741s ]

[ 2017-12-06T09:48:24+08:00 ] 127.0.0.1 /classroomorder_ThinkPHP/index.php/Home/Index/adminsterlogin
INFO: [ app_init ] --START--
INFO: Run Behavior\BuildLiteBehavior [ RunTime:0.000156s ]
INFO: [ app_init ] --END-- [ RunTime:0.009844s ]
INFO: [ app_begin ] --START--
INFO: Run Behavior\ReadHtmlCacheBehavior [ RunTime:0.026458s ]
INFO: [ app_begin ] --END-- [ RunTime:0.026900s ]
INFO: [ view_parse ] --START--
INFO: [ template_filter ] --START--
INFO: Run Behavior\ContentReplaceBehavior [ RunTime:0.000487s ]
INFO: [ template_filter ] --END-- [ RunTime:0.000909s ]
INFO: Run Behavior\ParseTemplateBehavior [ RunTime:0.153064s ]
INFO: [ view_parse ] --END-- [ RunTime:0.153858s ]
INFO: [ view_filter ] --START--
INFO: Run Behavior\WriteHtmlCacheBehavior [ RunTime:0.015600s ]
INFO: [ view_filter ] --END-- [ RunTime:0.015979s ]
INFO: [ app_end ] --START--
INFO: Run Behavior\ShowPageTraceBehavior [ RunTime:0.018686s ]
INFO: [ app_end ] --END-- [ RunTime:0.019068s ]

[ 2017-12-06T09:48:25+08:00 ] 127.0.0.1 /classroomorder_ThinkPHP/index.php/Home/Index/css/screen.css?v=3.9
INFO: [ app_init ] --START--
INFO: Run Behavior\BuildLiteBehavior [ RunTime:0.000082s ]
INFO: [ app_init ] --END-- [ RunTime:0.006474s ]
INFO: [ app_begin ] --START--
INFO: Run Behavior\ReadHtmlCacheBehavior [ RunTime:0.013881s ]
INFO: [ app_begin ] --END-- [ RunTime:0.014195s ]
ERR: 非法操作:css

[ 2017-12-06T09:48:25+08:00 ] 127.0.0.1 /classroomorder_ThinkPHP/index.php/Home/Index/tu.ico
INFO: [ app_init ] --START--
INFO: Run Behavior\BuildLiteBehavior [ RunTime:0.000084s ]
INFO: [ app_init ] --END-- [ RunTime:0.007620s ]

[ 2017-12-06T09:49:47+08:00 ] 127.0.0.1 /classroomorder_ThinkPHP/index.php/Home/Index/adminsterlogin
INFO: [ app_init ] --START--
INFO: Run Behavior\BuildLiteBehavior [ RunTime:0.000079s ]
INFO: [ app_init ] --END-- [ RunTime:0.006299s ]
INFO: [ app_begin ] --START--
INFO: Run Behavior\ReadHtmlCacheBehavior [ RunTime:0.011796s ]
INFO: [ app_begin ] --END-- [ RunTime:0.012087s ]
INFO: [ view_parse ] --START--
INFO: [ template_filter ] --START--
INFO: Run Behavior\ContentReplaceBehavior [ RunTime:0.000325s ]
INFO: [ template_filter ] --END-- [ RunTime:0.000623s ]
INFO: Run Behavior\ParseTemplateBehavior [ RunTime:0.082117s ]
INFO: [ view_parse ] --END-- [ RunTime:0.082397s ]
INFO: [ view_filter ] --START--
INFO: Run Behavior\WriteHtmlCacheBehavior [ RunTime:0.010081s ]
INFO: [ view_filter ] --END-- [ RunTime:0.010335s ]
INFO: [ app_end ] --START--
INFO: Run Behavior\ShowPageTraceBehavior [ RunTime:0.011348s ]
INFO: [ app_end ] --END-- [ RunTime:0.011634s ]

