[ 2017-12-02T21:27:36+08:00 ] ::1 /01ThinkPHP/index.php
INFO: [ app_init ] --START--
INFO: Run Behavior\BuildLiteBehavior [ RunTime:0.000109s ]
INFO: [ app_init ] --END-- [ RunTime:0.022192s ]
INFO: [ app_begin ] --START--
INFO: Run Behavior\ReadHtmlCacheBehavior [ RunTime:0.021937s ]
INFO: [ app_begin ] --END-- [ RunTime:0.022175s ]
INFO: [ view_parse ] --START--
INFO: [ template_filter ] --START--
INFO: Run Behavior\ContentReplaceBehavior [ RunTime:0.014410s ]
INFO: [ template_filter ] --END-- [ RunTime:0.014657s ]
INFO: Run Behavior\ParseTemplateBehavior [ RunTime:0.119498s ]
INFO: [ view_parse ] --END-- [ RunTime:0.119717s ]
INFO: [ view_filter ] --START--
INFO: Run Behavior\WriteHtmlCacheBehavior [ RunTime:0.047105s ]
INFO: [ view_filter ] --END-- [ RunTime:0.047298s ]
INFO: [ app_end ] --START--
INFO: Run Behavior\ShowPageTraceBehavior [ RunTime:0.027481s ]
INFO: [ app_end ] --END-- [ RunTime:0.027863s ]

[ 2017-12-02T21:27:36+08:00 ] ::1 /01ThinkPHP/index.php/Home/Index/verify.html
INFO: [ app_init ] --START--
INFO: Run Behavior\BuildLiteBehavior [ RunTime:0.000042s ]
INFO: [ app_init ] --END-- [ RunTime:0.004181s ]
INFO: [ app_begin ] --START--
INFO: Run Behavior\ReadHtmlCacheBehavior [ RunTime:0.006768s ]
INFO: [ app_begin ] --END-- [ RunTime:0.007061s ]
INFO: [ app_end ] --START--
INFO: Run Behavior\ShowPageTraceBehavior [ RunTime:0.010888s ]
INFO: [ app_end ] --END-- [ RunTime:0.011060s ]

[ 2017-12-02T21:27:55+08:00 ] ::1 /01ThinkPHP/index.php/Home/Index/register
INFO: [ app_init ] --START--
INFO: Run Behavior\BuildLiteBehavior [ RunTime:0.000042s ]
INFO: [ app_init ] --END-- [ RunTime:0.003524s ]
INFO: [ app_begin ] --START--
INFO: Run Behavior\ReadHtmlCacheBehavior [ RunTime:0.003718s ]
INFO: [ app_begin ] --END-- [ RunTime:0.003877s ]
INFO: [ view_parse ] --START--
INFO: [ template_filter ] --START--
INFO: Run Behavior\ContentReplaceBehavior [ RunTime:0.000151s ]
INFO: [ template_filter ] --END-- [ RunTime:0.000287s ]
INFO: Run Behavior\ParseTemplateBehavior [ RunTime:0.048369s ]
INFO: [ view_parse ] --END-- [ RunTime:0.048533s ]
INFO: [ view_filter ] --START--
INFO: Run Behavior\WriteHtmlCacheBehavior [ RunTime:0.003170s ]
INFO: [ view_filter ] --END-- [ RunTime:0.003296s ]
INFO: [ app_end ] --START--
INFO: Run Behavior\ShowPageTraceBehavior [ RunTime:0.003655s ]
INFO: [ app_end ] --END-- [ RunTime:0.003790s ]

[ 2017-12-02T21:41:27+08:00 ] ::1 /01ThinkPHP/index.php/Home/Index/login.php
INFO: [ app_init ] --START--
INFO: Run Behavior\BuildLiteBehavior [ RunTime:0.000043s ]
INFO: [ app_init ] --END-- [ RunTime:0.043645s ]
INFO: [ app_begin ] --START--
INFO: Run Behavior\ReadHtmlCacheBehavior [ RunTime:0.046498s ]
INFO: [ app_begin ] --END-- [ RunTime:0.046683s ]
ERR: 非法操作:login.php

[ 2017-12-02T21:41:29+08:00 ] ::1 /01ThinkPHP/index.php/Home/Index/index
INFO: [ app_init ] --START--
INFO: Run Behavior\BuildLiteBehavior [ RunTime:0.000042s ]
INFO: [ app_init ] --END-- [ RunTime:0.044926s ]
INFO: [ app_begin ] --START--
INFO: Run Behavior\ReadHtmlCacheBehavior [ RunTime:0.035754s ]
INFO: [ app_begin ] --END-- [ RunTime:0.035939s ]
INFO: [ view_parse ] --START--
INFO: [ template_filter ] --START--
INFO: Run Behavior\ContentReplaceBehavior [ RunTime:0.000148s ]
INFO: [ template_filter ] --END-- [ RunTime:0.000305s ]
INFO: Run Behavior\ParseTemplateBehavior [ RunTime:0.550986s ]
INFO: [ view_parse ] --END-- [ RunTime:0.551150s ]
INFO: [ view_filter ] --START--
INFO: Run Behavior\WriteHtmlCacheBehavior [ RunTime:0.129205s ]
INFO: [ view_filter ] --END-- [ RunTime:0.129333s ]
INFO: [ app_end ] --START--
INFO: Run Behavior\ShowPageTraceBehavior [ RunTime:0.150695s ]
INFO: [ app_end ] --END-- [ RunTime:0.150872s ]

[ 2017-12-02T21:41:29+08:00 ] ::1 /01ThinkPHP/index.php/Home/Index/verify.html
INFO: [ app_init ] --START--
INFO: Run Behavior\BuildLiteBehavior [ RunTime:0.000043s ]
INFO: [ app_init ] --END-- [ RunTime:0.003603s ]
INFO: [ app_begin ] --START--
INFO: Run Behavior\ReadHtmlCacheBehavior [ RunTime:0.003906s ]
INFO: [ app_begin ] --END-- [ RunTime:0.004083s ]
INFO: [ app_end ] --START--
INFO: Run Behavior\ShowPageTraceBehavior [ RunTime:0.005230s ]
INFO: [ app_end ] --END-- [ RunTime:0.005388s ]

[ 2017-12-02T21:47:01+08:00 ] ::1 /01ThinkPHP/index.php
INFO: [ app_init ] --START--
INFO: Run Behavior\BuildLiteBehavior [ RunTime:0.000045s ]
INFO: [ app_init ] --END-- [ RunTime:0.051691s ]
INFO: [ app_begin ] --START--
INFO: Run Behavior\ReadHtmlCacheBehavior [ RunTime:0.079611s ]
INFO: [ app_begin ] --END-- [ RunTime:0.079797s ]
INFO: [ view_parse ] --START--
INFO: [ template_filter ] --START--
INFO: Run Behavior\ContentReplaceBehavior [ RunTime:0.000141s ]
INFO: [ template_filter ] --END-- [ RunTime:0.000292s ]
INFO: Run Behavior\ParseTemplateBehavior [ RunTime:0.187970s ]
INFO: [ view_parse ] --END-- [ RunTime:0.188136s ]
INFO: [ view_filter ] --START--
INFO: Run Behavior\WriteHtmlCacheBehavior [ RunTime:0.079207s ]
INFO: [ view_filter ] --END-- [ RunTime:0.079340s ]
INFO: [ app_end ] --START--
INFO: Run Behavior\ShowPageTraceBehavior [ RunTime:0.055428s ]
INFO: [ app_end ] --END-- [ RunTime:0.055581s ]

[ 2017-12-02T21:47:02+08:00 ] ::1 /01ThinkPHP/index.php/Home/Index/verify.html
INFO: [ app_init ] --START--
INFO: Run Behavior\BuildLiteBehavior [ RunTime:0.000043s ]
INFO: [ app_init ] --END-- [ RunTime:0.009874s ]
INFO: [ app_begin ] --START--
INFO: Run Behavior\ReadHtmlCacheBehavior [ RunTime:0.008073s ]
INFO: [ app_begin ] --END-- [ RunTime:0.008255s ]
INFO: [ app_end ] --START--
INFO: Run Behavior\ShowPageTraceBehavior [ RunTime:0.025916s ]
INFO: [ app_end ] --END-- [ RunTime:0.026104s ]

[ 2017-12-02T21:47:03+08:00 ] ::1 /01ThinkPHP/index.php
INFO: [ app_init ] --START--
INFO: Run Behavior\BuildLiteBehavior [ RunTime:0.000042s ]
INFO: [ app_init ] --END-- [ RunTime:0.004126s ]
INFO: [ app_begin ] --START--
INFO: Run Behavior\ReadHtmlCacheBehavior [ RunTime:0.006268s ]
INFO: [ app_begin ] --END-- [ RunTime:0.006469s ]
INFO: [ view_parse ] --START--
INFO: [ template_filter ] --START--
INFO: Run Behavior\ContentReplaceBehavior [ RunTime:0.000138s ]
INFO: [ template_filter ] --END-- [ RunTime:0.000290s ]
INFO: Run Behavior\ParseTemplateBehavior [ RunTime:0.129202s ]
INFO: [ view_parse ] --END-- [ RunTime:0.129364s ]
INFO: [ view_filter ] --START--
INFO: Run Behavior\WriteHtmlCacheBehavior [ RunTime:0.006231s ]
INFO: [ view_filter ] --END-- [ RunTime:0.006375s ]
INFO: [ app_end ] --START--
INFO: Run Behavior\ShowPageTraceBehavior [ RunTime:0.020900s ]
INFO: [ app_end ] --END-- [ RunTime:0.021052s ]

[ 2017-12-02T23:26:54+08:00 ] ::1 /01ThinkPHP/index.php/Home/Index/login
INFO: [ app_init ] --START--
INFO: Run Behavior\BuildLiteBehavior [ RunTime:0.000042s ]
INFO: [ app_init ] --END-- [ RunTime:0.034978s ]
INFO: [ app_begin ] --START--
INFO: Run Behavior\ReadHtmlCacheBehavior [ RunTime:0.051243s ]
INFO: [ app_begin ] --END-- [ RunTime:0.051409s ]
NOTIC: [8] Undefined index: validate D:\phpStudy\WWW\01ThinkPHP\ThinkPHP\Library\Think\Model.class.php 第 1185 行.
NOTIC: [8] Undefined index: auto D:\phpStudy\WWW\01ThinkPHP\ThinkPHP\Library\Think\Model.class.php 第 1128 行.
SQL: SELECT `id`,`name`,`password`,`answer`,`question`,`email`,`realname`,`birthday`,`telephone`,`qq` FROM `tb_member` WHERE `name` = 'qqq' LIMIT 1   [ RunTime:0.2581s ]
NOTIC: [8] Undefined index: 5f4dcc3b5aa765d61d8327deb882cf99 D:\phpStudy\WWW\01ThinkPHP\App\Home\Controller\IndexController.class.php 第 31 行.
NOTIC: [8] Undefined index: 5f4dcc3b5aa765d61d8327deb882cf99 D:\phpStudy\WWW\01ThinkPHP\App\Home\Controller\IndexController.class.php 第 31 行.
SQL: UPDATE `tb_member` SET `name`='qqq',`password`='111111' WHERE `name` = 'qqq' [ RunTime:0.0035s ]
INFO: [ view_parse ] --START--
INFO: [ template_filter ] --START--
INFO: Run Behavior\ContentReplaceBehavior [ RunTime:0.000130s ]
INFO: [ template_filter ] --END-- [ RunTime:0.000271s ]
INFO: Run Behavior\ParseTemplateBehavior [ RunTime:0.220027s ]
INFO: [ view_parse ] --END-- [ RunTime:0.220210s ]
INFO: [ view_filter ] --START--
INFO: Run Behavior\WriteHtmlCacheBehavior [ RunTime:0.085356s ]
INFO: [ view_filter ] --END-- [ RunTime:0.085481s ]
INFO: [ app_end ] --START--
INFO: Run Behavior\ShowPageTraceBehavior [ RunTime:0.104287s ]
INFO: [ app_end ] --END-- [ RunTime:0.104438s ]

[ 2017-12-02T23:26:56+08:00 ] ::1 /01ThinkPHP/index.php/Home/Index/login.html
INFO: [ app_init ] --START--
INFO: Run Behavior\BuildLiteBehavior [ RunTime:0.000043s ]
INFO: [ app_init ] --END-- [ RunTime:0.014882s ]
INFO: [ app_begin ] --START--
INFO: Run Behavior\ReadHtmlCacheBehavior [ RunTime:0.004693s ]
INFO: [ app_begin ] --END-- [ RunTime:0.004847s ]
INFO: [ view_parse ] --START--
INFO: [ template_filter ] --START--
INFO: Run Behavior\ContentReplaceBehavior [ RunTime:0.000103s ]
INFO: [ template_filter ] --END-- [ RunTime:0.000235s ]
INFO: Run Behavior\ParseTemplateBehavior [ RunTime:0.034838s ]
INFO: [ view_parse ] --END-- [ RunTime:0.034996s ]
INFO: [ view_filter ] --START--
INFO: Run Behavior\WriteHtmlCacheBehavior [ RunTime:0.003207s ]
INFO: [ view_filter ] --END-- [ RunTime:0.003333s ]
INFO: [ app_end ] --START--
INFO: Run Behavior\ShowPageTraceBehavior [ RunTime:0.003822s ]
INFO: [ app_end ] --END-- [ RunTime:0.003960s ]

[ 2017-12-02T23:26:57+08:00 ] ::1 /01ThinkPHP/index.php
INFO: [ app_init ] --START--
INFO: Run Behavior\BuildLiteBehavior [ RunTime:0.000041s ]
INFO: [ app_init ] --END-- [ RunTime:0.004812s ]
INFO: [ app_begin ] --START--
INFO: Run Behavior\ReadHtmlCacheBehavior [ RunTime:0.006690s ]
INFO: [ app_begin ] --END-- [ RunTime:0.006855s ]
INFO: [ view_parse ] --START--
INFO: [ template_filter ] --START--
INFO: Run Behavior\ContentReplaceBehavior [ RunTime:0.000137s ]
INFO: [ template_filter ] --END-- [ RunTime:0.000287s ]
INFO: Run Behavior\ParseTemplateBehavior [ RunTime:0.060434s ]
INFO: [ view_parse ] --END-- [ RunTime:0.060590s ]
INFO: [ view_filter ] --START--
INFO: Run Behavior\WriteHtmlCacheBehavior [ RunTime:0.004585s ]
INFO: [ view_filter ] --END-- [ RunTime:0.004713s ]
INFO: [ app_end ] --START--
INFO: Run Behavior\ShowPageTraceBehavior [ RunTime:0.015404s ]
INFO: [ app_end ] --END-- [ RunTime:0.015540s ]

[ 2017-12-02T23:27:05+08:00 ] ::1 /01ThinkPHP/index.php/Home/Index/login.html
INFO: [ app_init ] --START--
INFO: Run Behavior\BuildLiteBehavior [ RunTime:0.000041s ]
INFO: [ app_init ] --END-- [ RunTime:0.005158s ]
INFO: [ app_begin ] --START--
INFO: Run Behavior\ReadHtmlCacheBehavior [ RunTime:0.005829s ]
INFO: [ app_begin ] --END-- [ RunTime:0.005993s ]
INFO: [ view_parse ] --START--
INFO: [ template_filter ] --START--
INFO: Run Behavior\ContentReplaceBehavior [ RunTime:0.000112s ]
INFO: [ template_filter ] --END-- [ RunTime:0.000252s ]
INFO: Run Behavior\ParseTemplateBehavior [ RunTime:0.035710s ]
INFO: [ view_parse ] --END-- [ RunTime:0.035859s ]
INFO: [ view_filter ] --START--
INFO: Run Behavior\WriteHtmlCacheBehavior [ RunTime:0.005409s ]
INFO: [ view_filter ] --END-- [ RunTime:0.005540s ]
INFO: [ app_end ] --START--
INFO: Run Behavior\ShowPageTraceBehavior [ RunTime:0.005111s ]
INFO: [ app_end ] --END-- [ RunTime:0.005253s ]

[ 2017-12-02T23:27:10+08:00 ] ::1 /01ThinkPHP/index.php/Home/Index/login.html
INFO: [ app_init ] --START--
INFO: Run Behavior\BuildLiteBehavior [ RunTime:0.000044s ]
INFO: [ app_init ] --END-- [ RunTime:0.003417s ]
INFO: [ app_begin ] --START--
INFO: Run Behavior\ReadHtmlCacheBehavior [ RunTime:0.004222s ]
INFO: [ app_begin ] --END-- [ RunTime:0.004377s ]
INFO: [ view_parse ] --START--
INFO: [ template_filter ] --START--
INFO: Run Behavior\ContentReplaceBehavior [ RunTime:0.000104s ]
INFO: [ template_filter ] --END-- [ RunTime:0.000245s ]
INFO: Run Behavior\ParseTemplateBehavior [ RunTime:0.027544s ]
INFO: [ view_parse ] --END-- [ RunTime:0.027700s ]
INFO: [ view_filter ] --START--
INFO: Run Behavior\WriteHtmlCacheBehavior [ RunTime:0.003079s ]
INFO: [ view_filter ] --END-- [ RunTime:0.003204s ]
INFO: [ app_end ] --START--
INFO: Run Behavior\ShowPageTraceBehavior [ RunTime:0.004434s ]
INFO: [ app_end ] --END-- [ RunTime:0.004574s ]

[ 2017-12-02T23:28:13+08:00 ] ::1 /01ThinkPHP/index.php/Home/Index/login.html
INFO: [ app_init ] --START--
INFO: Run Behavior\BuildLiteBehavior [ RunTime:0.000042s ]
INFO: [ app_init ] --END-- [ RunTime:0.003145s ]
INFO: [ app_begin ] --START--
INFO: Run Behavior\ReadHtmlCacheBehavior [ RunTime:0.009582s ]
INFO: [ app_begin ] --END-- [ RunTime:0.009751s ]
INFO: [ view_parse ] --START--
INFO: [ template_filter ] --START--
INFO: Run Behavior\ContentReplaceBehavior [ RunTime:0.000105s ]
INFO: [ template_filter ] --END-- [ RunTime:0.000244s ]
INFO: Run Behavior\ParseTemplateBehavior [ RunTime:0.047191s ]
INFO: [ view_parse ] --END-- [ RunTime:0.047360s ]
INFO: [ view_filter ] --START--
INFO: Run Behavior\WriteHtmlCacheBehavior [ RunTime:0.003361s ]
INFO: [ view_filter ] --END-- [ RunTime:0.003492s ]
INFO: [ app_end ] --START--
INFO: Run Behavior\ShowPageTraceBehavior [ RunTime:0.004088s ]
INFO: [ app_end ] --END-- [ RunTime:0.004233s ]

[ 2017-12-02T23:33:23+08:00 ] ::1 /01ThinkPHP/index.php
INFO: [ app_init ] --START--
INFO: Run Behavior\BuildLiteBehavior [ RunTime:0.000043s ]
INFO: [ app_init ] --END-- [ RunTime:0.004178s ]
INFO: [ app_begin ] --START--
INFO: Run Behavior\ReadHtmlCacheBehavior [ RunTime:0.036487s ]
INFO: [ app_begin ] --END-- [ RunTime:0.036651s ]
INFO: [ view_parse ] --START--
INFO: [ template_filter ] --START--
INFO: Run Behavior\ContentReplaceBehavior [ RunTime:0.000135s ]
INFO: [ template_filter ] --END-- [ RunTime:0.000277s ]
INFO: Run Behavior\ParseTemplateBehavior [ RunTime:0.149747s ]
INFO: [ view_parse ] --END-- [ RunTime:0.149910s ]
INFO: [ view_filter ] --START--
INFO: Run Behavior\WriteHtmlCacheBehavior [ RunTime:0.042594s ]
INFO: [ view_filter ] --END-- [ RunTime:0.042725s ]
INFO: [ app_end ] --START--
INFO: Run Behavior\ShowPageTraceBehavior [ RunTime:0.032069s ]
INFO: [ app_end ] --END-- [ RunTime:0.032206s ]

[ 2017-12-02T23:33:23+08:00 ] ::1 /01ThinkPHP/index.php/Home/Index/verify.html
INFO: [ app_init ] --START--
INFO: Run Behavior\BuildLiteBehavior [ RunTime:0.000044s ]
INFO: [ app_init ] --END-- [ RunTime:0.012845s ]
INFO: [ app_begin ] --START--
INFO: Run Behavior\ReadHtmlCacheBehavior [ RunTime:0.006576s ]
INFO: [ app_begin ] --END-- [ RunTime:0.006744s ]
INFO: [ app_end ] --START--
INFO: Run Behavior\ShowPageTraceBehavior [ RunTime:0.010087s ]
INFO: [ app_end ] --END-- [ RunTime:0.010248s ]

[ 2017-12-02T23:47:44+08:00 ] ::1 /01ThinkPHP/index.php/Home/Index/login
INFO: [ app_init ] --START--
INFO: Run Behavior\BuildLiteBehavior [ RunTime:0.000052s ]
INFO: [ app_init ] --END-- [ RunTime:0.006547s ]
INFO: [ app_begin ] --START--
INFO: Run Behavior\ReadHtmlCacheBehavior [ RunTime:0.007315s ]
INFO: [ app_begin ] --END-- [ RunTime:0.007517s ]
NOTIC: [8] Undefined index: validate D:\phpStudy\WWW\01ThinkPHP\ThinkPHP\Library\Think\Model.class.php 第 1185 行.
NOTIC: [8] Undefined index: auto D:\phpStudy\WWW\01ThinkPHP\ThinkPHP\Library\Think\Model.class.php 第 1128 行.
SQL: SELECT `id`,`name`,`password`,`answer`,`question`,`email`,`realname`,`birthday`,`telephone`,`qq` FROM `tb_member` WHERE `name` = 'qqq' LIMIT 1   [ RunTime:0.1256s ]
NOTIC: [8] Undefined index: 5f4dcc3b5aa765d61d8327deb882cf99 D:\phpStudy\WWW\01ThinkPHP\App\Home\Controller\IndexController.class.php 第 31 行.
NOTIC: [8] Undefined index: 5f4dcc3b5aa765d61d8327deb882cf99 D:\phpStudy\WWW\01ThinkPHP\App\Home\Controller\IndexController.class.php 第 31 行.
SQL: UPDATE `tb_member` SET `name`='qqq',`password`='111111' WHERE `name` = 'qqq' [ RunTime:0.0254s ]
INFO: [ view_parse ] --START--
INFO: [ template_filter ] --START--
INFO: Run Behavior\ContentReplaceBehavior [ RunTime:0.000475s ]
INFO: [ template_filter ] --END-- [ RunTime:0.000994s ]
INFO: Run Behavior\ParseTemplateBehavior [ RunTime:0.206445s ]
INFO: [ view_parse ] --END-- [ RunTime:0.206979s ]
INFO: [ view_filter ] --START--
INFO: Run Behavior\WriteHtmlCacheBehavior [ RunTime:0.025503s ]
INFO: [ view_filter ] --END-- [ RunTime:0.026021s ]
INFO: [ app_end ] --START--
INFO: Run Behavior\ShowPageTraceBehavior [ RunTime:0.029541s ]
INFO: [ app_end ] --END-- [ RunTime:0.030047s ]

[ 2017-12-02T23:47:48+08:00 ] ::1 /01ThinkPHP/index.php/Home/Index/login.html
INFO: [ app_init ] --START--
INFO: Run Behavior\BuildLiteBehavior [ RunTime:0.000083s ]
INFO: [ app_init ] --END-- [ RunTime:0.006366s ]
INFO: [ app_begin ] --START--
INFO: Run Behavior\ReadHtmlCacheBehavior [ RunTime:0.007855s ]
INFO: [ app_begin ] --END-- [ RunTime:0.008170s ]
ERR: 模板不存在:./App/Home/View/Index/login.html

[ 2017-12-02T23:50:24+08:00 ] ::1 /01ThinkPHP/index.php/Home/Index/login.html
INFO: [ app_init ] --START--
INFO: Run Behavior\BuildLiteBehavior [ RunTime:0.000056s ]
INFO: [ app_init ] --END-- [ RunTime:0.005422s ]
INFO: [ app_begin ] --START--
INFO: Run Behavior\ReadHtmlCacheBehavior [ RunTime:0.008838s ]
INFO: [ app_begin ] --END-- [ RunTime:0.009050s ]
INFO: [ view_parse ] --START--
INFO: [ template_filter ] --START--
INFO: Run Behavior\ContentReplaceBehavior [ RunTime:0.000142s ]
INFO: [ template_filter ] --END-- [ RunTime:0.000327s ]
INFO: Run Behavior\ParseTemplateBehavior [ RunTime:0.054646s ]
INFO: [ view_parse ] --END-- [ RunTime:0.054854s ]
INFO: [ view_filter ] --START--
INFO: Run Behavior\WriteHtmlCacheBehavior [ RunTime:0.006339s ]
INFO: [ view_filter ] --END-- [ RunTime:0.006517s ]
INFO: [ app_end ] --START--
INFO: Run Behavior\ShowPageTraceBehavior [ RunTime:0.009171s ]
INFO: [ app_end ] --END-- [ RunTime:0.009356s ]

[ 2017-12-02T23:53:08+08:00 ] ::1 /01ThinkPHP/index.php
INFO: [ app_init ] --START--
INFO: Run Behavior\BuildLiteBehavior [ RunTime:0.000082s ]
INFO: [ app_init ] --END-- [ RunTime:0.010309s ]
INFO: [ app_begin ] --START--
INFO: Run Behavior\ReadHtmlCacheBehavior [ RunTime:0.013252s ]
INFO: [ app_begin ] --END-- [ RunTime:0.013552s ]
INFO: [ view_parse ] --START--
INFO: [ template_filter ] --START--
INFO: Run Behavior\ContentReplaceBehavior [ RunTime:0.000267s ]
INFO: [ template_filter ] --END-- [ RunTime:0.000537s ]
INFO: Run Behavior\ParseTemplateBehavior [ RunTime:0.078794s ]
INFO: [ view_parse ] --END-- [ RunTime:0.079079s ]
INFO: [ view_filter ] --START--
INFO: Run Behavior\WriteHtmlCacheBehavior [ RunTime:0.009899s ]
INFO: [ view_filter ] --END-- [ RunTime:0.010151s ]
INFO: [ app_end ] --START--
INFO: Run Behavior\ShowPageTraceBehavior [ RunTime:0.011661s ]
INFO: [ app_end ] --END-- [ RunTime:0.011916s ]

[ 2017-12-02T23:53:09+08:00 ] ::1 /01ThinkPHP/index.php/Home/Index/verify.html
INFO: [ app_init ] --START--
INFO: Run Behavior\BuildLiteBehavior [ RunTime:0.000096s ]
INFO: [ app_init ] --END-- [ RunTime:0.009476s ]
INFO: [ app_begin ] --START--
INFO: Run Behavior\ReadHtmlCacheBehavior [ RunTime:0.017052s ]
INFO: [ app_begin ] --END-- [ RunTime:0.017403s ]
INFO: [ app_end ] --START--
INFO: Run Behavior\ShowPageTraceBehavior [ RunTime:0.010488s ]
INFO: [ app_end ] --END-- [ RunTime:0.010761s ]

[ 2017-12-02T23:53:25+08:00 ] ::1 /01ThinkPHP/index.php/Home/Index/login
INFO: [ app_init ] --START--
INFO: Run Behavior\BuildLiteBehavior [ RunTime:0.000042s ]
INFO: [ app_init ] --END-- [ RunTime:0.003437s ]
INFO: [ app_begin ] --START--
INFO: Run Behavior\ReadHtmlCacheBehavior [ RunTime:0.004682s ]
INFO: [ app_begin ] --END-- [ RunTime:0.004845s ]
NOTIC: [8] Undefined index: validate D:\phpStudy\WWW\01ThinkPHP\ThinkPHP\Library\Think\Model.class.php 第 1185 行.
NOTIC: [8] Undefined index: auto D:\phpStudy\WWW\01ThinkPHP\ThinkPHP\Library\Think\Model.class.php 第 1128 行.
SQL: SELECT `id`,`name`,`password`,`answer`,`question`,`email`,`realname`,`birthday`,`telephone`,`qq` FROM `tb_member` WHERE `name` = 'qqq' LIMIT 1   [ RunTime:0.0047s ]
NOTIC: [8] Undefined index: 5f4dcc3b5aa765d61d8327deb882cf99 D:\phpStudy\WWW\01ThinkPHP\App\Home\Controller\IndexController.class.php 第 31 行.
NOTIC: [8] Undefined index: 5f4dcc3b5aa765d61d8327deb882cf99 D:\phpStudy\WWW\01ThinkPHP\App\Home\Controller\IndexController.class.php 第 31 行.
SQL: UPDATE `tb_member` SET `name`='qqq',`password`='111111' WHERE `name` = 'qqq' [ RunTime:0.0053s ]
INFO: [ view_parse ] --START--
INFO: [ template_filter ] --START--
INFO: Run Behavior\ContentReplaceBehavior [ RunTime:0.000499s ]
INFO: [ template_filter ] --END-- [ RunTime:0.001045s ]
INFO: Run Behavior\ParseTemplateBehavior [ RunTime:0.159064s ]
INFO: [ view_parse ] --END-- [ RunTime:0.159545s ]
INFO: [ view_filter ] --START--
INFO: Run Behavior\WriteHtmlCacheBehavior [ RunTime:0.028877s ]
INFO: [ view_filter ] --END-- [ RunTime:0.029362s ]
INFO: [ app_end ] --START--
INFO: Run Behavior\ShowPageTraceBehavior [ RunTime:0.017123s ]
INFO: [ app_end ] --END-- [ RunTime:0.017961s ]

[ 2017-12-02T23:53:28+08:00 ] ::1 /01ThinkPHP/index.php/Home/Index/login.html
INFO: [ app_init ] --START--
INFO: Run Behavior\BuildLiteBehavior [ RunTime:0.000062s ]
INFO: [ app_init ] --END-- [ RunTime:0.006522s ]
INFO: [ app_begin ] --START--
INFO: Run Behavior\ReadHtmlCacheBehavior [ RunTime:0.006609s ]
INFO: [ app_begin ] --END-- [ RunTime:0.006832s ]
INFO: [ view_parse ] --START--
INFO: [ template_filter ] --START--
INFO: Run Behavior\ContentReplaceBehavior [ RunTime:0.000156s ]
INFO: [ template_filter ] --END-- [ RunTime:0.000357s ]
INFO: Run Behavior\ParseTemplateBehavior [ RunTime:0.045211s ]
INFO: [ view_parse ] --END-- [ RunTime:0.045442s ]
INFO: [ view_filter ] --START--
INFO: Run Behavior\WriteHtmlCacheBehavior [ RunTime:0.005742s ]
INFO: [ view_filter ] --END-- [ RunTime:0.005932s ]
INFO: [ app_end ] --START--
INFO: Run Behavior\ShowPageTraceBehavior [ RunTime:0.005633s ]
INFO: [ app_end ] --END-- [ RunTime:0.005836s ]

