[ 2017-12-03T19:26:20+08:00 ] ::1 /01ThinkPHP/index.php
INFO: [ app_init ] --START--
INFO: Run Behavior\BuildLiteBehavior [ RunTime:0.000171s ]
INFO: [ app_init ] --END-- [ RunTime:0.038888s ]
INFO: [ app_begin ] --START--
INFO: Run Behavior\ReadHtmlCacheBehavior [ RunTime:0.025018s ]
INFO: [ app_begin ] --END-- [ RunTime:0.025583s ]
INFO: [ view_parse ] --START--
INFO: [ template_filter ] --START--
INFO: Run Behavior\ContentReplaceBehavior [ RunTime:0.006612s ]
INFO: [ template_filter ] --END-- [ RunTime:0.007134s ]
INFO: Run Behavior\ParseTemplateBehavior [ RunTime:0.195821s ]
INFO: [ view_parse ] --END-- [ RunTime:0.196329s ]
INFO: [ view_filter ] --START--
INFO: Run Behavior\WriteHtmlCacheBehavior [ RunTime:0.018652s ]
INFO: [ view_filter ] --END-- [ RunTime:0.019120s ]
INFO: [ app_end ] --START--
INFO: Run Behavior\ShowPageTraceBehavior [ RunTime:0.022726s ]
INFO: [ app_end ] --END-- [ RunTime:0.023256s ]

[ 2017-12-03T19:26:21+08:00 ] ::1 /01ThinkPHP/index.php/Home/Index/verify.html
INFO: [ app_init ] --START--
INFO: Run Behavior\BuildLiteBehavior [ RunTime:0.000093s ]
INFO: [ app_init ] --END-- [ RunTime:0.008199s ]
INFO: [ app_begin ] --START--
INFO: Run Behavior\ReadHtmlCacheBehavior [ RunTime:0.009095s ]
INFO: [ app_begin ] --END-- [ RunTime:0.009429s ]
INFO: [ app_end ] --START--
INFO: Run Behavior\ShowPageTraceBehavior [ RunTime:0.010462s ]
INFO: [ app_end ] --END-- [ RunTime:0.010894s ]

[ 2017-12-03T19:29:23+08:00 ] ::1 /01ThinkPHP/index.php
INFO: [ app_init ] --START--
INFO: Run Behavior\BuildLiteBehavior [ RunTime:0.000079s ]
INFO: [ app_init ] --END-- [ RunTime:0.008289s ]
INFO: [ app_begin ] --START--
INFO: Run Behavior\ReadHtmlCacheBehavior [ RunTime:0.012088s ]
INFO: [ app_begin ] --END-- [ RunTime:0.012376s ]
INFO: [ view_parse ] --START--
INFO: [ template_filter ] --START--
INFO: Run Behavior\ContentReplaceBehavior [ RunTime:0.000264s ]
INFO: [ template_filter ] --END-- [ RunTime:0.000532s ]
INFO: Run Behavior\ParseTemplateBehavior [ RunTime:0.076324s ]
INFO: [ view_parse ] --END-- [ RunTime:0.076600s ]
INFO: [ view_filter ] --START--
INFO: Run Behavior\WriteHtmlCacheBehavior [ RunTime:0.009588s ]
INFO: [ view_filter ] --END-- [ RunTime:0.009831s ]
INFO: [ app_end ] --START--
INFO: Run Behavior\ShowPageTraceBehavior [ RunTime:0.011240s ]
INFO: [ app_end ] --END-- [ RunTime:0.011602s ]

[ 2017-12-03T19:29:24+08:00 ] ::1 /01ThinkPHP/index.php/Home/Index/verify.html
INFO: [ app_init ] --START--
INFO: Run Behavior\BuildLiteBehavior [ RunTime:0.000078s ]
INFO: [ app_init ] --END-- [ RunTime:0.007900s ]
INFO: [ app_begin ] --START--
INFO: Run Behavior\ReadHtmlCacheBehavior [ RunTime:0.012827s ]
INFO: [ app_begin ] --END-- [ RunTime:0.013119s ]
INFO: [ app_end ] --START--
INFO: Run Behavior\ShowPageTraceBehavior [ RunTime:0.008324s ]
INFO: [ app_end ] --END-- [ RunTime:0.008563s ]

[ 2017-12-03T19:29:55+08:00 ] ::1 /01ThinkPHP/index.php
INFO: [ app_init ] --START--
INFO: Run Behavior\BuildLiteBehavior [ RunTime:0.000079s ]
INFO: [ app_init ] --END-- [ RunTime:0.007011s ]
INFO: [ app_begin ] --START--
INFO: Run Behavior\ReadHtmlCacheBehavior [ RunTime:0.008652s ]
INFO: [ app_begin ] --END-- [ RunTime:0.008983s ]
INFO: [ view_parse ] --START--
INFO: [ template_filter ] --START--
INFO: Run Behavior\ContentReplaceBehavior [ RunTime:0.000266s ]
INFO: [ template_filter ] --END-- [ RunTime:0.000539s ]
INFO: Run Behavior\ParseTemplateBehavior [ RunTime:0.079812s ]
INFO: [ view_parse ] --END-- [ RunTime:0.080099s ]
INFO: [ view_filter ] --START--
INFO: Run Behavior\WriteHtmlCacheBehavior [ RunTime:0.009925s ]
INFO: [ view_filter ] --END-- [ RunTime:0.010215s ]
INFO: [ app_end ] --START--
INFO: Run Behavior\ShowPageTraceBehavior [ RunTime:0.008492s ]
INFO: [ app_end ] --END-- [ RunTime:0.008775s ]

[ 2017-12-03T19:29:56+08:00 ] ::1 /01ThinkPHP/index.php/Home/Index/verify.html
INFO: [ app_init ] --START--
INFO: Run Behavior\BuildLiteBehavior [ RunTime:0.000042s ]
INFO: [ app_init ] --END-- [ RunTime:0.003734s ]
INFO: [ app_begin ] --START--
INFO: Run Behavior\ReadHtmlCacheBehavior [ RunTime:0.004209s ]
INFO: [ app_begin ] --END-- [ RunTime:0.004370s ]
INFO: [ app_end ] --START--
INFO: Run Behavior\ShowPageTraceBehavior [ RunTime:0.003822s ]
INFO: [ app_end ] --END-- [ RunTime:0.003999s ]

[ 2017-12-03T19:30:14+08:00 ] ::1 /01ThinkPHP/index.php/Home/Index/verify.html?0.05249931613082409
INFO: [ app_init ] --START--
INFO: Run Behavior\BuildLiteBehavior [ RunTime:0.000115s ]
INFO: [ app_init ] --END-- [ RunTime:0.011472s ]
INFO: [ app_begin ] --START--
INFO: Run Behavior\ReadHtmlCacheBehavior [ RunTime:0.012402s ]
INFO: [ app_begin ] --END-- [ RunTime:0.012821s ]
INFO: [ app_end ] --START--
INFO: Run Behavior\ShowPageTraceBehavior [ RunTime:0.013957s ]
INFO: [ app_end ] --END-- [ RunTime:0.014372s ]

[ 2017-12-03T19:30:28+08:00 ] ::1 /01ThinkPHP/index.php/Home/Index/login
INFO: [ app_init ] --START--
INFO: Run Behavior\BuildLiteBehavior [ RunTime:0.000112s ]
INFO: [ app_init ] --END-- [ RunTime:0.009392s ]
INFO: [ app_begin ] --START--
INFO: Run Behavior\ReadHtmlCacheBehavior [ RunTime:0.011140s ]
INFO: [ app_begin ] --END-- [ RunTime:0.011553s ]
NOTIC: [8] Undefined index: validate D:\phpStudy\WWW\01ThinkPHP\ThinkPHP\Library\Think\Model.class.php 第 1185 行.
NOTIC: [8] Undefined index: auto D:\phpStudy\WWW\01ThinkPHP\ThinkPHP\Library\Think\Model.class.php 第 1128 行.
SQL: SELECT `id`,`name`,`password`,`answer`,`question`,`email`,`realname`,`birthday`,`telephone`,`qq` FROM `tb_member` WHERE `name` = 'qqq' LIMIT 1   [ RunTime:0.1373s ]
NOTIC: [8] Undefined index: 5f4dcc3b5aa765d61d8327deb882cf99 D:\phpStudy\WWW\01ThinkPHP\App\Home\Controller\IndexController.class.php 第 31 行.
NOTIC: [8] Undefined index: 5f4dcc3b5aa765d61d8327deb882cf99 D:\phpStudy\WWW\01ThinkPHP\App\Home\Controller\IndexController.class.php 第 31 行.
SQL: UPDATE `tb_member` SET `name`='qqq',`password`='111111' WHERE `name` = 'qqq' [ RunTime:0.0218s ]
INFO: [ view_parse ] --START--
INFO: [ template_filter ] --START--
INFO: Run Behavior\ContentReplaceBehavior [ RunTime:0.000262s ]
INFO: [ template_filter ] --END-- [ RunTime:0.000563s ]
INFO: Run Behavior\ParseTemplateBehavior [ RunTime:0.057953s ]
INFO: [ view_parse ] --END-- [ RunTime:0.058295s ]
INFO: [ view_filter ] --START--
INFO: Run Behavior\WriteHtmlCacheBehavior [ RunTime:0.006330s ]
INFO: [ view_filter ] --END-- [ RunTime:0.006579s ]
INFO: [ app_end ] --START--
INFO: Run Behavior\ShowPageTraceBehavior [ RunTime:0.007846s ]
INFO: [ app_end ] --END-- [ RunTime:0.008104s ]

[ 2017-12-03T19:30:31+08:00 ] ::1 /01ThinkPHP/index.php/Home/Index/login.html
INFO: [ app_init ] --START--
INFO: Run Behavior\BuildLiteBehavior [ RunTime:0.000091s ]
INFO: [ app_init ] --END-- [ RunTime:0.007456s ]
INFO: [ app_begin ] --START--
INFO: Run Behavior\ReadHtmlCacheBehavior [ RunTime:0.009294s ]
INFO: [ app_begin ] --END-- [ RunTime:0.009631s ]
INFO: [ view_parse ] --START--
INFO: [ template_filter ] --START--
INFO: Run Behavior\ContentReplaceBehavior [ RunTime:0.000237s ]
INFO: [ template_filter ] --END-- [ RunTime:0.000544s ]
INFO: Run Behavior\ParseTemplateBehavior [ RunTime:0.067689s ]
INFO: [ view_parse ] --END-- [ RunTime:0.068019s ]
INFO: [ view_filter ] --START--
INFO: Run Behavior\WriteHtmlCacheBehavior [ RunTime:0.007324s ]
INFO: [ view_filter ] --END-- [ RunTime:0.007615s ]
INFO: [ app_end ] --START--
INFO: Run Behavior\ShowPageTraceBehavior [ RunTime:0.008654s ]
INFO: [ app_end ] --END-- [ RunTime:0.008960s ]

[ 2017-12-03T19:30:37+08:00 ] ::1 /01ThinkPHP/index.php/Home/Index/login.html
INFO: [ app_init ] --START--
INFO: Run Behavior\BuildLiteBehavior [ RunTime:0.000093s ]
INFO: [ app_init ] --END-- [ RunTime:0.008706s ]
INFO: [ app_begin ] --START--
INFO: Run Behavior\ReadHtmlCacheBehavior [ RunTime:0.009584s ]
INFO: [ app_begin ] --END-- [ RunTime:0.009922s ]
INFO: [ view_parse ] --START--
INFO: [ template_filter ] --START--
INFO: Run Behavior\ContentReplaceBehavior [ RunTime:0.000244s ]
INFO: [ template_filter ] --END-- [ RunTime:0.000551s ]
INFO: Run Behavior\ParseTemplateBehavior [ RunTime:0.072021s ]
INFO: [ view_parse ] --END-- [ RunTime:0.072368s ]
INFO: [ view_filter ] --START--
INFO: Run Behavior\WriteHtmlCacheBehavior [ RunTime:0.008090s ]
INFO: [ view_filter ] --END-- [ RunTime:0.008390s ]
INFO: [ app_end ] --START--
INFO: Run Behavior\ShowPageTraceBehavior [ RunTime:0.010525s ]
INFO: [ app_end ] --END-- [ RunTime:0.010857s ]

[ 2017-12-03T19:30:43+08:00 ] ::1 /01ThinkPHP/index.php
INFO: [ app_init ] --START--
INFO: Run Behavior\BuildLiteBehavior [ RunTime:0.000095s ]
INFO: [ app_init ] --END-- [ RunTime:0.007933s ]
INFO: [ app_begin ] --START--
INFO: Run Behavior\ReadHtmlCacheBehavior [ RunTime:0.008877s ]
INFO: [ app_begin ] --END-- [ RunTime:0.009213s ]
INFO: [ view_parse ] --START--
INFO: [ template_filter ] --START--
INFO: Run Behavior\ContentReplaceBehavior [ RunTime:0.000338s ]
INFO: [ template_filter ] --END-- [ RunTime:0.000664s ]
INFO: Run Behavior\ParseTemplateBehavior [ RunTime:0.065992s ]
INFO: [ view_parse ] --END-- [ RunTime:0.066314s ]
INFO: [ view_filter ] --START--
INFO: Run Behavior\WriteHtmlCacheBehavior [ RunTime:0.007134s ]
INFO: [ view_filter ] --END-- [ RunTime:0.007425s ]
INFO: [ app_end ] --START--
INFO: Run Behavior\ShowPageTraceBehavior [ RunTime:0.009734s ]
INFO: [ app_end ] --END-- [ RunTime:0.010034s ]

[ 2017-12-03T19:30:43+08:00 ] ::1 /01ThinkPHP/index.php/Home/Index/verify.html
INFO: [ app_init ] --START--
INFO: Run Behavior\BuildLiteBehavior [ RunTime:0.000093s ]
INFO: [ app_init ] --END-- [ RunTime:0.007653s ]
INFO: [ app_begin ] --START--
INFO: Run Behavior\ReadHtmlCacheBehavior [ RunTime:0.011580s ]
INFO: [ app_begin ] --END-- [ RunTime:0.012024s ]
INFO: [ app_end ] --START--
INFO: Run Behavior\ShowPageTraceBehavior [ RunTime:0.004766s ]
INFO: [ app_end ] --END-- [ RunTime:0.004952s ]

[ 2017-12-03T19:30:58+08:00 ] ::1 /01ThinkPHP/index.php
INFO: [ app_init ] --START--
INFO: Run Behavior\BuildLiteBehavior [ RunTime:0.000110s ]
INFO: [ app_init ] --END-- [ RunTime:0.009217s ]
INFO: [ app_begin ] --START--
INFO: Run Behavior\ReadHtmlCacheBehavior [ RunTime:0.011463s ]
INFO: [ app_begin ] --END-- [ RunTime:0.011865s ]
INFO: [ view_parse ] --START--
INFO: [ template_filter ] --START--
INFO: Run Behavior\ContentReplaceBehavior [ RunTime:0.000386s ]
INFO: [ template_filter ] --END-- [ RunTime:0.000778s ]
INFO: Run Behavior\ParseTemplateBehavior [ RunTime:0.081151s ]
INFO: [ view_parse ] --END-- [ RunTime:0.081543s ]
INFO: [ view_filter ] --START--
INFO: Run Behavior\WriteHtmlCacheBehavior [ RunTime:0.008783s ]
INFO: [ view_filter ] --END-- [ RunTime:0.009134s ]
INFO: [ app_end ] --START--
INFO: Run Behavior\ShowPageTraceBehavior [ RunTime:0.011328s ]
INFO: [ app_end ] --END-- [ RunTime:0.011698s ]

[ 2017-12-03T19:30:58+08:00 ] ::1 /01ThinkPHP/index.php/Home/Index/verify.html
INFO: [ app_init ] --START--
INFO: Run Behavior\BuildLiteBehavior [ RunTime:0.000078s ]
INFO: [ app_init ] --END-- [ RunTime:0.006480s ]
INFO: [ app_begin ] --START--
INFO: Run Behavior\ReadHtmlCacheBehavior [ RunTime:0.007916s ]
INFO: [ app_begin ] --END-- [ RunTime:0.008208s ]
INFO: [ app_end ] --START--
INFO: Run Behavior\ShowPageTraceBehavior [ RunTime:0.007506s ]
INFO: [ app_end ] --END-- [ RunTime:0.007792s ]

[ 2017-12-03T21:05:40+08:00 ] ::1 /01ThinkPHP/index.php
INFO: [ app_init ] --START--
INFO: Run Behavior\BuildLiteBehavior [ RunTime:0.000077s ]
INFO: [ app_init ] --END-- [ RunTime:0.007798s ]
INFO: [ app_begin ] --START--
INFO: Run Behavior\ReadHtmlCacheBehavior [ RunTime:0.017276s ]
INFO: [ app_begin ] --END-- [ RunTime:0.017557s ]
INFO: [ view_parse ] --START--
INFO: [ template_filter ] --START--
INFO: Run Behavior\ContentReplaceBehavior [ RunTime:0.000510s ]
INFO: [ template_filter ] --END-- [ RunTime:0.001032s ]
INFO: Run Behavior\ParseTemplateBehavior [ RunTime:0.220464s ]
INFO: [ view_parse ] --END-- [ RunTime:0.221180s ]
INFO: [ view_filter ] --START--
INFO: Run Behavior\WriteHtmlCacheBehavior [ RunTime:0.025233s ]
INFO: [ view_filter ] --END-- [ RunTime:0.025702s ]
INFO: [ app_end ] --START--
INFO: Run Behavior\ShowPageTraceBehavior [ RunTime:0.028462s ]
INFO: [ app_end ] --END-- [ RunTime:0.029057s ]

[ 2017-12-03T21:05:40+08:00 ] ::1 /01ThinkPHP/index.php/Home/Index/verify.html
INFO: [ app_init ] --START--
INFO: Run Behavior\BuildLiteBehavior [ RunTime:0.000091s ]
INFO: [ app_init ] --END-- [ RunTime:0.009691s ]
INFO: [ app_begin ] --START--
INFO: Run Behavior\ReadHtmlCacheBehavior [ RunTime:0.014653s ]
INFO: [ app_begin ] --END-- [ RunTime:0.015183s ]
INFO: [ app_end ] --START--
INFO: Run Behavior\ShowPageTraceBehavior [ RunTime:0.013092s ]
INFO: [ app_end ] --END-- [ RunTime:0.013435s ]

[ 2017-12-03T21:05:59+08:00 ] ::1 /01ThinkPHP/index.php/Home/Index/login
INFO: [ app_init ] --START--
INFO: Run Behavior\BuildLiteBehavior [ RunTime:0.000063s ]
INFO: [ app_init ] --END-- [ RunTime:0.005357s ]
INFO: [ app_begin ] --START--
INFO: Run Behavior\ReadHtmlCacheBehavior [ RunTime:0.006235s ]
INFO: [ app_begin ] --END-- [ RunTime:0.006462s ]
SQL: SHOW COLUMNS FROM `tb_member` [ RunTime:0.1140s ]
NOTIC: [8] Undefined index: validate D:\phpStudy\WWW\01ThinkPHP\ThinkPHP\Library\Think\Model.class.php 第 1185 行.
NOTIC: [8] Undefined index: auto D:\phpStudy\WWW\01ThinkPHP\ThinkPHP\Library\Think\Model.class.php 第 1128 行.
SQL: SELECT `id`,`name`,`password`,`answer`,`question`,`email`,`realname`,`birthday`,`telephone`,`qq` FROM `tb_member` WHERE `name` = 'qqq' LIMIT 1   [ RunTime:0.0068s ]
NOTIC: [8] Undefined index: 5f4dcc3b5aa765d61d8327deb882cf99 D:\phpStudy\WWW\01ThinkPHP\App\Home\Controller\IndexController.class.php 第 31 行.
NOTIC: [8] Undefined index: 5f4dcc3b5aa765d61d8327deb882cf99 D:\phpStudy\WWW\01ThinkPHP\App\Home\Controller\IndexController.class.php 第 31 行.
SQL: SHOW COLUMNS FROM `tb_member` [ RunTime:0.1030s ]
SQL: UPDATE `tb_member` SET `name`='qqq',`password`='111111' WHERE `name` = 'qqq' [ RunTime:0.0071s ]
INFO: [ view_parse ] --START--
INFO: [ template_filter ] --START--
INFO: Run Behavior\ContentReplaceBehavior [ RunTime:0.000513s ]
INFO: [ template_filter ] --END-- [ RunTime:0.001054s ]
INFO: Run Behavior\ParseTemplateBehavior [ RunTime:0.149478s ]
INFO: [ view_parse ] --END-- [ RunTime:0.150068s ]
INFO: [ view_filter ] --START--
INFO: Run Behavior\WriteHtmlCacheBehavior [ RunTime:0.018141s ]
INFO: [ view_filter ] --END-- [ RunTime:0.018620s ]
INFO: [ app_end ] --START--
INFO: Run Behavior\ShowPageTraceBehavior [ RunTime:0.015015s ]
INFO: [ app_end ] --END-- [ RunTime:0.015513s ]

[ 2017-12-03T21:06:01+08:00 ] ::1 /01ThinkPHP/index.php/Home/Index/login.html
INFO: [ app_init ] --START--
INFO: Run Behavior\BuildLiteBehavior [ RunTime:0.000092s ]
INFO: [ app_init ] --END-- [ RunTime:0.007685s ]
INFO: [ app_begin ] --START--
INFO: Run Behavior\ReadHtmlCacheBehavior [ RunTime:0.009124s ]
INFO: [ app_begin ] --END-- [ RunTime:0.009442s ]
INFO: [ view_parse ] --START--
INFO: [ template_filter ] --START--
INFO: Run Behavior\ContentReplaceBehavior [ RunTime:0.000337s ]
INFO: [ template_filter ] --END-- [ RunTime:0.000796s ]
INFO: Run Behavior\ParseTemplateBehavior [ RunTime:0.071788s ]
INFO: [ view_parse ] --END-- [ RunTime:0.072125s ]
INFO: [ view_filter ] --START--
INFO: Run Behavior\WriteHtmlCacheBehavior [ RunTime:0.007149s ]
INFO: [ view_filter ] --END-- [ RunTime:0.007440s ]
INFO: [ app_end ] --START--
INFO: Run Behavior\ShowPageTraceBehavior [ RunTime:0.009152s ]
INFO: [ app_end ] --END-- [ RunTime:0.009476s ]

[ 2017-12-03T21:09:05+08:00 ] ::1 /01ThinkPHP/index.php
INFO: [ app_init ] --START--
INFO: Run Behavior\BuildLiteBehavior [ RunTime:0.000078s ]
INFO: [ app_init ] --END-- [ RunTime:0.008244s ]
INFO: [ app_begin ] --START--
INFO: Run Behavior\ReadHtmlCacheBehavior [ RunTime:0.012495s ]
INFO: [ app_begin ] --END-- [ RunTime:0.012777s ]
ERR: 模板不存在:./App/Home/View/Index/index.html

[ 2017-12-03T21:30:48+08:00 ] ::1 /01ThinkPHP/index.php
INFO: [ app_init ] --START--
INFO: Run Behavior\BuildLiteBehavior [ RunTime:0.000090s ]
INFO: [ app_init ] --END-- [ RunTime:0.009532s ]
INFO: [ app_begin ] --START--
INFO: Run Behavior\ReadHtmlCacheBehavior [ RunTime:0.014629s ]
INFO: [ app_begin ] --END-- [ RunTime:0.014881s ]
ERR: 模板不存在:./App/Home/View/Index/index.html

[ 2017-12-03T21:33:11+08:00 ] ::1 /01ThinkPHP/index.php
INFO: [ app_init ] --START--
INFO: Run Behavior\BuildLiteBehavior [ RunTime:0.000051s ]
INFO: [ app_init ] --END-- [ RunTime:0.004959s ]
INFO: [ app_begin ] --START--
INFO: Run Behavior\ReadHtmlCacheBehavior [ RunTime:0.010252s ]
INFO: [ app_begin ] --END-- [ RunTime:0.010439s ]
ERR: 模板不存在:./App/Home/View/Index/index.html
NOTIC: [2] include(): Filename cannot be empty D:\phpStudy\WWW\01ThinkPHP\ThinkPHP\Library\Think\Think.class.php 第 314 行.
NOTIC: [2] include(): Failed opening '' for inclusion (include_path='.;C:\php\pear') D:\phpStudy\WWW\01ThinkPHP\ThinkPHP\Library\Think\Think.class.php 第 314 行.

[ 2017-12-03T21:33:21+08:00 ] ::1 /01ThinkPHP/index.php
INFO: [ app_init ] --START--
INFO: Run Behavior\BuildLiteBehavior [ RunTime:0.000092s ]
INFO: [ app_init ] --END-- [ RunTime:0.010296s ]
INFO: [ app_begin ] --START--
INFO: Run Behavior\ReadHtmlCacheBehavior [ RunTime:0.019719s ]
INFO: [ app_begin ] --END-- [ RunTime:0.020060s ]
ERR: 模板不存在:./App/Home/View/Index/index.html
NOTIC: [2] include(): Filename cannot be empty D:\phpStudy\WWW\01ThinkPHP\ThinkPHP\Library\Think\Think.class.php 第 314 行.
NOTIC: [2] include(): Failed opening '' for inclusion (include_path='.;C:\php\pear') D:\phpStudy\WWW\01ThinkPHP\ThinkPHP\Library\Think\Think.class.php 第 314 行.

[ 2017-12-03T21:33:29+08:00 ] ::1 /01ThinkPHP/index.php
INFO: [ app_init ] --START--
INFO: Run Behavior\BuildLiteBehavior [ RunTime:0.000068s ]
INFO: [ app_init ] --END-- [ RunTime:0.007456s ]
INFO: [ app_begin ] --START--
INFO: Run Behavior\ReadHtmlCacheBehavior [ RunTime:0.013592s ]
INFO: [ app_begin ] --END-- [ RunTime:0.013838s ]
ERR: 模板不存在:./App/Home/View/Index/index.html
NOTIC: [2] include(): Filename cannot be empty D:\phpStudy\WWW\01ThinkPHP\ThinkPHP\Library\Think\Think.class.php 第 314 行.
NOTIC: [2] include(): Failed opening '' for inclusion (include_path='.;C:\php\pear') D:\phpStudy\WWW\01ThinkPHP\ThinkPHP\Library\Think\Think.class.php 第 314 行.

[ 2017-12-03T21:34:26+08:00 ] ::1 /01ThinkPHP/index.php
INFO: [ app_init ] --START--
INFO: Run Behavior\BuildLiteBehavior [ RunTime:0.000063s ]
INFO: [ app_init ] --END-- [ RunTime:0.006143s ]
INFO: [ app_begin ] --START--
INFO: Run Behavior\ReadHtmlCacheBehavior [ RunTime:0.012296s ]
INFO: [ app_begin ] --END-- [ RunTime:0.012521s ]
INFO: [ view_parse ] --START--
INFO: [ template_filter ] --START--
INFO: Run Behavior\ContentReplaceBehavior [ RunTime:0.000203s ]
INFO: [ template_filter ] --END-- [ RunTime:0.000416s ]
INFO: Run Behavior\ParseTemplateBehavior [ RunTime:0.082189s ]
INFO: [ view_parse ] --END-- [ RunTime:0.082412s ]
INFO: [ view_filter ] --START--
INFO: Run Behavior\WriteHtmlCacheBehavior [ RunTime:0.011937s ]
INFO: [ view_filter ] --END-- [ RunTime:0.012187s ]
INFO: [ app_end ] --START--
INFO: Run Behavior\ShowPageTraceBehavior [ RunTime:0.018669s ]
INFO: [ app_end ] --END-- [ RunTime:0.018976s ]

[ 2017-12-03T21:34:27+08:00 ] ::1 /01ThinkPHP/index.php/Home/Index/verify.html
INFO: [ app_init ] --START--
INFO: Run Behavior\BuildLiteBehavior [ RunTime:0.000096s ]
INFO: [ app_init ] --END-- [ RunTime:0.010373s ]
INFO: [ app_begin ] --START--
INFO: Run Behavior\ReadHtmlCacheBehavior [ RunTime:0.015376s ]
INFO: [ app_begin ] --END-- [ RunTime:0.015724s ]
INFO: [ app_end ] --START--
INFO: Run Behavior\ShowPageTraceBehavior [ RunTime:0.009917s ]
INFO: [ app_end ] --END-- [ RunTime:0.010188s ]

