[ 2018-06-13T21:12:27+08:00 ] ::1 /classroomorder_ThinkPHP/
INFO: [ app_init ] --START--
INFO: Run Behavior\BuildLiteBehavior [ RunTime:0.000000s ]
INFO: [ app_init ] --END-- [ RunTime:0.000000s ]
INFO: [ app_begin ] --START--
INFO: Run Behavior\ReadHtmlCacheBehavior [ RunTime:0.000000s ]
INFO: [ app_begin ] --END-- [ RunTime:0.000000s ]
INFO: [ view_parse ] --START--
INFO: [ template_filter ] --START--
INFO: Run Behavior\ContentReplaceBehavior [ RunTime:0.000000s ]
INFO: [ template_filter ] --END-- [ RunTime:0.000000s ]
INFO: Run Behavior\ParseTemplateBehavior [ RunTime:0.046800s ]
INFO: [ view_parse ] --END-- [ RunTime:0.046800s ]
INFO: [ view_filter ] --START--
INFO: Run Behavior\WriteHtmlCacheBehavior [ RunTime:0.000000s ]
INFO: [ view_filter ] --END-- [ RunTime:0.000000s ]
INFO: [ app_end ] --START--
INFO: Run Behavior\ShowPageTraceBehavior [ RunTime:0.000000s ]
INFO: [ app_end ] --END-- [ RunTime:0.000000s ]

[ 2018-06-13T21:12:27+08:00 ] ::1 /classroomorder_ThinkPHP/index.php/Index/createCode?0.8273207383491573?0.25694649585303386?0.5548665998305841?0.7449164656160631?0.2895857652281132?0.7519236226127605?0.9972467349976664?0.7276379990020132?0.9205506223832899?0.006758245067432944?0.7672493276645501?0.5352869728358396?0.6226952955856146?0.6918446366145092?0.4687725721591076?0.267215699501112?0.9533618025598622?0.9417496275483652?0.42412142922193163?0.937588383364484
INFO: [ app_init ] --START--
INFO: Run Behavior\BuildLiteBehavior [ RunTime:0.000000s ]
INFO: [ app_init ] --END-- [ RunTime:0.000000s ]
INFO: [ app_begin ] --START--
INFO: Run Behavior\ReadHtmlCacheBehavior [ RunTime:0.000000s ]
INFO: [ app_begin ] --END-- [ RunTime:0.000000s ]
INFO: [ app_end ] --START--
INFO: Run Behavior\ShowPageTraceBehavior [ RunTime:0.000000s ]
INFO: [ app_end ] --END-- [ RunTime:0.000000s ]

[ 2018-06-13T21:12:27+08:00 ] ::1 /classroomorder_ThinkPHP/Public/images/login-al.png
INFO: [ app_init ] --START--
INFO: Run Behavior\BuildLiteBehavior [ RunTime:0.000000s ]
INFO: [ app_init ] --END-- [ RunTime:0.000000s ]

[ 2018-06-13T21:12:43+08:00 ] ::1 /classroomorder_ThinkPHP/index.php?debug_host=127.0.0.1&start_debug=1&debug_port=10000&original_url=http%3A%2F%2Flocalhost%2Fclassroomorder_ThinkPHP%2Findex.php&send_sess_end=1&debug_stop=1&debug_start_session=1&debug_no_cache=1528895561709&debug_session_id=1000
INFO: [ app_init ] --START--
INFO: Run Behavior\BuildLiteBehavior [ RunTime:0.000000s ]
INFO: [ app_init ] --END-- [ RunTime:0.062401s ]
INFO: [ app_begin ] --START--
INFO: Run Behavior\ReadHtmlCacheBehavior [ RunTime:0.000000s ]
INFO: [ app_begin ] --END-- [ RunTime:0.000000s ]
INFO: [ view_parse ] --START--
INFO: [ template_filter ] --START--
INFO: Run Behavior\ContentReplaceBehavior [ RunTime:0.000000s ]
INFO: [ template_filter ] --END-- [ RunTime:0.000000s ]
INFO: Run Behavior\ParseTemplateBehavior [ RunTime:0.015600s ]
INFO: [ view_parse ] --END-- [ RunTime:0.015600s ]
INFO: [ view_filter ] --START--
INFO: Run Behavior\WriteHtmlCacheBehavior [ RunTime:0.000000s ]
INFO: [ view_filter ] --END-- [ RunTime:0.000000s ]
INFO: [ app_end ] --START--
INFO: Run Behavior\ShowPageTraceBehavior [ RunTime:0.000000s ]
INFO: [ app_end ] --END-- [ RunTime:0.000000s ]

[ 2018-06-13T21:12:43+08:00 ] ::1 /classroomorder_ThinkPHP/Public/images/login-al.png
INFO: [ app_init ] --START--
INFO: Run Behavior\BuildLiteBehavior [ RunTime:0.000000s ]
INFO: [ app_init ] --END-- [ RunTime:0.015600s ]

[ 2018-06-13T21:12:44+08:00 ] ::1 /classroomorder_ThinkPHP/index.php/Index/createCode?0.8273207383491573?0.25694649585303386?0.5548665998305841?0.7449164656160631?0.2895857652281132?0.7519236226127605?0.9972467349976664?0.7276379990020132?0.9205506223832899?0.006758245067432944?0.7672493276645501?0.5352869728358396?0.6226952955856146?0.6918446366145092?0.4687725721591076?0.267215699501112?0.9533618025598622?0.9417496275483652?0.42412142922193163?0.937588383364484
INFO: [ app_init ] --START--
INFO: Run Behavior\BuildLiteBehavior [ RunTime:0.000000s ]
INFO: [ app_init ] --END-- [ RunTime:0.000000s ]
INFO: [ app_begin ] --START--
INFO: Run Behavior\ReadHtmlCacheBehavior [ RunTime:0.000000s ]
INFO: [ app_begin ] --END-- [ RunTime:0.000000s ]
INFO: [ app_end ] --START--
INFO: Run Behavior\ShowPageTraceBehavior [ RunTime:0.000000s ]
INFO: [ app_end ] --END-- [ RunTime:0.000000s ]

[ 2018-06-13T21:13:01+08:00 ] ::1 /classroomorder_ThinkPHP/index.php?debug_host=127.0.0.1&start_debug=1&debug_port=10000&original_url=http%3A%2F%2Flocalhost%2Fclassroomorder_ThinkPHP%2Findex.php&send_sess_end=1&debug_stop=1&debug_start_session=1&debug_no_cache=1528895581462&debug_session_id=1001
INFO: [ app_init ] --START--
INFO: Run Behavior\BuildLiteBehavior [ RunTime:0.000000s ]
INFO: [ app_init ] --END-- [ RunTime:0.000000s ]
INFO: [ app_begin ] --START--
INFO: Run Behavior\ReadHtmlCacheBehavior [ RunTime:0.000000s ]
INFO: [ app_begin ] --END-- [ RunTime:0.000000s ]
INFO: [ view_parse ] --START--
INFO: [ template_filter ] --START--
INFO: Run Behavior\ContentReplaceBehavior [ RunTime:0.000000s ]
INFO: [ template_filter ] --END-- [ RunTime:0.000000s ]
INFO: Run Behavior\ParseTemplateBehavior [ RunTime:0.015600s ]
INFO: [ view_parse ] --END-- [ RunTime:0.015600s ]
INFO: [ view_filter ] --START--
INFO: Run Behavior\WriteHtmlCacheBehavior [ RunTime:0.000000s ]
INFO: [ view_filter ] --END-- [ RunTime:0.000000s ]
INFO: [ app_end ] --START--
INFO: Run Behavior\ShowPageTraceBehavior [ RunTime:0.000000s ]
INFO: [ app_end ] --END-- [ RunTime:0.000000s ]

[ 2018-06-13T21:13:01+08:00 ] ::1 /classroomorder_ThinkPHP/Public/images/login-al.png
INFO: [ app_init ] --START--
INFO: Run Behavior\BuildLiteBehavior [ RunTime:0.000000s ]
INFO: [ app_init ] --END-- [ RunTime:0.001000s ]

[ 2018-06-13T21:13:01+08:00 ] ::1 /classroomorder_ThinkPHP/index.php/Index/createCode?0.8273207383491573?0.25694649585303386?0.5548665998305841?0.7449164656160631?0.2895857652281132?0.7519236226127605?0.9972467349976664?0.7276379990020132?0.9205506223832899?0.006758245067432944?0.7672493276645501?0.5352869728358396?0.6226952955856146?0.6918446366145092?0.4687725721591076?0.267215699501112?0.9533618025598622?0.9417496275483652?0.42412142922193163?0.937588383364484
INFO: [ app_init ] --START--
INFO: Run Behavior\BuildLiteBehavior [ RunTime:0.000000s ]
INFO: [ app_init ] --END-- [ RunTime:0.000000s ]
INFO: [ app_begin ] --START--
INFO: Run Behavior\ReadHtmlCacheBehavior [ RunTime:0.015600s ]
INFO: [ app_begin ] --END-- [ RunTime:0.015600s ]
INFO: [ app_end ] --START--
INFO: Run Behavior\ShowPageTraceBehavior [ RunTime:0.000000s ]
INFO: [ app_end ] --END-- [ RunTime:0.000000s ]

[ 2018-06-13T21:15:50+08:00 ] ::1 /classroomorder_ThinkPHP/index.php/Index/login
INFO: [ app_init ] --START--
INFO: Run Behavior\BuildLiteBehavior [ RunTime:0.000000s ]
INFO: [ app_init ] --END-- [ RunTime:0.002000s ]
INFO: [ app_begin ] --START--
INFO: Run Behavior\ReadHtmlCacheBehavior [ RunTime:0.002001s ]
INFO: [ app_begin ] --END-- [ RunTime:0.002001s ]
SQL: SHOW COLUMNS FROM `tb_account` [ RunTime:0.0360s ]
NOTIC: [8] Undefined index: validate D:\phpStudy2018\PHPTutorial\WWW\classroomorder_ThinkPHP\ThinkPHP\Library\Think\Model.class.php 第 1185 行.
NOTIC: [8] Undefined index: auto D:\phpStudy2018\PHPTutorial\WWW\classroomorder_ThinkPHP\ThinkPHP\Library\Think\Model.class.php 第 1128 行.
SQL: SELECT `id`,`account`,`password`,`type`,`name` FROM `tb_account` WHERE `account` = '2015051601029' LIMIT 1   [ RunTime:0.0000s ]
NOTIC: [8] Undefined index: 5f4dcc3b5aa765d61d8327deb882cf99 D:\phpStudy2018\PHPTutorial\WWW\classroomorder_ThinkPHP\App\Home\Controller\IndexController.class.php 第 51 行.
NOTIC: [8] Undefined index: 5f4dcc3b5aa765d61d8327deb882cf99 D:\phpStudy2018\PHPTutorial\WWW\classroomorder_ThinkPHP\App\Home\Controller\IndexController.class.php 第 51 行.
SQL: SHOW COLUMNS FROM `tb_account` [ RunTime:0.0060s ]
SQL: UPDATE `tb_account` SET `account`='2015051601029',`password`='123456' WHERE `account` = '李佳爱' [ RunTime:0.0010s ]

[ 2018-06-13T21:15:51+08:00 ] ::1 /classroomorder_ThinkPHP/index.php/Index/infoUserFind.html
INFO: [ app_init ] --START--
INFO: Run Behavior\BuildLiteBehavior [ RunTime:0.000000s ]
INFO: [ app_init ] --END-- [ RunTime:0.001000s ]
INFO: [ app_begin ] --START--
INFO: Run Behavior\ReadHtmlCacheBehavior [ RunTime:0.002000s ]
INFO: [ app_begin ] --END-- [ RunTime:0.002000s ]
SQL: SHOW COLUMNS FROM `tb_account` [ RunTime:0.0070s ]
SQL: SELECT * FROM `tb_account` WHERE ( name='李佳爱' )  [ RunTime:0.0010s ]
INFO: [ view_parse ] --START--
INFO: [ template_filter ] --START--
INFO: Run Behavior\ContentReplaceBehavior [ RunTime:0.000000s ]
INFO: [ template_filter ] --END-- [ RunTime:0.000000s ]
INFO: Run Behavior\ParseTemplateBehavior [ RunTime:0.021001s ]
INFO: [ view_parse ] --END-- [ RunTime:0.022001s ]
INFO: [ view_filter ] --START--
INFO: Run Behavior\WriteHtmlCacheBehavior [ RunTime:0.002000s ]
INFO: [ view_filter ] --END-- [ RunTime:0.002000s ]
INFO: [ app_end ] --START--
INFO: Run Behavior\ShowPageTraceBehavior [ RunTime:0.002000s ]
INFO: [ app_end ] --END-- [ RunTime:0.002000s ]

[ 2018-06-13T21:16:19+08:00 ] ::1 /classroomorder_ThinkPHP/index.php?debug_host=127.0.0.1&start_debug=1&debug_port=10000&original_url=http%3A%2F%2Flocalhost%2Fclassroomorder_ThinkPHP%2Findex.php&send_sess_end=1&debug_stop=1&debug_start_session=1&debug_no_cache=1528895779250&debug_session_id=1002
INFO: [ app_init ] --START--
INFO: Run Behavior\BuildLiteBehavior [ RunTime:0.000000s ]
INFO: [ app_init ] --END-- [ RunTime:0.000000s ]
INFO: [ app_begin ] --START--
INFO: Run Behavior\ReadHtmlCacheBehavior [ RunTime:0.000000s ]
INFO: [ app_begin ] --END-- [ RunTime:0.000000s ]
INFO: [ view_parse ] --START--
INFO: [ template_filter ] --START--
INFO: Run Behavior\ContentReplaceBehavior [ RunTime:0.000000s ]
INFO: [ template_filter ] --END-- [ RunTime:0.000000s ]
INFO: Run Behavior\ParseTemplateBehavior [ RunTime:0.031200s ]
INFO: [ view_parse ] --END-- [ RunTime:0.031200s ]
INFO: [ view_filter ] --START--
INFO: Run Behavior\WriteHtmlCacheBehavior [ RunTime:0.000000s ]
INFO: [ view_filter ] --END-- [ RunTime:0.000000s ]
INFO: [ app_end ] --START--
INFO: Run Behavior\ShowPageTraceBehavior [ RunTime:0.000000s ]
INFO: [ app_end ] --END-- [ RunTime:0.000000s ]

[ 2018-06-13T21:16:19+08:00 ] ::1 /classroomorder_ThinkPHP/Public/images/login-al.png
INFO: [ app_init ] --START--
INFO: Run Behavior\BuildLiteBehavior [ RunTime:0.000000s ]
INFO: [ app_init ] --END-- [ RunTime:0.000000s ]

[ 2018-06-13T21:16:19+08:00 ] ::1 /classroomorder_ThinkPHP/index.php/Index/createCode?0.8273207383491573?0.25694649585303386?0.5548665998305841?0.7449164656160631?0.2895857652281132?0.7519236226127605?0.9972467349976664?0.7276379990020132?0.9205506223832899?0.006758245067432944?0.7672493276645501?0.5352869728358396?0.6226952955856146?0.6918446366145092?0.4687725721591076?0.267215699501112?0.9533618025598622?0.9417496275483652?0.42412142922193163?0.937588383364484
INFO: [ app_init ] --START--
INFO: Run Behavior\BuildLiteBehavior [ RunTime:0.000000s ]
INFO: [ app_init ] --END-- [ RunTime:0.000000s ]
INFO: [ app_begin ] --START--
INFO: Run Behavior\ReadHtmlCacheBehavior [ RunTime:0.000000s ]
INFO: [ app_begin ] --END-- [ RunTime:0.000000s ]
INFO: [ app_end ] --START--
INFO: Run Behavior\ShowPageTraceBehavior [ RunTime:0.001000s ]
INFO: [ app_end ] --END-- [ RunTime:0.002000s ]

[ 2018-06-13T21:18:11+08:00 ] ::1 /classroomorder_ThinkPHP/index.php?XDEBUG_SESSION_START=ECLIPSE_DBGP&KEY=15288958911381
INFO: [ app_init ] --START--
INFO: Run Behavior\BuildLiteBehavior [ RunTime:0.000000s ]
INFO: [ app_init ] --END-- [ RunTime:0.000000s ]
INFO: [ app_begin ] --START--
INFO: Run Behavior\ReadHtmlCacheBehavior [ RunTime:0.000000s ]
INFO: [ app_begin ] --END-- [ RunTime:0.000000s ]
INFO: [ view_parse ] --START--
INFO: [ template_filter ] --START--
INFO: Run Behavior\ContentReplaceBehavior [ RunTime:0.000000s ]
INFO: [ template_filter ] --END-- [ RunTime:0.000000s ]
INFO: Run Behavior\ParseTemplateBehavior [ RunTime:0.015600s ]
INFO: [ view_parse ] --END-- [ RunTime:0.015600s ]
INFO: [ view_filter ] --START--
INFO: Run Behavior\WriteHtmlCacheBehavior [ RunTime:0.000000s ]
INFO: [ view_filter ] --END-- [ RunTime:0.000000s ]
INFO: [ app_end ] --START--
INFO: Run Behavior\ShowPageTraceBehavior [ RunTime:0.000000s ]
INFO: [ app_end ] --END-- [ RunTime:0.000000s ]

[ 2018-06-13T21:18:11+08:00 ] ::1 /classroomorder_ThinkPHP/Public/images/login-al.png
INFO: [ app_init ] --START--
INFO: Run Behavior\BuildLiteBehavior [ RunTime:0.000000s ]
INFO: [ app_init ] --END-- [ RunTime:0.000000s ]

[ 2018-06-13T21:18:12+08:00 ] ::1 /classroomorder_ThinkPHP/index.php/Index/createCode?0.8273207383491573?0.25694649585303386?0.5548665998305841?0.7449164656160631?0.2895857652281132?0.7519236226127605?0.9972467349976664?0.7276379990020132?0.9205506223832899?0.006758245067432944?0.7672493276645501?0.5352869728358396?0.6226952955856146?0.6918446366145092?0.4687725721591076?0.267215699501112?0.9533618025598622?0.9417496275483652?0.42412142922193163?0.937588383364484
INFO: [ app_init ] --START--
INFO: Run Behavior\BuildLiteBehavior [ RunTime:0.000000s ]
INFO: [ app_init ] --END-- [ RunTime:0.000000s ]
INFO: [ app_begin ] --START--
INFO: Run Behavior\ReadHtmlCacheBehavior [ RunTime:0.000000s ]
INFO: [ app_begin ] --END-- [ RunTime:0.000000s ]
INFO: [ app_end ] --START--
INFO: Run Behavior\ShowPageTraceBehavior [ RunTime:0.002000s ]
INFO: [ app_end ] --END-- [ RunTime:0.002000s ]

[ 2018-06-13T21:45:52+08:00 ] ::1 /classroomorder_ThinkPHP/index.php?XDEBUG_SESSION_START=ECLIPSE_DBGP&KEY=15288975516892
INFO: [ app_init ] --START--
INFO: Run Behavior\BuildLiteBehavior [ RunTime:0.000000s ]
INFO: [ app_init ] --END-- [ RunTime:0.000000s ]
INFO: [ app_begin ] --START--
INFO: Run Behavior\ReadHtmlCacheBehavior [ RunTime:0.000000s ]
INFO: [ app_begin ] --END-- [ RunTime:0.000000s ]
INFO: [ view_parse ] --START--
INFO: [ template_filter ] --START--
INFO: Run Behavior\ContentReplaceBehavior [ RunTime:0.000000s ]
INFO: [ template_filter ] --END-- [ RunTime:0.000000s ]
INFO: Run Behavior\ParseTemplateBehavior [ RunTime:0.031200s ]
INFO: [ view_parse ] --END-- [ RunTime:0.031200s ]
INFO: [ view_filter ] --START--
INFO: Run Behavior\WriteHtmlCacheBehavior [ RunTime:0.000000s ]
INFO: [ view_filter ] --END-- [ RunTime:0.015600s ]
INFO: [ app_end ] --START--
INFO: Run Behavior\ShowPageTraceBehavior [ RunTime:0.000000s ]
INFO: [ app_end ] --END-- [ RunTime:0.000000s ]

[ 2018-06-13T21:45:52+08:00 ] ::1 /classroomorder_ThinkPHP/Public/images/login-al.png
INFO: [ app_init ] --START--
INFO: Run Behavior\BuildLiteBehavior [ RunTime:0.000000s ]
INFO: [ app_init ] --END-- [ RunTime:0.000000s ]

[ 2018-06-13T21:45:52+08:00 ] ::1 /classroomorder_ThinkPHP/index.php/Index/createCode?0.8273207383491573?0.25694649585303386?0.5548665998305841?0.7449164656160631?0.2895857652281132?0.7519236226127605?0.9972467349976664?0.7276379990020132?0.9205506223832899?0.006758245067432944?0.7672493276645501?0.5352869728358396?0.6226952955856146?0.6918446366145092?0.4687725721591076?0.267215699501112?0.9533618025598622?0.9417496275483652?0.42412142922193163?0.937588383364484
INFO: [ app_init ] --START--
INFO: Run Behavior\BuildLiteBehavior [ RunTime:0.000000s ]
INFO: [ app_init ] --END-- [ RunTime:0.000000s ]
INFO: [ app_begin ] --START--
INFO: Run Behavior\ReadHtmlCacheBehavior [ RunTime:0.000000s ]
INFO: [ app_begin ] --END-- [ RunTime:0.000000s ]
INFO: [ app_end ] --START--
INFO: Run Behavior\ShowPageTraceBehavior [ RunTime:0.000000s ]
INFO: [ app_end ] --END-- [ RunTime:0.000000s ]

