[ 2018-06-03T17:32:42+08:00 ] ::1 /classroomorder_ThinkPHP/index.php/
INFO: [ app_init ] --START--
INFO: Run Behavior\BuildLiteBehavior [ RunTime:0.000000s ]
INFO: [ app_init ] --END-- [ RunTime:0.015600s ]
INFO: [ app_begin ] --START--
INFO: Run Behavior\ReadHtmlCacheBehavior [ RunTime:0.000000s ]
INFO: [ app_begin ] --END-- [ RunTime:0.000000s ]
INFO: [ view_parse ] --START--
INFO: [ template_filter ] --START--
INFO: Run Behavior\ContentReplaceBehavior [ RunTime:0.000000s ]
INFO: [ template_filter ] --END-- [ RunTime:0.000000s ]
INFO: Run Behavior\ParseTemplateBehavior [ RunTime:0.062400s ]
INFO: [ view_parse ] --END-- [ RunTime:0.062400s ]
INFO: [ view_filter ] --START--
INFO: Run Behavior\WriteHtmlCacheBehavior [ RunTime:0.000000s ]
INFO: [ view_filter ] --END-- [ RunTime:0.000000s ]
INFO: [ app_end ] --START--
INFO: Run Behavior\ShowPageTraceBehavior [ RunTime:0.000000s ]
INFO: [ app_end ] --END-- [ RunTime:0.000000s ]

[ 2018-06-03T17:32:42+08:00 ] ::1 /classroomorder_ThinkPHP/index.php/Index/createCode?0.8273207383491573?0.25694649585303386?0.5548665998305841?0.7449164656160631?0.2895857652281132?0.7519236226127605?0.9972467349976664?0.7276379990020132?0.9205506223832899?0.006758245067432944?0.7672493276645501?0.5352869728358396?0.6226952955856146?0.6918446366145092?0.4687725721591076?0.267215699501112?0.9533618025598622?0.9417496275483652?0.42412142922193163?0.937588383364484
INFO: [ app_init ] --START--
INFO: Run Behavior\BuildLiteBehavior [ RunTime:0.000000s ]
INFO: [ app_init ] --END-- [ RunTime:0.000000s ]
INFO: [ app_begin ] --START--
INFO: Run Behavior\ReadHtmlCacheBehavior [ RunTime:0.000000s ]
INFO: [ app_begin ] --END-- [ RunTime:0.000000s ]
INFO: [ app_end ] --START--
INFO: Run Behavior\ShowPageTraceBehavior [ RunTime:0.000000s ]
INFO: [ app_end ] --END-- [ RunTime:0.000000s ]

[ 2018-06-03T17:32:43+08:00 ] ::1 /classroomorder_ThinkPHP/Public/images/login-al.png
INFO: [ app_init ] --START--
INFO: Run Behavior\BuildLiteBehavior [ RunTime:0.000000s ]
INFO: [ app_init ] --END-- [ RunTime:0.000000s ]

[ 2018-06-03T17:32:45+08:00 ] ::1 /classroomorder_ThinkPHP/index.php/Index/createCode?0.8273207383491573?0.25694649585303386?0.5548665998305841?0.7449164656160631?0.2895857652281132?0.7519236226127605?0.9972467349976664?0.7276379990020132?0.9205506223832899?0.006758245067432944?0.7672493276645501?0.5352869728358396?0.6226952955856146?0.6918446366145092?0.4687725721591076?0.267215699501112?0.9533618025598622?0.9417496275483652?0.42412142922193163?0.937588383364484?0.48870377154461697
INFO: [ app_init ] --START--
INFO: Run Behavior\BuildLiteBehavior [ RunTime:0.000000s ]
INFO: [ app_init ] --END-- [ RunTime:0.000000s ]
INFO: [ app_begin ] --START--
INFO: Run Behavior\ReadHtmlCacheBehavior [ RunTime:0.015600s ]
INFO: [ app_begin ] --END-- [ RunTime:0.015600s ]
INFO: [ app_end ] --START--
INFO: Run Behavior\ShowPageTraceBehavior [ RunTime:0.015600s ]
INFO: [ app_end ] --END-- [ RunTime:0.015600s ]

[ 2018-06-03T17:33:03+08:00 ] ::1 /classroomorder_ThinkPHP/index.php/Index/login
INFO: [ app_init ] --START--
INFO: Run Behavior\BuildLiteBehavior [ RunTime:0.000000s ]
INFO: [ app_init ] --END-- [ RunTime:0.000000s ]
INFO: [ app_begin ] --START--
INFO: Run Behavior\ReadHtmlCacheBehavior [ RunTime:0.000000s ]
INFO: [ app_begin ] --END-- [ RunTime:0.000000s ]
SQL: SHOW COLUMNS FROM `tb_account` [ RunTime:0.0312s ]
NOTIC: [8] Undefined index: validate D:\phpStudy2018\PHPTutorial\WWW\classroomorder_ThinkPHP\ThinkPHP\Library\Think\Model.class.php 第 1185 行.
NOTIC: [8] Undefined index: auto D:\phpStudy2018\PHPTutorial\WWW\classroomorder_ThinkPHP\ThinkPHP\Library\Think\Model.class.php 第 1128 行.
SQL: SELECT `id`,`account`,`password`,`type`,`name` FROM `tb_account` WHERE `account` = '2015051601029' LIMIT 1   [ RunTime:0.0000s ]
NOTIC: [8] Undefined index: 5f4dcc3b5aa765d61d8327deb882cf99 D:\phpStudy2018\PHPTutorial\WWW\classroomorder_ThinkPHP\App\Home\Controller\IndexController.class.php 第 51 行.
NOTIC: [8] Undefined index: 5f4dcc3b5aa765d61d8327deb882cf99 D:\phpStudy2018\PHPTutorial\WWW\classroomorder_ThinkPHP\App\Home\Controller\IndexController.class.php 第 51 行.
SQL: SHOW COLUMNS FROM `tb_account` [ RunTime:0.0000s ]
SQL: UPDATE `tb_account` SET `account`='2015051601029',`password`='123456' WHERE `account` = '李佳爱' [ RunTime:0.0000s ]

[ 2018-06-03T17:33:04+08:00 ] ::1 /classroomorder_ThinkPHP/index.php/Index/infoUserFind.html
INFO: [ app_init ] --START--
INFO: Run Behavior\BuildLiteBehavior [ RunTime:0.000000s ]
INFO: [ app_init ] --END-- [ RunTime:0.000000s ]
INFO: [ app_begin ] --START--
INFO: Run Behavior\ReadHtmlCacheBehavior [ RunTime:0.000000s ]
INFO: [ app_begin ] --END-- [ RunTime:0.000000s ]
SQL: SHOW COLUMNS FROM `tb_account` [ RunTime:0.0000s ]
SQL: SELECT * FROM `tb_account` WHERE ( name='李佳爱' )  [ RunTime:0.0000s ]
INFO: [ view_parse ] --START--
INFO: [ template_filter ] --START--
INFO: Run Behavior\ContentReplaceBehavior [ RunTime:0.000000s ]
INFO: [ template_filter ] --END-- [ RunTime:0.000000s ]
INFO: Run Behavior\ParseTemplateBehavior [ RunTime:0.062400s ]
INFO: [ view_parse ] --END-- [ RunTime:0.062400s ]
INFO: [ view_filter ] --START--
INFO: Run Behavior\WriteHtmlCacheBehavior [ RunTime:0.000000s ]
INFO: [ view_filter ] --END-- [ RunTime:0.000000s ]
INFO: [ app_end ] --START--
INFO: Run Behavior\ShowPageTraceBehavior [ RunTime:0.000000s ]
INFO: [ app_end ] --END-- [ RunTime:0.000000s ]

[ 2018-06-03T17:33:33+08:00 ] ::1 /classroomorder_ThinkPHP/index.php/Index/updateUser
INFO: [ app_init ] --START--
INFO: Run Behavior\BuildLiteBehavior [ RunTime:0.000000s ]
INFO: [ app_init ] --END-- [ RunTime:0.000000s ]
INFO: [ app_begin ] --START--
INFO: Run Behavior\ReadHtmlCacheBehavior [ RunTime:0.000000s ]
INFO: [ app_begin ] --END-- [ RunTime:0.000000s ]
SQL: SHOW COLUMNS FROM `tb_account` [ RunTime:0.0000s ]
SQL: UPDATE `tb_account` SET `account`='2015051601029',`name`='李佳爱',`academy`='计算机与信息科学学院',`major`='信管',`tel`='13110108145',`mail`='244855927@qq.com' WHERE `name` = '李佳爱' [ RunTime:0.0000s ]

[ 2018-06-03T17:33:34+08:00 ] ::1 /classroomorder_ThinkPHP/index.php/Index/infoUserFind.html
INFO: [ app_init ] --START--
INFO: Run Behavior\BuildLiteBehavior [ RunTime:0.000000s ]
INFO: [ app_init ] --END-- [ RunTime:0.000000s ]
INFO: [ app_begin ] --START--
INFO: Run Behavior\ReadHtmlCacheBehavior [ RunTime:0.000000s ]
INFO: [ app_begin ] --END-- [ RunTime:0.000000s ]
SQL: SHOW COLUMNS FROM `tb_account` [ RunTime:0.0000s ]
SQL: SELECT * FROM `tb_account` WHERE ( name='李佳爱' )  [ RunTime:0.0000s ]
INFO: [ view_parse ] --START--
INFO: [ template_filter ] --START--
INFO: Run Behavior\ContentReplaceBehavior [ RunTime:0.000000s ]
INFO: [ template_filter ] --END-- [ RunTime:0.000000s ]
INFO: Run Behavior\ParseTemplateBehavior [ RunTime:0.031200s ]
INFO: [ view_parse ] --END-- [ RunTime:0.031200s ]
INFO: [ view_filter ] --START--
INFO: Run Behavior\WriteHtmlCacheBehavior [ RunTime:0.000000s ]
INFO: [ view_filter ] --END-- [ RunTime:0.000000s ]
INFO: [ app_end ] --START--
INFO: Run Behavior\ShowPageTraceBehavior [ RunTime:0.000000s ]
INFO: [ app_end ] --END-- [ RunTime:0.000000s ]

[ 2018-06-03T17:33:51+08:00 ] ::1 /classroomorder_ThinkPHP/index.php/Index/infoUserFind
INFO: [ app_init ] --START--
INFO: Run Behavior\BuildLiteBehavior [ RunTime:0.000000s ]
INFO: [ app_init ] --END-- [ RunTime:0.000000s ]
INFO: [ app_begin ] --START--
INFO: Run Behavior\ReadHtmlCacheBehavior [ RunTime:0.000000s ]
INFO: [ app_begin ] --END-- [ RunTime:0.000000s ]
SQL: SHOW COLUMNS FROM `tb_account` [ RunTime:0.0000s ]
SQL: SELECT * FROM `tb_account` WHERE ( name='李佳爱' )  [ RunTime:0.0000s ]
INFO: [ view_parse ] --START--
INFO: [ template_filter ] --START--
INFO: Run Behavior\ContentReplaceBehavior [ RunTime:0.000000s ]
INFO: [ template_filter ] --END-- [ RunTime:0.000000s ]
INFO: Run Behavior\ParseTemplateBehavior [ RunTime:0.015600s ]
INFO: [ view_parse ] --END-- [ RunTime:0.015600s ]
INFO: [ view_filter ] --START--
INFO: Run Behavior\WriteHtmlCacheBehavior [ RunTime:0.015600s ]
INFO: [ view_filter ] --END-- [ RunTime:0.015600s ]
INFO: [ app_end ] --START--
INFO: Run Behavior\ShowPageTraceBehavior [ RunTime:0.000000s ]
INFO: [ app_end ] --END-- [ RunTime:0.000000s ]

[ 2018-06-03T17:33:56+08:00 ] ::1 /classroomorder_ThinkPHP/index.php/Index/classroomorderFindAll
INFO: [ app_init ] --START--
INFO: Run Behavior\BuildLiteBehavior [ RunTime:0.000000s ]
INFO: [ app_init ] --END-- [ RunTime:0.000000s ]
INFO: [ app_begin ] --START--
INFO: Run Behavior\ReadHtmlCacheBehavior [ RunTime:0.000000s ]
INFO: [ app_begin ] --END-- [ RunTime:0.015601s ]
ERR: 非法操作:classroomorderFindAll

[ 2018-06-03T17:39:17+08:00 ] ::1 /classroomorder_ThinkPHP/index.php/Index/infoUserFind
INFO: [ app_init ] --START--
INFO: Run Behavior\BuildLiteBehavior [ RunTime:0.000000s ]
INFO: [ app_init ] --END-- [ RunTime:0.000000s ]
INFO: [ app_begin ] --START--
INFO: Run Behavior\ReadHtmlCacheBehavior [ RunTime:0.000000s ]
INFO: [ app_begin ] --END-- [ RunTime:0.000000s ]
SQL: SHOW COLUMNS FROM `tb_account` [ RunTime:0.0000s ]
SQL: SELECT * FROM `tb_account` WHERE ( name='李佳爱' )  [ RunTime:0.0000s ]
INFO: [ view_parse ] --START--
INFO: [ template_filter ] --START--
INFO: Run Behavior\ContentReplaceBehavior [ RunTime:0.000000s ]
INFO: [ template_filter ] --END-- [ RunTime:0.000000s ]
INFO: Run Behavior\ParseTemplateBehavior [ RunTime:0.031200s ]
INFO: [ view_parse ] --END-- [ RunTime:0.031200s ]
INFO: [ view_filter ] --START--
INFO: Run Behavior\WriteHtmlCacheBehavior [ RunTime:0.000000s ]
INFO: [ view_filter ] --END-- [ RunTime:0.000000s ]
INFO: [ app_end ] --START--
INFO: Run Behavior\ShowPageTraceBehavior [ RunTime:0.000000s ]
INFO: [ app_end ] --END-- [ RunTime:0.000000s ]

[ 2018-06-03T17:39:20+08:00 ] ::1 /classroomorder_ThinkPHP/index.php/Index/orderUser
INFO: [ app_init ] --START--
INFO: Run Behavior\BuildLiteBehavior [ RunTime:0.000000s ]
INFO: [ app_init ] --END-- [ RunTime:0.000000s ]
INFO: [ app_begin ] --START--
INFO: Run Behavior\ReadHtmlCacheBehavior [ RunTime:0.000000s ]
INFO: [ app_begin ] --END-- [ RunTime:0.000000s ]
ERR: 1146:Table 'db_classroom.tb_classroomorder' doesn't exist
 [ SQL语句 ] : SHOW COLUMNS FROM `tb_classroomorder`
ERR: 1146:Table 'db_classroom.tb_classroomorder' doesn't exist
 [ SQL语句 ] : SHOW COLUMNS FROM `tb_classroomorder`

[ 2018-06-03T17:41:04+08:00 ] ::1 /classroomorder_ThinkPHP/index.php/Index/infoUserFind
INFO: [ app_init ] --START--
INFO: Run Behavior\BuildLiteBehavior [ RunTime:0.000000s ]
INFO: [ app_init ] --END-- [ RunTime:0.000000s ]
INFO: [ app_begin ] --START--
INFO: Run Behavior\ReadHtmlCacheBehavior [ RunTime:0.000000s ]
INFO: [ app_begin ] --END-- [ RunTime:0.000000s ]
SQL: SHOW COLUMNS FROM `tb_account` [ RunTime:0.0000s ]
SQL: SELECT * FROM `tb_account` WHERE ( name='李佳爱' )  [ RunTime:0.0000s ]
INFO: [ view_parse ] --START--
INFO: [ template_filter ] --START--
INFO: Run Behavior\ContentReplaceBehavior [ RunTime:0.000000s ]
INFO: [ template_filter ] --END-- [ RunTime:0.000000s ]
INFO: Run Behavior\ParseTemplateBehavior [ RunTime:0.062400s ]
INFO: [ view_parse ] --END-- [ RunTime:0.062400s ]
INFO: [ view_filter ] --START--
INFO: Run Behavior\WriteHtmlCacheBehavior [ RunTime:0.000000s ]
INFO: [ view_filter ] --END-- [ RunTime:0.000000s ]
INFO: [ app_end ] --START--
INFO: Run Behavior\ShowPageTraceBehavior [ RunTime:0.000000s ]
INFO: [ app_end ] --END-- [ RunTime:0.000000s ]

[ 2018-06-03T17:41:06+08:00 ] ::1 /classroomorder_ThinkPHP/index.php/Index/order
INFO: [ app_init ] --START--
INFO: Run Behavior\BuildLiteBehavior [ RunTime:0.000000s ]
INFO: [ app_init ] --END-- [ RunTime:0.000000s ]
INFO: [ app_begin ] --START--
INFO: Run Behavior\ReadHtmlCacheBehavior [ RunTime:0.000000s ]
INFO: [ app_begin ] --END-- [ RunTime:0.000000s ]
NOTIC: [8] Undefined index: date D:\phpStudy2018\PHPTutorial\WWW\classroomorder_ThinkPHP\App\Home\Controller\IndexController.class.php 第 452 行.
NOTIC: [8] Undefined index: time D:\phpStudy2018\PHPTutorial\WWW\classroomorder_ThinkPHP\App\Home\Controller\IndexController.class.php 第 455 行.
NOTIC: [8] Undefined index: number D:\phpStudy2018\PHPTutorial\WWW\classroomorder_ThinkPHP\App\Home\Controller\IndexController.class.php 第 459 行.
NOTIC: [8] Undefined index: reason D:\phpStudy2018\PHPTutorial\WWW\classroomorder_ThinkPHP\App\Home\Controller\IndexController.class.php 第 464 行.
SQL: SHOW COLUMNS FROM `tb_classroominfo` [ RunTime:0.0000s ]
SQL: SELECT `address` FROM `tb_classroominfo` WHERE ( number IN('') ) LIMIT 1   [ RunTime:0.0000s ]
SQL: SHOW COLUMNS FROM `tb_orderrecord` [ RunTime:0.0156s ]
SQL: SHOW COLUMNS FROM `tb_orderoperation` [ RunTime:0.0156s ]
SQL: SELECT COUNT(*) AS tp_count FROM `tb_orderoperation` WHERE `number` = null AND `time` = null AND `orderdate` = null LIMIT 1   [ RunTime:0.0000s ]
SQL: INSERT into tb_orderoperation (number,address,orderdate,time,user,reason) values('','','','','李佳爱','') [ RunTime:0.0000s ]
SQL: INSERT into tb_orderrecord (number,address,orderdate,time,user,reason,result) values('','','','','李佳爱','','待处理') [ RunTime:0.0312s ]

[ 2018-06-03T17:43:28+08:00 ] ::1 /classroomorder_ThinkPHP/index.php/Index/infoUserFind
INFO: [ app_init ] --START--
INFO: Run Behavior\BuildLiteBehavior [ RunTime:0.000000s ]
INFO: [ app_init ] --END-- [ RunTime:0.000000s ]
INFO: [ app_begin ] --START--
INFO: Run Behavior\ReadHtmlCacheBehavior [ RunTime:0.000000s ]
INFO: [ app_begin ] --END-- [ RunTime:0.000000s ]
SQL: SHOW COLUMNS FROM `tb_account` [ RunTime:0.0000s ]
SQL: SELECT * FROM `tb_account` WHERE ( name='李佳爱' )  [ RunTime:0.0000s ]
INFO: [ view_parse ] --START--
INFO: [ template_filter ] --START--
INFO: Run Behavior\ContentReplaceBehavior [ RunTime:0.000000s ]
INFO: [ template_filter ] --END-- [ RunTime:0.000000s ]
INFO: Run Behavior\ParseTemplateBehavior [ RunTime:0.015600s ]
INFO: [ view_parse ] --END-- [ RunTime:0.015600s ]
INFO: [ view_filter ] --START--
INFO: Run Behavior\WriteHtmlCacheBehavior [ RunTime:0.000000s ]
INFO: [ view_filter ] --END-- [ RunTime:0.000000s ]
INFO: [ app_end ] --START--
INFO: Run Behavior\ShowPageTraceBehavior [ RunTime:0.015600s ]
INFO: [ app_end ] --END-- [ RunTime:0.015600s ]

[ 2018-06-03T17:43:35+08:00 ] ::1 /classroomorder_ThinkPHP/index.php/Index/infoUserFind
INFO: [ app_init ] --START--
INFO: Run Behavior\BuildLiteBehavior [ RunTime:0.000000s ]
INFO: [ app_init ] --END-- [ RunTime:0.000000s ]
INFO: [ app_begin ] --START--
INFO: Run Behavior\ReadHtmlCacheBehavior [ RunTime:0.000000s ]
INFO: [ app_begin ] --END-- [ RunTime:0.000000s ]
SQL: SHOW COLUMNS FROM `tb_account` [ RunTime:0.0000s ]
SQL: SELECT * FROM `tb_account` WHERE ( name='李佳爱' )  [ RunTime:0.0000s ]
INFO: [ view_parse ] --START--
INFO: [ template_filter ] --START--
INFO: Run Behavior\ContentReplaceBehavior [ RunTime:0.000000s ]
INFO: [ template_filter ] --END-- [ RunTime:0.000000s ]
INFO: Run Behavior\ParseTemplateBehavior [ RunTime:0.015600s ]
INFO: [ view_parse ] --END-- [ RunTime:0.015600s ]
INFO: [ view_filter ] --START--
INFO: Run Behavior\WriteHtmlCacheBehavior [ RunTime:0.000000s ]
INFO: [ view_filter ] --END-- [ RunTime:0.000000s ]
INFO: [ app_end ] --START--
INFO: Run Behavior\ShowPageTraceBehavior [ RunTime:0.015600s ]
INFO: [ app_end ] --END-- [ RunTime:0.015600s ]

[ 2018-06-03T17:43:37+08:00 ] ::1 /classroomorder_ThinkPHP/index.php/Index/orderUser
INFO: [ app_init ] --START--
INFO: Run Behavior\BuildLiteBehavior [ RunTime:0.000000s ]
INFO: [ app_init ] --END-- [ RunTime:0.000000s ]
INFO: [ app_begin ] --START--
INFO: Run Behavior\ReadHtmlCacheBehavior [ RunTime:0.000000s ]
INFO: [ app_begin ] --END-- [ RunTime:0.000000s ]
SQL: SHOW COLUMNS FROM `tb_classroominfo` [ RunTime:0.0000s ]
SQL: SELECT * FROM `tb_classroominfo`  [ RunTime:0.0000s ]
INFO: [ view_parse ] --START--
INFO: [ template_filter ] --START--
INFO: Run Behavior\ContentReplaceBehavior [ RunTime:0.000000s ]
INFO: [ template_filter ] --END-- [ RunTime:0.000000s ]
INFO: Run Behavior\ParseTemplateBehavior [ RunTime:0.015600s ]
INFO: [ view_parse ] --END-- [ RunTime:0.015600s ]
INFO: [ view_filter ] --START--
INFO: Run Behavior\WriteHtmlCacheBehavior [ RunTime:0.015600s ]
INFO: [ view_filter ] --END-- [ RunTime:0.015600s ]
INFO: [ app_end ] --START--
INFO: Run Behavior\ShowPageTraceBehavior [ RunTime:0.000000s ]
INFO: [ app_end ] --END-- [ RunTime:0.000000s ]

[ 2018-06-03T17:44:45+08:00 ] ::1 /classroomorder_ThinkPHP/index.php/Index/classroomOrder
INFO: [ app_init ] --START--
INFO: Run Behavior\BuildLiteBehavior [ RunTime:0.000000s ]
INFO: [ app_init ] --END-- [ RunTime:0.000000s ]
INFO: [ app_begin ] --START--
INFO: Run Behavior\ReadHtmlCacheBehavior [ RunTime:0.015600s ]
INFO: [ app_begin ] --END-- [ RunTime:0.015600s ]
SQL: SHOW COLUMNS FROM `tb_classroominfo` [ RunTime:0.0000s ]
SQL: SELECT * FROM `tb_classroominfo`  [ RunTime:0.0000s ]
SQL: SELECT `capacity` FROM `tb_classroominfo` WHERE ( number IN('12308') ) LIMIT 1   [ RunTime:0.0000s ]
SQL: SELECT `configuration` FROM `tb_classroominfo` WHERE ( number IN('12308') ) LIMIT 1   [ RunTime:0.0000s ]

[ 2018-06-03T17:44:53+08:00 ] ::1 /classroomorder_ThinkPHP/index.php/Index/order
INFO: [ app_init ] --START--
INFO: Run Behavior\BuildLiteBehavior [ RunTime:0.000000s ]
INFO: [ app_init ] --END-- [ RunTime:0.000000s ]
INFO: [ app_begin ] --START--
INFO: Run Behavior\ReadHtmlCacheBehavior [ RunTime:0.000000s ]
INFO: [ app_begin ] --END-- [ RunTime:0.000000s ]
NOTIC: [8] Undefined index: reason D:\phpStudy2018\PHPTutorial\WWW\classroomorder_ThinkPHP\App\Home\Controller\IndexController.class.php 第 464 行.
SQL: SHOW COLUMNS FROM `tb_classroominfo` [ RunTime:0.0000s ]
SQL: SELECT `address` FROM `tb_classroominfo` WHERE ( number IN('12308') ) LIMIT 1   [ RunTime:0.0000s ]
SQL: SHOW COLUMNS FROM `tb_orderrecord` [ RunTime:0.0156s ]
SQL: SHOW COLUMNS FROM `tb_orderoperation` [ RunTime:0.0000s ]
SQL: SELECT COUNT(*) AS tp_count FROM `tb_orderoperation` WHERE `number` = '12308' AND `time` = '1-2节' AND `orderdate` = '2018-06-05' LIMIT 1   [ RunTime:0.0000s ]
SQL: INSERT into tb_orderoperation (number,address,orderdate,time,user,reason) values('12308','宏德楼2栋308','2018-06-05','1-2节','李佳爱','') [ RunTime:0.0000s ]
SQL: INSERT into tb_orderrecord (number,address,orderdate,time,user,reason,result) values('12308','宏德楼2栋308','2018-06-05','1-2节','李佳爱','','待处理') [ RunTime:0.0000s ]

[ 2018-06-03T17:44:55+08:00 ] ::1 /classroomorder_ThinkPHP/index.php/Index/orderUser
INFO: [ app_init ] --START--
INFO: Run Behavior\BuildLiteBehavior [ RunTime:0.000000s ]
INFO: [ app_init ] --END-- [ RunTime:0.000000s ]
INFO: [ app_begin ] --START--
INFO: Run Behavior\ReadHtmlCacheBehavior [ RunTime:0.000000s ]
INFO: [ app_begin ] --END-- [ RunTime:0.000000s ]
SQL: SHOW COLUMNS FROM `tb_classroominfo` [ RunTime:0.0000s ]
SQL: SELECT * FROM `tb_classroominfo`  [ RunTime:0.0000s ]
INFO: [ view_parse ] --START--
INFO: [ template_filter ] --START--
INFO: Run Behavior\ContentReplaceBehavior [ RunTime:0.000000s ]
INFO: [ template_filter ] --END-- [ RunTime:0.000000s ]
INFO: Run Behavior\ParseTemplateBehavior [ RunTime:0.031200s ]
INFO: [ view_parse ] --END-- [ RunTime:0.031200s ]
INFO: [ view_filter ] --START--
INFO: Run Behavior\WriteHtmlCacheBehavior [ RunTime:0.000000s ]
INFO: [ view_filter ] --END-- [ RunTime:0.000000s ]
INFO: [ app_end ] --START--
INFO: Run Behavior\ShowPageTraceBehavior [ RunTime:0.000000s ]
INFO: [ app_end ] --END-- [ RunTime:0.000000s ]

[ 2018-06-03T17:45:02+08:00 ] ::1 /classroomorder_ThinkPHP/index.php/Index/orderresultUser.html
INFO: [ app_init ] --START--
INFO: Run Behavior\BuildLiteBehavior [ RunTime:0.000000s ]
INFO: [ app_init ] --END-- [ RunTime:0.000000s ]
INFO: [ app_begin ] --START--
INFO: Run Behavior\ReadHtmlCacheBehavior [ RunTime:0.015600s ]
INFO: [ app_begin ] --END-- [ RunTime:0.015600s ]
INFO: [ view_parse ] --START--
INFO: [ template_filter ] --START--
INFO: Run Behavior\ContentReplaceBehavior [ RunTime:0.000000s ]
INFO: [ template_filter ] --END-- [ RunTime:0.000000s ]
NOTIC: [8] Undefined variable: list D:\phpStudy2018\PHPTutorial\WWW\classroomorder_ThinkPHP\App\Runtime\Cache\Home\00fd25e037907dd393211801c3518031.php 第 85 行.
NOTIC: [8] Undefined variable: data D:\phpStudy2018\PHPTutorial\WWW\classroomorder_ThinkPHP\App\Runtime\Cache\Home\00fd25e037907dd393211801c3518031.php 第 101 行.
INFO: Run Behavior\ParseTemplateBehavior [ RunTime:0.015600s ]
INFO: [ view_parse ] --END-- [ RunTime:0.015600s ]
INFO: [ view_filter ] --START--
INFO: Run Behavior\WriteHtmlCacheBehavior [ RunTime:0.000000s ]
INFO: [ view_filter ] --END-- [ RunTime:0.000000s ]
INFO: [ app_end ] --START--
INFO: Run Behavior\ShowPageTraceBehavior [ RunTime:0.000000s ]
INFO: [ app_end ] --END-- [ RunTime:0.000000s ]

[ 2018-06-03T17:45:04+08:00 ] ::1 /classroomorder_ThinkPHP/index.php/Index/orderinfo
INFO: [ app_init ] --START--
INFO: Run Behavior\BuildLiteBehavior [ RunTime:0.000000s ]
INFO: [ app_init ] --END-- [ RunTime:0.000000s ]
INFO: [ app_begin ] --START--
INFO: Run Behavior\ReadHtmlCacheBehavior [ RunTime:0.000000s ]
INFO: [ app_begin ] --END-- [ RunTime:0.000000s ]
SQL: SHOW COLUMNS FROM `tb_orderrecord` [ RunTime:0.0000s ]
SQL: SELECT COUNT(*) AS tp_count FROM `tb_orderrecord` WHERE ( user='李佳爱' ) LIMIT 1   [ RunTime:0.0000s ]
SQL: SELECT * FROM `tb_orderrecord` WHERE ( user='李佳爱' ) LIMIT 0,10   [ RunTime:0.0000s ]
INFO: [ view_parse ] --START--
INFO: [ template_filter ] --START--
INFO: Run Behavior\ContentReplaceBehavior [ RunTime:0.000000s ]
INFO: [ template_filter ] --END-- [ RunTime:0.000000s ]
INFO: Run Behavior\ParseTemplateBehavior [ RunTime:0.031200s ]
INFO: [ view_parse ] --END-- [ RunTime:0.031200s ]
INFO: [ view_filter ] --START--
INFO: Run Behavior\WriteHtmlCacheBehavior [ RunTime:0.000000s ]
INFO: [ view_filter ] --END-- [ RunTime:0.000000s ]

[ 2018-06-03T17:45:43+08:00 ] ::1 /classroomorder_ThinkPHP/index.php/Index/deleteorder/id/72
INFO: [ app_init ] --START--
INFO: Run Behavior\BuildLiteBehavior [ RunTime:0.000000s ]
INFO: [ app_init ] --END-- [ RunTime:0.015600s ]
INFO: [ app_begin ] --START--
INFO: Run Behavior\ReadHtmlCacheBehavior [ RunTime:0.000000s ]
INFO: [ app_begin ] --END-- [ RunTime:0.000000s ]
NOTIC: [8] Undefined variable: number D:\phpStudy2018\PHPTutorial\WWW\classroomorder_ThinkPHP\App\Home\Controller\IndexController.class.php 第 546 行.
SQL: SHOW COLUMNS FROM `tb_orderrecord` [ RunTime:0.0000s ]
SQL: DELETE FROM `tb_orderrecord` WHERE `id` = 72 [ RunTime:0.0000s ]
INFO: [ view_parse ] --START--
INFO: [ template_filter ] --START--
INFO: Run Behavior\ContentReplaceBehavior [ RunTime:0.000000s ]
INFO: [ template_filter ] --END-- [ RunTime:0.000000s ]
INFO: Run Behavior\ParseTemplateBehavior [ RunTime:0.015600s ]
INFO: [ view_parse ] --END-- [ RunTime:0.015600s ]
INFO: [ view_filter ] --START--
INFO: Run Behavior\WriteHtmlCacheBehavior [ RunTime:0.000000s ]
INFO: [ view_filter ] --END-- [ RunTime:0.000000s ]
INFO: [ app_end ] --START--
INFO: Run Behavior\ShowPageTraceBehavior [ RunTime:0.015600s ]
INFO: [ app_end ] --END-- [ RunTime:0.015600s ]

[ 2018-06-03T17:45:44+08:00 ] ::1 /classroomorder_ThinkPHP/index.php/Index/orderresultUser.html
INFO: [ app_init ] --START--
INFO: Run Behavior\BuildLiteBehavior [ RunTime:0.000000s ]
INFO: [ app_init ] --END-- [ RunTime:0.000000s ]
INFO: [ app_begin ] --START--
INFO: Run Behavior\ReadHtmlCacheBehavior [ RunTime:0.000000s ]
INFO: [ app_begin ] --END-- [ RunTime:0.000000s ]
INFO: [ view_parse ] --START--
INFO: [ template_filter ] --START--
INFO: Run Behavior\ContentReplaceBehavior [ RunTime:0.000000s ]
INFO: [ template_filter ] --END-- [ RunTime:0.000000s ]
NOTIC: [8] Undefined variable: list D:\phpStudy2018\PHPTutorial\WWW\classroomorder_ThinkPHP\App\Runtime\Cache\Home\00fd25e037907dd393211801c3518031.php 第 85 行.
NOTIC: [8] Undefined variable: data D:\phpStudy2018\PHPTutorial\WWW\classroomorder_ThinkPHP\App\Runtime\Cache\Home\00fd25e037907dd393211801c3518031.php 第 101 行.
INFO: Run Behavior\ParseTemplateBehavior [ RunTime:0.015600s ]
INFO: [ view_parse ] --END-- [ RunTime:0.015600s ]
INFO: [ view_filter ] --START--
INFO: Run Behavior\WriteHtmlCacheBehavior [ RunTime:0.000000s ]
INFO: [ view_filter ] --END-- [ RunTime:0.000000s ]
INFO: [ app_end ] --START--
INFO: Run Behavior\ShowPageTraceBehavior [ RunTime:0.000000s ]
INFO: [ app_end ] --END-- [ RunTime:0.000000s ]

[ 2018-06-03T17:45:46+08:00 ] ::1 /classroomorder_ThinkPHP/index.php/Index/orderinfo
INFO: [ app_init ] --START--
INFO: Run Behavior\BuildLiteBehavior [ RunTime:0.000000s ]
INFO: [ app_init ] --END-- [ RunTime:0.000000s ]
INFO: [ app_begin ] --START--
INFO: Run Behavior\ReadHtmlCacheBehavior [ RunTime:0.000000s ]
INFO: [ app_begin ] --END-- [ RunTime:0.000000s ]
SQL: SHOW COLUMNS FROM `tb_orderrecord` [ RunTime:0.0000s ]
SQL: SELECT COUNT(*) AS tp_count FROM `tb_orderrecord` WHERE ( user='李佳爱' ) LIMIT 1   [ RunTime:0.0000s ]
SQL: SELECT * FROM `tb_orderrecord` WHERE ( user='李佳爱' ) LIMIT 0,10   [ RunTime:0.0000s ]
INFO: [ view_parse ] --START--
INFO: [ template_filter ] --START--
INFO: Run Behavior\ContentReplaceBehavior [ RunTime:0.000000s ]
INFO: [ template_filter ] --END-- [ RunTime:0.000000s ]
INFO: Run Behavior\ParseTemplateBehavior [ RunTime:0.031200s ]
INFO: [ view_parse ] --END-- [ RunTime:0.031200s ]
INFO: [ view_filter ] --START--
INFO: Run Behavior\WriteHtmlCacheBehavior [ RunTime:0.000000s ]
INFO: [ view_filter ] --END-- [ RunTime:0.000000s ]

[ 2018-06-03T17:51:18+08:00 ] ::1 /classroomorder_ThinkPHP/index.php/Index/orderresultUser.html
INFO: [ app_init ] --START--
INFO: Run Behavior\BuildLiteBehavior [ RunTime:0.000000s ]
INFO: [ app_init ] --END-- [ RunTime:0.000000s ]
INFO: [ app_begin ] --START--
INFO: Run Behavior\ReadHtmlCacheBehavior [ RunTime:0.000000s ]
INFO: [ app_begin ] --END-- [ RunTime:0.000000s ]
INFO: [ view_parse ] --START--
INFO: [ template_filter ] --START--
INFO: Run Behavior\ContentReplaceBehavior [ RunTime:0.000000s ]
INFO: [ template_filter ] --END-- [ RunTime:0.000000s ]
NOTIC: [8] Undefined variable: list D:\phpStudy2018\PHPTutorial\WWW\classroomorder_ThinkPHP\App\Runtime\Cache\Home\00fd25e037907dd393211801c3518031.php 第 85 行.
NOTIC: [8] Undefined variable: data D:\phpStudy2018\PHPTutorial\WWW\classroomorder_ThinkPHP\App\Runtime\Cache\Home\00fd25e037907dd393211801c3518031.php 第 101 行.
INFO: Run Behavior\ParseTemplateBehavior [ RunTime:0.046800s ]
INFO: [ view_parse ] --END-- [ RunTime:0.046800s ]
INFO: [ view_filter ] --START--
INFO: Run Behavior\WriteHtmlCacheBehavior [ RunTime:0.000000s ]
INFO: [ view_filter ] --END-- [ RunTime:0.000000s ]
INFO: [ app_end ] --START--
INFO: Run Behavior\ShowPageTraceBehavior [ RunTime:0.000000s ]
INFO: [ app_end ] --END-- [ RunTime:0.000000s ]

[ 2018-06-03T17:51:20+08:00 ] ::1 /classroomorder_ThinkPHP/index.php/Index/orderinfo
INFO: [ app_init ] --START--
INFO: Run Behavior\BuildLiteBehavior [ RunTime:0.000000s ]
INFO: [ app_init ] --END-- [ RunTime:0.000000s ]
INFO: [ app_begin ] --START--
INFO: Run Behavior\ReadHtmlCacheBehavior [ RunTime:0.000000s ]
INFO: [ app_begin ] --END-- [ RunTime:0.000000s ]
SQL: SHOW COLUMNS FROM `tb_orderrecord` [ RunTime:0.0000s ]
SQL: SELECT COUNT(*) AS tp_count FROM `tb_orderrecord` WHERE ( user='李佳爱' ) LIMIT 1   [ RunTime:0.0000s ]
SQL: SELECT * FROM `tb_orderrecord` WHERE ( user='李佳爱' ) LIMIT 0,10   [ RunTime:0.0000s ]
INFO: [ view_parse ] --START--
INFO: [ template_filter ] --START--
INFO: Run Behavior\ContentReplaceBehavior [ RunTime:0.000000s ]
INFO: [ template_filter ] --END-- [ RunTime:0.000000s ]
INFO: Run Behavior\ParseTemplateBehavior [ RunTime:0.015600s ]
INFO: [ view_parse ] --END-- [ RunTime:0.015600s ]
INFO: [ view_filter ] --START--
INFO: Run Behavior\WriteHtmlCacheBehavior [ RunTime:0.000000s ]
INFO: [ view_filter ] --END-- [ RunTime:0.000000s ]

[ 2018-06-03T17:51:24+08:00 ] ::1 /classroomorder_ThinkPHP/index.php/Index/deleteorder/id/73
INFO: [ app_init ] --START--
INFO: Run Behavior\BuildLiteBehavior [ RunTime:0.000000s ]
INFO: [ app_init ] --END-- [ RunTime:0.000000s ]
INFO: [ app_begin ] --START--
INFO: Run Behavior\ReadHtmlCacheBehavior [ RunTime:0.000000s ]
INFO: [ app_begin ] --END-- [ RunTime:0.000000s ]
NOTIC: [8] Undefined variable: number D:\phpStudy2018\PHPTutorial\WWW\classroomorder_ThinkPHP\App\Home\Controller\IndexController.class.php 第 546 行.
SQL: SHOW COLUMNS FROM `tb_orderrecord` [ RunTime:0.0000s ]
SQL: DELETE FROM `tb_orderrecord` WHERE `id` = 73 [ RunTime:0.0000s ]

[ 2018-06-03T17:51:24+08:00 ] ::1 /classroomorder_ThinkPHP/index.php/Index/orderresultUser.html
INFO: [ app_init ] --START--
INFO: Run Behavior\BuildLiteBehavior [ RunTime:0.000000s ]
INFO: [ app_init ] --END-- [ RunTime:0.000000s ]
INFO: [ app_begin ] --START--
INFO: Run Behavior\ReadHtmlCacheBehavior [ RunTime:0.000000s ]
INFO: [ app_begin ] --END-- [ RunTime:0.000000s ]
INFO: [ view_parse ] --START--
INFO: [ template_filter ] --START--
INFO: Run Behavior\ContentReplaceBehavior [ RunTime:0.000000s ]
INFO: [ template_filter ] --END-- [ RunTime:0.000000s ]
NOTIC: [8] Undefined variable: list D:\phpStudy2018\PHPTutorial\WWW\classroomorder_ThinkPHP\App\Runtime\Cache\Home\00fd25e037907dd393211801c3518031.php 第 85 行.
NOTIC: [8] Undefined variable: data D:\phpStudy2018\PHPTutorial\WWW\classroomorder_ThinkPHP\App\Runtime\Cache\Home\00fd25e037907dd393211801c3518031.php 第 101 行.
INFO: Run Behavior\ParseTemplateBehavior [ RunTime:0.015600s ]
INFO: [ view_parse ] --END-- [ RunTime:0.015600s ]
INFO: [ view_filter ] --START--
INFO: Run Behavior\WriteHtmlCacheBehavior [ RunTime:0.000000s ]
INFO: [ view_filter ] --END-- [ RunTime:0.000000s ]
INFO: [ app_end ] --START--
INFO: Run Behavior\ShowPageTraceBehavior [ RunTime:0.000000s ]
INFO: [ app_end ] --END-- [ RunTime:0.000000s ]

[ 2018-06-03T17:51:25+08:00 ] ::1 /classroomorder_ThinkPHP/index.php/Index/orderinfo
INFO: [ app_init ] --START--
INFO: Run Behavior\BuildLiteBehavior [ RunTime:0.000000s ]
INFO: [ app_init ] --END-- [ RunTime:0.000000s ]
INFO: [ app_begin ] --START--
INFO: Run Behavior\ReadHtmlCacheBehavior [ RunTime:0.000000s ]
INFO: [ app_begin ] --END-- [ RunTime:0.000000s ]
SQL: SHOW COLUMNS FROM `tb_orderrecord` [ RunTime:0.0000s ]
SQL: SELECT COUNT(*) AS tp_count FROM `tb_orderrecord` WHERE ( user='李佳爱' ) LIMIT 1   [ RunTime:0.0000s ]
SQL: SELECT * FROM `tb_orderrecord` WHERE ( user='李佳爱' ) LIMIT 0,10   [ RunTime:0.0000s ]
INFO: [ view_parse ] --START--
INFO: [ template_filter ] --START--
INFO: Run Behavior\ContentReplaceBehavior [ RunTime:0.000000s ]
INFO: [ template_filter ] --END-- [ RunTime:0.000000s ]
INFO: Run Behavior\ParseTemplateBehavior [ RunTime:0.031200s ]
INFO: [ view_parse ] --END-- [ RunTime:0.031200s ]
INFO: [ view_filter ] --START--
INFO: Run Behavior\WriteHtmlCacheBehavior [ RunTime:0.000000s ]
INFO: [ view_filter ] --END-- [ RunTime:0.000000s ]

[ 2018-06-03T17:55:37+08:00 ] ::1 /classroomorder_ThinkPHP/index.php/Index/orderresultUser.html
INFO: [ app_init ] --START--
INFO: Run Behavior\BuildLiteBehavior [ RunTime:0.000000s ]
INFO: [ app_init ] --END-- [ RunTime:0.000000s ]
INFO: [ app_begin ] --START--
INFO: Run Behavior\ReadHtmlCacheBehavior [ RunTime:0.000000s ]
INFO: [ app_begin ] --END-- [ RunTime:0.000000s ]
INFO: [ view_parse ] --START--
INFO: [ template_filter ] --START--
INFO: Run Behavior\ContentReplaceBehavior [ RunTime:0.000000s ]
INFO: [ template_filter ] --END-- [ RunTime:0.000000s ]
NOTIC: [8] Undefined variable: list D:\phpStudy2018\PHPTutorial\WWW\classroomorder_ThinkPHP\App\Runtime\Cache\Home\00fd25e037907dd393211801c3518031.php 第 85 行.
NOTIC: [8] Undefined variable: data D:\phpStudy2018\PHPTutorial\WWW\classroomorder_ThinkPHP\App\Runtime\Cache\Home\00fd25e037907dd393211801c3518031.php 第 101 行.
INFO: Run Behavior\ParseTemplateBehavior [ RunTime:0.031200s ]
INFO: [ view_parse ] --END-- [ RunTime:0.031200s ]
INFO: [ view_filter ] --START--
INFO: Run Behavior\WriteHtmlCacheBehavior [ RunTime:0.000000s ]
INFO: [ view_filter ] --END-- [ RunTime:0.000000s ]
INFO: [ app_end ] --START--
INFO: Run Behavior\ShowPageTraceBehavior [ RunTime:0.000000s ]
INFO: [ app_end ] --END-- [ RunTime:0.000000s ]

[ 2018-06-03T17:55:39+08:00 ] ::1 /classroomorder_ThinkPHP/index.php/Index/orderinfo
INFO: [ app_init ] --START--
INFO: Run Behavior\BuildLiteBehavior [ RunTime:0.000000s ]
INFO: [ app_init ] --END-- [ RunTime:0.000000s ]
INFO: [ app_begin ] --START--
INFO: Run Behavior\ReadHtmlCacheBehavior [ RunTime:0.000000s ]
INFO: [ app_begin ] --END-- [ RunTime:0.000000s ]
SQL: SHOW COLUMNS FROM `tb_orderrecord` [ RunTime:0.0000s ]
SQL: SELECT COUNT(*) AS tp_count FROM `tb_orderrecord` WHERE ( user='李佳爱' ) LIMIT 1   [ RunTime:0.0000s ]
SQL: SELECT * FROM `tb_orderrecord` WHERE ( user='李佳爱' ) LIMIT 0,10   [ RunTime:0.0000s ]
INFO: [ view_parse ] --START--
INFO: [ template_filter ] --START--
INFO: Run Behavior\ContentReplaceBehavior [ RunTime:0.000000s ]
INFO: [ template_filter ] --END-- [ RunTime:0.000000s ]
INFO: Run Behavior\ParseTemplateBehavior [ RunTime:0.015600s ]
INFO: [ view_parse ] --END-- [ RunTime:0.015600s ]
INFO: [ view_filter ] --START--
INFO: Run Behavior\WriteHtmlCacheBehavior [ RunTime:0.000000s ]
INFO: [ view_filter ] --END-- [ RunTime:0.000000s ]

[ 2018-06-03T17:55:43+08:00 ] ::1 /classroomorder_ThinkPHP/index.php/Index/deleteorder/id/74
INFO: [ app_init ] --START--
INFO: Run Behavior\BuildLiteBehavior [ RunTime:0.000000s ]
INFO: [ app_init ] --END-- [ RunTime:0.000000s ]
INFO: [ app_begin ] --START--
INFO: Run Behavior\ReadHtmlCacheBehavior [ RunTime:0.000000s ]
INFO: [ app_begin ] --END-- [ RunTime:0.000000s ]
NOTIC: [8] Undefined variable: number D:\phpStudy2018\PHPTutorial\WWW\classroomorder_ThinkPHP\App\Home\Controller\IndexController.class.php 第 546 行.
SQL: SHOW COLUMNS FROM `tb_orderrecord` [ RunTime:0.0000s ]
SQL: DELETE FROM `tb_orderrecord` WHERE `id` = 74 [ RunTime:0.0000s ]

[ 2018-06-03T17:55:44+08:00 ] ::1 /classroomorder_ThinkPHP/index.php/Index/orderresultUser.html
INFO: [ app_init ] --START--
INFO: Run Behavior\BuildLiteBehavior [ RunTime:0.000000s ]
INFO: [ app_init ] --END-- [ RunTime:0.000000s ]
INFO: [ app_begin ] --START--
INFO: Run Behavior\ReadHtmlCacheBehavior [ RunTime:0.000000s ]
INFO: [ app_begin ] --END-- [ RunTime:0.000000s ]
INFO: [ view_parse ] --START--
INFO: [ template_filter ] --START--
INFO: Run Behavior\ContentReplaceBehavior [ RunTime:0.000000s ]
INFO: [ template_filter ] --END-- [ RunTime:0.000000s ]
NOTIC: [8] Undefined variable: list D:\phpStudy2018\PHPTutorial\WWW\classroomorder_ThinkPHP\App\Runtime\Cache\Home\00fd25e037907dd393211801c3518031.php 第 85 行.
NOTIC: [8] Undefined variable: data D:\phpStudy2018\PHPTutorial\WWW\classroomorder_ThinkPHP\App\Runtime\Cache\Home\00fd25e037907dd393211801c3518031.php 第 101 行.
INFO: Run Behavior\ParseTemplateBehavior [ RunTime:0.031200s ]
INFO: [ view_parse ] --END-- [ RunTime:0.031200s ]
INFO: [ view_filter ] --START--
INFO: Run Behavior\WriteHtmlCacheBehavior [ RunTime:0.000000s ]
INFO: [ view_filter ] --END-- [ RunTime:0.000000s ]
INFO: [ app_end ] --START--
INFO: Run Behavior\ShowPageTraceBehavior [ RunTime:0.000000s ]
INFO: [ app_end ] --END-- [ RunTime:0.000000s ]

[ 2018-06-03T17:55:45+08:00 ] ::1 /classroomorder_ThinkPHP/index.php/Index/orderinfo
INFO: [ app_init ] --START--
INFO: Run Behavior\BuildLiteBehavior [ RunTime:0.000000s ]
INFO: [ app_init ] --END-- [ RunTime:0.000000s ]
INFO: [ app_begin ] --START--
INFO: Run Behavior\ReadHtmlCacheBehavior [ RunTime:0.000000s ]
INFO: [ app_begin ] --END-- [ RunTime:0.000000s ]
SQL: SHOW COLUMNS FROM `tb_orderrecord` [ RunTime:0.0000s ]
SQL: SELECT COUNT(*) AS tp_count FROM `tb_orderrecord` WHERE ( user='李佳爱' ) LIMIT 1   [ RunTime:0.0000s ]
SQL: SELECT * FROM `tb_orderrecord` WHERE ( user='李佳爱' ) LIMIT 0,10   [ RunTime:0.0000s ]
INFO: [ view_parse ] --START--
INFO: [ template_filter ] --START--
INFO: Run Behavior\ContentReplaceBehavior [ RunTime:0.000000s ]
INFO: [ template_filter ] --END-- [ RunTime:0.000000s ]
INFO: Run Behavior\ParseTemplateBehavior [ RunTime:0.015600s ]
INFO: [ view_parse ] --END-- [ RunTime:0.015600s ]
INFO: [ view_filter ] --START--
INFO: Run Behavior\WriteHtmlCacheBehavior [ RunTime:0.000000s ]
INFO: [ view_filter ] --END-- [ RunTime:0.000000s ]

[ 2018-06-03T17:56:41+08:00 ] ::1 /classroomorder_ThinkPHP/index.php/Index/orderresultUser.html
INFO: [ app_init ] --START--
INFO: Run Behavior\BuildLiteBehavior [ RunTime:0.000000s ]
INFO: [ app_init ] --END-- [ RunTime:0.000000s ]
INFO: [ app_begin ] --START--
INFO: Run Behavior\ReadHtmlCacheBehavior [ RunTime:0.000000s ]
INFO: [ app_begin ] --END-- [ RunTime:0.000000s ]
INFO: [ view_parse ] --START--
INFO: [ template_filter ] --START--
INFO: Run Behavior\ContentReplaceBehavior [ RunTime:0.000000s ]
INFO: [ template_filter ] --END-- [ RunTime:0.000000s ]
NOTIC: [8] Undefined variable: list D:\phpStudy2018\PHPTutorial\WWW\classroomorder_ThinkPHP\App\Runtime\Cache\Home\00fd25e037907dd393211801c3518031.php 第 85 行.
NOTIC: [8] Undefined variable: data D:\phpStudy2018\PHPTutorial\WWW\classroomorder_ThinkPHP\App\Runtime\Cache\Home\00fd25e037907dd393211801c3518031.php 第 101 行.
INFO: Run Behavior\ParseTemplateBehavior [ RunTime:0.015600s ]
INFO: [ view_parse ] --END-- [ RunTime:0.015600s ]
INFO: [ view_filter ] --START--
INFO: Run Behavior\WriteHtmlCacheBehavior [ RunTime:0.000000s ]
INFO: [ view_filter ] --END-- [ RunTime:0.000000s ]
INFO: [ app_end ] --START--
INFO: Run Behavior\ShowPageTraceBehavior [ RunTime:0.000000s ]
INFO: [ app_end ] --END-- [ RunTime:0.000000s ]

[ 2018-06-03T17:56:42+08:00 ] ::1 /classroomorder_ThinkPHP/index.php/Index/orderinfo
INFO: [ app_init ] --START--
INFO: Run Behavior\BuildLiteBehavior [ RunTime:0.000000s ]
INFO: [ app_init ] --END-- [ RunTime:0.000000s ]
INFO: [ app_begin ] --START--
INFO: Run Behavior\ReadHtmlCacheBehavior [ RunTime:0.000000s ]
INFO: [ app_begin ] --END-- [ RunTime:0.000000s ]
SQL: SHOW COLUMNS FROM `tb_orderrecord` [ RunTime:0.0000s ]
SQL: SELECT COUNT(*) AS tp_count FROM `tb_orderrecord` WHERE ( user='李佳爱' ) LIMIT 1   [ RunTime:0.0000s ]
SQL: SELECT * FROM `tb_orderrecord` WHERE ( user='李佳爱' ) LIMIT 0,10   [ RunTime:0.0000s ]
INFO: [ view_parse ] --START--
INFO: [ template_filter ] --START--
INFO: Run Behavior\ContentReplaceBehavior [ RunTime:0.000000s ]
INFO: [ template_filter ] --END-- [ RunTime:0.000000s ]
INFO: Run Behavior\ParseTemplateBehavior [ RunTime:0.015600s ]
INFO: [ view_parse ] --END-- [ RunTime:0.015600s ]
INFO: [ view_filter ] --START--
INFO: Run Behavior\WriteHtmlCacheBehavior [ RunTime:0.000000s ]
INFO: [ view_filter ] --END-- [ RunTime:0.000000s ]

[ 2018-06-03T17:56:53+08:00 ] ::1 /classroomorder_ThinkPHP/index.php/Index/deleteorder/id/83
INFO: [ app_init ] --START--
INFO: Run Behavior\BuildLiteBehavior [ RunTime:0.000000s ]
INFO: [ app_init ] --END-- [ RunTime:0.000000s ]
INFO: [ app_begin ] --START--
INFO: Run Behavior\ReadHtmlCacheBehavior [ RunTime:0.000000s ]
INFO: [ app_begin ] --END-- [ RunTime:0.015600s ]
NOTIC: [8] Undefined variable: number D:\phpStudy2018\PHPTutorial\WWW\classroomorder_ThinkPHP\App\Home\Controller\IndexController.class.php 第 546 行.
SQL: SHOW COLUMNS FROM `tb_orderrecord` [ RunTime:0.0000s ]
SQL: DELETE FROM `tb_orderrecord` WHERE `id` = 83 [ RunTime:0.0000s ]

[ 2018-06-03T17:56:53+08:00 ] ::1 /classroomorder_ThinkPHP/index.php/Index/orderresultUser.html
INFO: [ app_init ] --START--
INFO: Run Behavior\BuildLiteBehavior [ RunTime:0.000000s ]
INFO: [ app_init ] --END-- [ RunTime:0.000000s ]
INFO: [ app_begin ] --START--
INFO: Run Behavior\ReadHtmlCacheBehavior [ RunTime:0.000000s ]
INFO: [ app_begin ] --END-- [ RunTime:0.000000s ]
INFO: [ view_parse ] --START--
INFO: [ template_filter ] --START--
INFO: Run Behavior\ContentReplaceBehavior [ RunTime:0.000000s ]
INFO: [ template_filter ] --END-- [ RunTime:0.000000s ]
NOTIC: [8] Undefined variable: list D:\phpStudy2018\PHPTutorial\WWW\classroomorder_ThinkPHP\App\Runtime\Cache\Home\00fd25e037907dd393211801c3518031.php 第 85 行.
NOTIC: [8] Undefined variable: data D:\phpStudy2018\PHPTutorial\WWW\classroomorder_ThinkPHP\App\Runtime\Cache\Home\00fd25e037907dd393211801c3518031.php 第 101 行.
INFO: Run Behavior\ParseTemplateBehavior [ RunTime:0.015600s ]
INFO: [ view_parse ] --END-- [ RunTime:0.015600s ]
INFO: [ view_filter ] --START--
INFO: Run Behavior\WriteHtmlCacheBehavior [ RunTime:0.000000s ]
INFO: [ view_filter ] --END-- [ RunTime:0.000000s ]
INFO: [ app_end ] --START--
INFO: Run Behavior\ShowPageTraceBehavior [ RunTime:0.000000s ]
INFO: [ app_end ] --END-- [ RunTime:0.000000s ]

[ 2018-06-03T17:56:54+08:00 ] ::1 /classroomorder_ThinkPHP/index.php/Index/orderinfo
INFO: [ app_init ] --START--
INFO: Run Behavior\BuildLiteBehavior [ RunTime:0.000000s ]
INFO: [ app_init ] --END-- [ RunTime:0.000000s ]
INFO: [ app_begin ] --START--
INFO: Run Behavior\ReadHtmlCacheBehavior [ RunTime:0.000000s ]
INFO: [ app_begin ] --END-- [ RunTime:0.000000s ]
SQL: SHOW COLUMNS FROM `tb_orderrecord` [ RunTime:0.0000s ]
SQL: SELECT COUNT(*) AS tp_count FROM `tb_orderrecord` WHERE ( user='李佳爱' ) LIMIT 1   [ RunTime:0.0000s ]
SQL: SELECT * FROM `tb_orderrecord` WHERE ( user='李佳爱' ) LIMIT 0,10   [ RunTime:0.0000s ]
INFO: [ view_parse ] --START--
INFO: [ template_filter ] --START--
INFO: Run Behavior\ContentReplaceBehavior [ RunTime:0.000000s ]
INFO: [ template_filter ] --END-- [ RunTime:0.000000s ]
INFO: Run Behavior\ParseTemplateBehavior [ RunTime:0.015600s ]
INFO: [ view_parse ] --END-- [ RunTime:0.015600s ]
INFO: [ view_filter ] --START--
INFO: Run Behavior\WriteHtmlCacheBehavior [ RunTime:0.000000s ]
INFO: [ view_filter ] --END-- [ RunTime:0.000000s ]

[ 2018-06-03T18:05:52+08:00 ] ::1 /classroomorder_ThinkPHP/index.php/Index/orderresultUser.html
INFO: [ app_init ] --START--
INFO: Run Behavior\BuildLiteBehavior [ RunTime:0.000000s ]
INFO: [ app_init ] --END-- [ RunTime:0.000000s ]
INFO: [ app_begin ] --START--
INFO: Run Behavior\ReadHtmlCacheBehavior [ RunTime:0.000000s ]
INFO: [ app_begin ] --END-- [ RunTime:0.000000s ]
INFO: [ view_parse ] --START--
INFO: [ template_filter ] --START--
INFO: Run Behavior\ContentReplaceBehavior [ RunTime:0.015600s ]
INFO: [ template_filter ] --END-- [ RunTime:0.015600s ]
NOTIC: [8] Undefined variable: list D:\phpStudy2018\PHPTutorial\WWW\classroomorder_ThinkPHP\App\Runtime\Cache\Home\00fd25e037907dd393211801c3518031.php 第 85 行.
NOTIC: [8] Undefined variable: data D:\phpStudy2018\PHPTutorial\WWW\classroomorder_ThinkPHP\App\Runtime\Cache\Home\00fd25e037907dd393211801c3518031.php 第 101 行.
INFO: Run Behavior\ParseTemplateBehavior [ RunTime:0.046800s ]
INFO: [ view_parse ] --END-- [ RunTime:0.046800s ]
INFO: [ view_filter ] --START--
INFO: Run Behavior\WriteHtmlCacheBehavior [ RunTime:0.000000s ]
INFO: [ view_filter ] --END-- [ RunTime:0.000000s ]
INFO: [ app_end ] --START--
INFO: Run Behavior\ShowPageTraceBehavior [ RunTime:0.000000s ]
INFO: [ app_end ] --END-- [ RunTime:0.000000s ]

[ 2018-06-03T18:05:53+08:00 ] ::1 /classroomorder_ThinkPHP/index.php/Index/orderinfo
INFO: [ app_init ] --START--
INFO: Run Behavior\BuildLiteBehavior [ RunTime:0.000000s ]
INFO: [ app_init ] --END-- [ RunTime:0.000000s ]
INFO: [ app_begin ] --START--
INFO: Run Behavior\ReadHtmlCacheBehavior [ RunTime:0.000000s ]
INFO: [ app_begin ] --END-- [ RunTime:0.000000s ]
SQL: SHOW COLUMNS FROM `tb_orderrecord` [ RunTime:0.0000s ]
SQL: SELECT COUNT(*) AS tp_count FROM `tb_orderrecord` WHERE ( user='李佳爱' ) LIMIT 1   [ RunTime:0.0000s ]
SQL: SELECT * FROM `tb_orderrecord` WHERE ( user='李佳爱' ) LIMIT 0,10   [ RunTime:0.0000s ]
INFO: [ view_parse ] --START--
INFO: [ template_filter ] --START--
INFO: Run Behavior\ContentReplaceBehavior [ RunTime:0.000000s ]
INFO: [ template_filter ] --END-- [ RunTime:0.000000s ]
INFO: Run Behavior\ParseTemplateBehavior [ RunTime:0.015600s ]
INFO: [ view_parse ] --END-- [ RunTime:0.015600s ]
INFO: [ view_filter ] --START--
INFO: Run Behavior\WriteHtmlCacheBehavior [ RunTime:0.000000s ]
INFO: [ view_filter ] --END-- [ RunTime:0.000000s ]

[ 2018-06-03T18:06:32+08:00 ] ::1 /classroomorder_ThinkPHP/index.php/Index/orderresultUser.html
INFO: [ app_init ] --START--
INFO: Run Behavior\BuildLiteBehavior [ RunTime:0.000000s ]
INFO: [ app_init ] --END-- [ RunTime:0.000000s ]
INFO: [ app_begin ] --START--
INFO: Run Behavior\ReadHtmlCacheBehavior [ RunTime:0.000000s ]
INFO: [ app_begin ] --END-- [ RunTime:0.000000s ]
INFO: [ view_parse ] --START--
INFO: [ template_filter ] --START--
INFO: Run Behavior\ContentReplaceBehavior [ RunTime:0.000000s ]
INFO: [ template_filter ] --END-- [ RunTime:0.000000s ]
NOTIC: [8] Undefined variable: list D:\phpStudy2018\PHPTutorial\WWW\classroomorder_ThinkPHP\App\Runtime\Cache\Home\00fd25e037907dd393211801c3518031.php 第 85 行.
NOTIC: [8] Undefined variable: data D:\phpStudy2018\PHPTutorial\WWW\classroomorder_ThinkPHP\App\Runtime\Cache\Home\00fd25e037907dd393211801c3518031.php 第 101 行.
INFO: Run Behavior\ParseTemplateBehavior [ RunTime:0.031200s ]
INFO: [ view_parse ] --END-- [ RunTime:0.031200s ]
INFO: [ view_filter ] --START--
INFO: Run Behavior\WriteHtmlCacheBehavior [ RunTime:0.000000s ]
INFO: [ view_filter ] --END-- [ RunTime:0.000000s ]
INFO: [ app_end ] --START--
INFO: Run Behavior\ShowPageTraceBehavior [ RunTime:0.000000s ]
INFO: [ app_end ] --END-- [ RunTime:0.000000s ]

[ 2018-06-03T18:06:34+08:00 ] ::1 /classroomorder_ThinkPHP/index.php/Index/orderinfo
INFO: [ app_init ] --START--
INFO: Run Behavior\BuildLiteBehavior [ RunTime:0.000000s ]
INFO: [ app_init ] --END-- [ RunTime:0.000000s ]
INFO: [ app_begin ] --START--
INFO: Run Behavior\ReadHtmlCacheBehavior [ RunTime:0.015600s ]
INFO: [ app_begin ] --END-- [ RunTime:0.015600s ]
SQL: SHOW COLUMNS FROM `tb_orderrecord` [ RunTime:0.0000s ]
SQL: SELECT COUNT(*) AS tp_count FROM `tb_orderrecord` WHERE ( user='李佳爱' ) LIMIT 1   [ RunTime:0.0000s ]
SQL: SELECT * FROM `tb_orderrecord` WHERE ( user='李佳爱' ) LIMIT 0,10   [ RunTime:0.0000s ]
INFO: [ view_parse ] --START--
INFO: [ template_filter ] --START--
INFO: Run Behavior\ContentReplaceBehavior [ RunTime:0.000000s ]
INFO: [ template_filter ] --END-- [ RunTime:0.000000s ]
INFO: Run Behavior\ParseTemplateBehavior [ RunTime:0.031200s ]
INFO: [ view_parse ] --END-- [ RunTime:0.031200s ]
INFO: [ view_filter ] --START--
INFO: Run Behavior\WriteHtmlCacheBehavior [ RunTime:0.000000s ]
INFO: [ view_filter ] --END-- [ RunTime:0.000000s ]

[ 2018-06-03T18:06:47+08:00 ] ::1 /classroomorder_ThinkPHP/index.php/Index/orderresultUser.html
INFO: [ app_init ] --START--
INFO: Run Behavior\BuildLiteBehavior [ RunTime:0.000000s ]
INFO: [ app_init ] --END-- [ RunTime:0.000000s ]
INFO: [ app_begin ] --START--
INFO: Run Behavior\ReadHtmlCacheBehavior [ RunTime:0.000000s ]
INFO: [ app_begin ] --END-- [ RunTime:0.000000s ]
INFO: [ view_parse ] --START--
INFO: [ template_filter ] --START--
INFO: Run Behavior\ContentReplaceBehavior [ RunTime:0.000000s ]
INFO: [ template_filter ] --END-- [ RunTime:0.000000s ]
NOTIC: [8] Undefined variable: list D:\phpStudy2018\PHPTutorial\WWW\classroomorder_ThinkPHP\App\Runtime\Cache\Home\00fd25e037907dd393211801c3518031.php 第 85 行.
NOTIC: [8] Undefined variable: data D:\phpStudy2018\PHPTutorial\WWW\classroomorder_ThinkPHP\App\Runtime\Cache\Home\00fd25e037907dd393211801c3518031.php 第 101 行.
INFO: Run Behavior\ParseTemplateBehavior [ RunTime:0.031201s ]
INFO: [ view_parse ] --END-- [ RunTime:0.031201s ]
INFO: [ view_filter ] --START--
INFO: Run Behavior\WriteHtmlCacheBehavior [ RunTime:0.000000s ]
INFO: [ view_filter ] --END-- [ RunTime:0.000000s ]
INFO: [ app_end ] --START--
INFO: Run Behavior\ShowPageTraceBehavior [ RunTime:0.000000s ]
INFO: [ app_end ] --END-- [ RunTime:0.000000s ]

[ 2018-06-03T18:06:49+08:00 ] ::1 /classroomorder_ThinkPHP/index.php/Index/orderinfo
INFO: [ app_init ] --START--
INFO: Run Behavior\BuildLiteBehavior [ RunTime:0.000000s ]
INFO: [ app_init ] --END-- [ RunTime:0.000000s ]
INFO: [ app_begin ] --START--
INFO: Run Behavior\ReadHtmlCacheBehavior [ RunTime:0.000000s ]
INFO: [ app_begin ] --END-- [ RunTime:0.000000s ]
SQL: SHOW COLUMNS FROM `tb_orderrecord` [ RunTime:0.0000s ]
SQL: SELECT COUNT(*) AS tp_count FROM `tb_orderrecord` WHERE ( user='李佳爱' ) LIMIT 1   [ RunTime:0.0000s ]
SQL: SELECT * FROM `tb_orderrecord` WHERE ( user='李佳爱' ) LIMIT 0,10   [ RunTime:0.0000s ]
INFO: [ view_parse ] --START--
INFO: [ template_filter ] --START--
INFO: Run Behavior\ContentReplaceBehavior [ RunTime:0.000000s ]
INFO: [ template_filter ] --END-- [ RunTime:0.000000s ]
INFO: Run Behavior\ParseTemplateBehavior [ RunTime:0.031200s ]
INFO: [ view_parse ] --END-- [ RunTime:0.031200s ]
INFO: [ view_filter ] --START--
INFO: Run Behavior\WriteHtmlCacheBehavior [ RunTime:0.000000s ]
INFO: [ view_filter ] --END-- [ RunTime:0.000000s ]

[ 2018-06-03T18:08:03+08:00 ] ::1 /classroomorder_ThinkPHP/index.php/Index/orderresultUser.html
INFO: [ app_init ] --START--
INFO: Run Behavior\BuildLiteBehavior [ RunTime:0.000000s ]
INFO: [ app_init ] --END-- [ RunTime:0.000000s ]
INFO: [ app_begin ] --START--
INFO: Run Behavior\ReadHtmlCacheBehavior [ RunTime:0.000000s ]
INFO: [ app_begin ] --END-- [ RunTime:0.000000s ]
INFO: [ view_parse ] --START--
INFO: [ template_filter ] --START--
INFO: Run Behavior\ContentReplaceBehavior [ RunTime:0.000000s ]
INFO: [ template_filter ] --END-- [ RunTime:0.000000s ]
NOTIC: [8] Undefined variable: list D:\phpStudy2018\PHPTutorial\WWW\classroomorder_ThinkPHP\App\Runtime\Cache\Home\00fd25e037907dd393211801c3518031.php 第 85 行.
NOTIC: [8] Undefined variable: data D:\phpStudy2018\PHPTutorial\WWW\classroomorder_ThinkPHP\App\Runtime\Cache\Home\00fd25e037907dd393211801c3518031.php 第 101 行.
INFO: Run Behavior\ParseTemplateBehavior [ RunTime:0.015600s ]
INFO: [ view_parse ] --END-- [ RunTime:0.015600s ]
INFO: [ view_filter ] --START--
INFO: Run Behavior\WriteHtmlCacheBehavior [ RunTime:0.000000s ]
INFO: [ view_filter ] --END-- [ RunTime:0.000000s ]
INFO: [ app_end ] --START--
INFO: Run Behavior\ShowPageTraceBehavior [ RunTime:0.000000s ]
INFO: [ app_end ] --END-- [ RunTime:0.000000s ]

[ 2018-06-03T18:08:05+08:00 ] ::1 /classroomorder_ThinkPHP/index.php/Index/orderinfo
INFO: [ app_init ] --START--
INFO: Run Behavior\BuildLiteBehavior [ RunTime:0.000000s ]
INFO: [ app_init ] --END-- [ RunTime:0.000000s ]
INFO: [ app_begin ] --START--
INFO: Run Behavior\ReadHtmlCacheBehavior [ RunTime:0.000000s ]
INFO: [ app_begin ] --END-- [ RunTime:0.000000s ]
SQL: SHOW COLUMNS FROM `tb_orderrecord` [ RunTime:0.0000s ]
SQL: SELECT COUNT(*) AS tp_count FROM `tb_orderrecord` WHERE ( user='李佳爱' ) LIMIT 1   [ RunTime:0.0000s ]
SQL: SELECT * FROM `tb_orderrecord` WHERE ( user='李佳爱' ) LIMIT 0,10   [ RunTime:0.0000s ]
INFO: [ view_parse ] --START--
INFO: [ template_filter ] --START--
INFO: Run Behavior\ContentReplaceBehavior [ RunTime:0.000000s ]
INFO: [ template_filter ] --END-- [ RunTime:0.000000s ]
INFO: Run Behavior\ParseTemplateBehavior [ RunTime:0.015600s ]
INFO: [ view_parse ] --END-- [ RunTime:0.015600s ]
INFO: [ view_filter ] --START--
INFO: Run Behavior\WriteHtmlCacheBehavior [ RunTime:0.000000s ]
INFO: [ view_filter ] --END-- [ RunTime:0.000000s ]

[ 2018-06-03T18:10:43+08:00 ] ::1 /classroomorder_ThinkPHP/index.php/Index/orderresultUser.html
INFO: [ app_init ] --START--
INFO: Run Behavior\BuildLiteBehavior [ RunTime:0.000000s ]
INFO: [ app_init ] --END-- [ RunTime:0.000000s ]
INFO: [ app_begin ] --START--
INFO: Run Behavior\ReadHtmlCacheBehavior [ RunTime:0.000000s ]
INFO: [ app_begin ] --END-- [ RunTime:0.000000s ]
INFO: [ view_parse ] --START--
INFO: [ template_filter ] --START--
INFO: Run Behavior\ContentReplaceBehavior [ RunTime:0.000000s ]
INFO: [ template_filter ] --END-- [ RunTime:0.000000s ]
NOTIC: [8] Undefined variable: list D:\phpStudy2018\PHPTutorial\WWW\classroomorder_ThinkPHP\App\Runtime\Cache\Home\00fd25e037907dd393211801c3518031.php 第 85 行.
NOTIC: [8] Undefined variable: data D:\phpStudy2018\PHPTutorial\WWW\classroomorder_ThinkPHP\App\Runtime\Cache\Home\00fd25e037907dd393211801c3518031.php 第 101 行.
INFO: Run Behavior\ParseTemplateBehavior [ RunTime:0.015600s ]
INFO: [ view_parse ] --END-- [ RunTime:0.015600s ]
INFO: [ view_filter ] --START--
INFO: Run Behavior\WriteHtmlCacheBehavior [ RunTime:0.000000s ]
INFO: [ view_filter ] --END-- [ RunTime:0.000000s ]
INFO: [ app_end ] --START--
INFO: Run Behavior\ShowPageTraceBehavior [ RunTime:0.000000s ]
INFO: [ app_end ] --END-- [ RunTime:0.000000s ]

[ 2018-06-03T18:10:45+08:00 ] ::1 /classroomorder_ThinkPHP/index.php/Index/orderinfo
INFO: [ app_init ] --START--
INFO: Run Behavior\BuildLiteBehavior [ RunTime:0.000000s ]
INFO: [ app_init ] --END-- [ RunTime:0.000000s ]
INFO: [ app_begin ] --START--
INFO: Run Behavior\ReadHtmlCacheBehavior [ RunTime:0.000000s ]
INFO: [ app_begin ] --END-- [ RunTime:0.000000s ]
SQL: SHOW COLUMNS FROM `tb_orderrecord` [ RunTime:0.0000s ]
SQL: SELECT COUNT(*) AS tp_count FROM `tb_orderrecord` WHERE ( user='李佳爱' ) LIMIT 1   [ RunTime:0.0000s ]
SQL: SELECT * FROM `tb_orderrecord` WHERE ( user='李佳爱' ) LIMIT 0,10   [ RunTime:0.0000s ]
INFO: [ view_parse ] --START--
INFO: [ template_filter ] --START--
INFO: Run Behavior\ContentReplaceBehavior [ RunTime:0.000000s ]
INFO: [ template_filter ] --END-- [ RunTime:0.000000s ]
INFO: Run Behavior\ParseTemplateBehavior [ RunTime:0.015600s ]
INFO: [ view_parse ] --END-- [ RunTime:0.015600s ]
INFO: [ view_filter ] --START--
INFO: Run Behavior\WriteHtmlCacheBehavior [ RunTime:0.000000s ]
INFO: [ view_filter ] --END-- [ RunTime:0.000000s ]

[ 2018-06-03T18:11:31+08:00 ] ::1 /classroomorder_ThinkPHP/index.php/Index/orderresultUser.html
INFO: [ app_init ] --START--
INFO: Run Behavior\BuildLiteBehavior [ RunTime:0.000000s ]
INFO: [ app_init ] --END-- [ RunTime:0.000000s ]
INFO: [ app_begin ] --START--
INFO: Run Behavior\ReadHtmlCacheBehavior [ RunTime:0.000000s ]
INFO: [ app_begin ] --END-- [ RunTime:0.000000s ]
INFO: [ view_parse ] --START--
INFO: [ template_filter ] --START--
INFO: Run Behavior\ContentReplaceBehavior [ RunTime:0.000000s ]
INFO: [ template_filter ] --END-- [ RunTime:0.000000s ]
NOTIC: [8] Undefined variable: list D:\phpStudy2018\PHPTutorial\WWW\classroomorder_ThinkPHP\App\Runtime\Cache\Home\00fd25e037907dd393211801c3518031.php 第 85 行.
NOTIC: [8] Undefined variable: data D:\phpStudy2018\PHPTutorial\WWW\classroomorder_ThinkPHP\App\Runtime\Cache\Home\00fd25e037907dd393211801c3518031.php 第 101 行.
INFO: Run Behavior\ParseTemplateBehavior [ RunTime:0.031200s ]
INFO: [ view_parse ] --END-- [ RunTime:0.031200s ]
INFO: [ view_filter ] --START--
INFO: Run Behavior\WriteHtmlCacheBehavior [ RunTime:0.000000s ]
INFO: [ view_filter ] --END-- [ RunTime:0.000000s ]
INFO: [ app_end ] --START--
INFO: Run Behavior\ShowPageTraceBehavior [ RunTime:0.000000s ]
INFO: [ app_end ] --END-- [ RunTime:0.000000s ]

[ 2018-06-03T18:11:33+08:00 ] ::1 /classroomorder_ThinkPHP/index.php/Index/orderinfo
INFO: [ app_init ] --START--
INFO: Run Behavior\BuildLiteBehavior [ RunTime:0.000000s ]
INFO: [ app_init ] --END-- [ RunTime:0.000000s ]
INFO: [ app_begin ] --START--
INFO: Run Behavior\ReadHtmlCacheBehavior [ RunTime:0.000000s ]
INFO: [ app_begin ] --END-- [ RunTime:0.000000s ]
SQL: SHOW COLUMNS FROM `tb_orderrecord` [ RunTime:0.0000s ]
SQL: SELECT COUNT(*) AS tp_count FROM `tb_orderrecord` WHERE ( user='李佳爱' ) LIMIT 1   [ RunTime:0.0000s ]
SQL: SELECT * FROM `tb_orderrecord` WHERE ( user='李佳爱' ) LIMIT 0,10   [ RunTime:0.0000s ]
INFO: [ view_parse ] --START--
INFO: [ template_filter ] --START--
INFO: Run Behavior\ContentReplaceBehavior [ RunTime:0.000000s ]
INFO: [ template_filter ] --END-- [ RunTime:0.000000s ]
INFO: Run Behavior\ParseTemplateBehavior [ RunTime:0.031201s ]
INFO: [ view_parse ] --END-- [ RunTime:0.031201s ]
INFO: [ view_filter ] --START--
INFO: Run Behavior\WriteHtmlCacheBehavior [ RunTime:0.000000s ]
INFO: [ view_filter ] --END-- [ RunTime:0.000000s ]

[ 2018-06-03T18:14:25+08:00 ] ::1 /classroomorder_ThinkPHP/index.php/Index/orderresultUser.html
INFO: [ app_init ] --START--
INFO: Run Behavior\BuildLiteBehavior [ RunTime:0.000000s ]
INFO: [ app_init ] --END-- [ RunTime:0.000000s ]
INFO: [ app_begin ] --START--
INFO: Run Behavior\ReadHtmlCacheBehavior [ RunTime:0.000000s ]
INFO: [ app_begin ] --END-- [ RunTime:0.000000s ]
INFO: [ view_parse ] --START--
INFO: [ template_filter ] --START--
INFO: Run Behavior\ContentReplaceBehavior [ RunTime:0.000000s ]
INFO: [ template_filter ] --END-- [ RunTime:0.000000s ]
NOTIC: [8] Undefined variable: list D:\phpStudy2018\PHPTutorial\WWW\classroomorder_ThinkPHP\App\Runtime\Cache\Home\00fd25e037907dd393211801c3518031.php 第 85 行.
NOTIC: [8] Undefined variable: data D:\phpStudy2018\PHPTutorial\WWW\classroomorder_ThinkPHP\App\Runtime\Cache\Home\00fd25e037907dd393211801c3518031.php 第 101 行.
INFO: Run Behavior\ParseTemplateBehavior [ RunTime:0.046800s ]
INFO: [ view_parse ] --END-- [ RunTime:0.046800s ]
INFO: [ view_filter ] --START--
INFO: Run Behavior\WriteHtmlCacheBehavior [ RunTime:0.000000s ]
INFO: [ view_filter ] --END-- [ RunTime:0.000000s ]
INFO: [ app_end ] --START--
INFO: Run Behavior\ShowPageTraceBehavior [ RunTime:0.000000s ]
INFO: [ app_end ] --END-- [ RunTime:0.000000s ]

[ 2018-06-03T18:14:27+08:00 ] ::1 /classroomorder_ThinkPHP/index.php/Index/orderinfo
INFO: [ app_init ] --START--
INFO: Run Behavior\BuildLiteBehavior [ RunTime:0.000000s ]
INFO: [ app_init ] --END-- [ RunTime:0.000000s ]
INFO: [ app_begin ] --START--
INFO: Run Behavior\ReadHtmlCacheBehavior [ RunTime:0.000000s ]
INFO: [ app_begin ] --END-- [ RunTime:0.000000s ]
SQL: SHOW COLUMNS FROM `tb_orderrecord` [ RunTime:0.0000s ]
SQL: SELECT COUNT(*) AS tp_count FROM `tb_orderrecord` WHERE ( user='李佳爱' ) LIMIT 1   [ RunTime:0.0000s ]
SQL: SELECT * FROM `tb_orderrecord` WHERE ( user='李佳爱' ) LIMIT 0,10   [ RunTime:0.0000s ]
INFO: [ view_parse ] --START--
INFO: [ template_filter ] --START--
INFO: Run Behavior\ContentReplaceBehavior [ RunTime:0.000000s ]
INFO: [ template_filter ] --END-- [ RunTime:0.000000s ]
INFO: Run Behavior\ParseTemplateBehavior [ RunTime:0.015600s ]
INFO: [ view_parse ] --END-- [ RunTime:0.015600s ]
INFO: [ view_filter ] --START--
INFO: Run Behavior\WriteHtmlCacheBehavior [ RunTime:0.000000s ]
INFO: [ view_filter ] --END-- [ RunTime:0.000000s ]

[ 2018-06-03T18:14:44+08:00 ] ::1 /classroomorder_ThinkPHP/index.php/Index/deleteorder/id/75
INFO: [ app_init ] --START--
INFO: Run Behavior\BuildLiteBehavior [ RunTime:0.000000s ]
INFO: [ app_init ] --END-- [ RunTime:0.000000s ]
INFO: [ app_begin ] --START--
INFO: Run Behavior\ReadHtmlCacheBehavior [ RunTime:0.000000s ]
INFO: [ app_begin ] --END-- [ RunTime:0.000000s ]
NOTIC: [8] Undefined variable: number D:\phpStudy2018\PHPTutorial\WWW\classroomorder_ThinkPHP\App\Home\Controller\IndexController.class.php 第 546 行.
SQL: SHOW COLUMNS FROM `tb_orderrecord` [ RunTime:0.0000s ]
SQL: DELETE FROM `tb_orderrecord` WHERE `id` = 75 [ RunTime:0.0000s ]

[ 2018-06-03T18:14:44+08:00 ] ::1 /classroomorder_ThinkPHP/index.php/Index/orderresultUser.html
INFO: [ app_init ] --START--
INFO: Run Behavior\BuildLiteBehavior [ RunTime:0.000000s ]
INFO: [ app_init ] --END-- [ RunTime:0.000000s ]
INFO: [ app_begin ] --START--
INFO: Run Behavior\ReadHtmlCacheBehavior [ RunTime:0.000000s ]
INFO: [ app_begin ] --END-- [ RunTime:0.000000s ]
INFO: [ view_parse ] --START--
INFO: [ template_filter ] --START--
INFO: Run Behavior\ContentReplaceBehavior [ RunTime:0.000000s ]
INFO: [ template_filter ] --END-- [ RunTime:0.000000s ]
NOTIC: [8] Undefined variable: list D:\phpStudy2018\PHPTutorial\WWW\classroomorder_ThinkPHP\App\Runtime\Cache\Home\00fd25e037907dd393211801c3518031.php 第 85 行.
NOTIC: [8] Undefined variable: data D:\phpStudy2018\PHPTutorial\WWW\classroomorder_ThinkPHP\App\Runtime\Cache\Home\00fd25e037907dd393211801c3518031.php 第 101 行.
INFO: Run Behavior\ParseTemplateBehavior [ RunTime:0.015600s ]
INFO: [ view_parse ] --END-- [ RunTime:0.015600s ]
INFO: [ view_filter ] --START--
INFO: Run Behavior\WriteHtmlCacheBehavior [ RunTime:0.000000s ]
INFO: [ view_filter ] --END-- [ RunTime:0.000000s ]
INFO: [ app_end ] --START--
INFO: Run Behavior\ShowPageTraceBehavior [ RunTime:0.000000s ]
INFO: [ app_end ] --END-- [ RunTime:0.000000s ]

[ 2018-06-03T18:14:46+08:00 ] ::1 /classroomorder_ThinkPHP/index.php/Index/orderinfo
INFO: [ app_init ] --START--
INFO: Run Behavior\BuildLiteBehavior [ RunTime:0.000000s ]
INFO: [ app_init ] --END-- [ RunTime:0.000000s ]
INFO: [ app_begin ] --START--
INFO: Run Behavior\ReadHtmlCacheBehavior [ RunTime:0.015600s ]
INFO: [ app_begin ] --END-- [ RunTime:0.015600s ]
SQL: SHOW COLUMNS FROM `tb_orderrecord` [ RunTime:0.0000s ]
SQL: SELECT COUNT(*) AS tp_count FROM `tb_orderrecord` WHERE ( user='李佳爱' ) LIMIT 1   [ RunTime:0.0000s ]
SQL: SELECT * FROM `tb_orderrecord` WHERE ( user='李佳爱' ) LIMIT 0,10   [ RunTime:0.0000s ]
INFO: [ view_parse ] --START--
INFO: [ template_filter ] --START--
INFO: Run Behavior\ContentReplaceBehavior [ RunTime:0.000000s ]
INFO: [ template_filter ] --END-- [ RunTime:0.000000s ]
INFO: Run Behavior\ParseTemplateBehavior [ RunTime:0.031200s ]
INFO: [ view_parse ] --END-- [ RunTime:0.031200s ]
INFO: [ view_filter ] --START--
INFO: Run Behavior\WriteHtmlCacheBehavior [ RunTime:0.000000s ]
INFO: [ view_filter ] --END-- [ RunTime:0.000000s ]

