[ 2018-05-24T22:03:14+08:00 ] ::1 /classroomorder_ThinkPHP/index.php/
INFO: [ app_init ] --START--
INFO: Run Behavior\BuildLiteBehavior [ RunTime:0.000000s ]
INFO: [ app_init ] --END-- [ RunTime:0.000000s ]
INFO: [ app_begin ] --START--
INFO: Run Behavior\ReadHtmlCacheBehavior [ RunTime:0.000000s ]
INFO: [ app_begin ] --END-- [ RunTime:0.000000s ]
INFO: [ view_parse ] --START--
INFO: [ template_filter ] --START--
INFO: Run Behavior\ContentReplaceBehavior [ RunTime:0.000000s ]
INFO: [ template_filter ] --END-- [ RunTime:0.000000s ]
INFO: Run Behavior\ParseTemplateBehavior [ RunTime:0.078000s ]
INFO: [ view_parse ] --END-- [ RunTime:0.078000s ]
INFO: [ view_filter ] --START--
INFO: Run Behavior\WriteHtmlCacheBehavior [ RunTime:0.000000s ]
INFO: [ view_filter ] --END-- [ RunTime:0.000000s ]
INFO: [ app_end ] --START--
INFO: Run Behavior\ShowPageTraceBehavior [ RunTime:0.000000s ]
INFO: [ app_end ] --END-- [ RunTime:0.000000s ]

[ 2018-05-24T22:03:15+08:00 ] ::1 /classroomorder_ThinkPHP/index.php/Index/createCode?0.8273207383491573?0.25694649585303386?0.5548665998305841?0.7449164656160631?0.2895857652281132?0.7519236226127605?0.9972467349976664?0.7276379990020132?0.9205506223832899?0.006758245067432944?0.7672493276645501?0.5352869728358396?0.6226952955856146?0.6918446366145092?0.4687725721591076?0.267215699501112?0.9533618025598622?0.9417496275483652?0.42412142922193163?0.937588383364484
INFO: [ app_init ] --START--
INFO: Run Behavior\BuildLiteBehavior [ RunTime:0.000000s ]
INFO: [ app_init ] --END-- [ RunTime:0.000000s ]
INFO: [ app_begin ] --START--
INFO: Run Behavior\ReadHtmlCacheBehavior [ RunTime:0.015600s ]
INFO: [ app_begin ] --END-- [ RunTime:0.015600s ]
INFO: [ app_end ] --START--
INFO: Run Behavior\ShowPageTraceBehavior [ RunTime:0.015600s ]
INFO: [ app_end ] --END-- [ RunTime:0.015600s ]

[ 2018-05-24T22:03:16+08:00 ] ::1 /classroomorder_ThinkPHP/Public/images/login-al.png
INFO: [ app_init ] --START--
INFO: Run Behavior\BuildLiteBehavior [ RunTime:0.000000s ]
INFO: [ app_init ] --END-- [ RunTime:0.000000s ]

[ 2018-05-24T22:03:30+08:00 ] ::1 /classroomorder_ThinkPHP/index.php/Index/login
INFO: [ app_init ] --START--
INFO: Run Behavior\BuildLiteBehavior [ RunTime:0.000000s ]
INFO: [ app_init ] --END-- [ RunTime:0.000000s ]
INFO: [ app_begin ] --START--
INFO: Run Behavior\ReadHtmlCacheBehavior [ RunTime:0.000000s ]
INFO: [ app_begin ] --END-- [ RunTime:0.000000s ]
SQL: SHOW COLUMNS FROM `tb_account` [ RunTime:0.0780s ]
NOTIC: [8] Undefined index: validate D:\phpStudy2018\PHPTutorial\WWW\classroomorder_ThinkPHP\ThinkPHP\Library\Think\Model.class.php 第 1185 行.
NOTIC: [8] Undefined index: auto D:\phpStudy2018\PHPTutorial\WWW\classroomorder_ThinkPHP\ThinkPHP\Library\Think\Model.class.php 第 1128 行.
SQL: SELECT `id`,`account`,`password`,`type`,`name` FROM `tb_account` WHERE `account` = '2015051601029' LIMIT 1   [ RunTime:0.0312s ]
NOTIC: [8] Undefined index: 5f4dcc3b5aa765d61d8327deb882cf99 D:\phpStudy2018\PHPTutorial\WWW\classroomorder_ThinkPHP\App\Home\Controller\IndexController.class.php 第 51 行.
NOTIC: [8] Undefined index: 5f4dcc3b5aa765d61d8327deb882cf99 D:\phpStudy2018\PHPTutorial\WWW\classroomorder_ThinkPHP\App\Home\Controller\IndexController.class.php 第 51 行.
SQL: SHOW COLUMNS FROM `tb_account` [ RunTime:0.0156s ]
SQL: UPDATE `tb_account` SET `account`='2015051601029',`password`='123456' WHERE `account` = '李佳爱' [ RunTime:0.0156s ]

[ 2018-05-24T22:03:31+08:00 ] ::1 /classroomorder_ThinkPHP/index.php/Index/infoUserFind.html
INFO: [ app_init ] --START--
INFO: Run Behavior\BuildLiteBehavior [ RunTime:0.000000s ]
INFO: [ app_init ] --END-- [ RunTime:0.000000s ]
INFO: [ app_begin ] --START--
INFO: Run Behavior\ReadHtmlCacheBehavior [ RunTime:0.000000s ]
INFO: [ app_begin ] --END-- [ RunTime:0.000000s ]
SQL: SHOW COLUMNS FROM `tb_account` [ RunTime:0.0000s ]
SQL: SELECT * FROM `tb_account` WHERE ( name='李佳爱' )  [ RunTime:0.0000s ]
INFO: [ view_parse ] --START--
INFO: [ template_filter ] --START--
INFO: Run Behavior\ContentReplaceBehavior [ RunTime:0.000000s ]
INFO: [ template_filter ] --END-- [ RunTime:0.000000s ]
INFO: Run Behavior\ParseTemplateBehavior [ RunTime:0.015600s ]
INFO: [ view_parse ] --END-- [ RunTime:0.015600s ]
INFO: [ view_filter ] --START--
INFO: Run Behavior\WriteHtmlCacheBehavior [ RunTime:0.000000s ]
INFO: [ view_filter ] --END-- [ RunTime:0.000000s ]
INFO: [ app_end ] --START--
INFO: Run Behavior\ShowPageTraceBehavior [ RunTime:0.015600s ]
INFO: [ app_end ] --END-- [ RunTime:0.015600s ]

[ 2018-05-24T22:04:00+08:00 ] ::1 /classroomorder_ThinkPHP/index.php/Index/orderinfo
INFO: [ app_init ] --START--
INFO: Run Behavior\BuildLiteBehavior [ RunTime:0.000000s ]
INFO: [ app_init ] --END-- [ RunTime:0.000000s ]
INFO: [ app_begin ] --START--
INFO: Run Behavior\ReadHtmlCacheBehavior [ RunTime:0.000000s ]
INFO: [ app_begin ] --END-- [ RunTime:0.000000s ]
SQL: SHOW COLUMNS FROM `tb_orderrecord` [ RunTime:0.0156s ]
SQL: SELECT * FROM `tb_orderrecord` WHERE ( user='李佳爱' )  [ RunTime:0.0000s ]
INFO: [ view_parse ] --START--
INFO: [ template_filter ] --START--
INFO: Run Behavior\ContentReplaceBehavior [ RunTime:0.000000s ]
INFO: [ template_filter ] --END-- [ RunTime:0.000000s ]
INFO: Run Behavior\ParseTemplateBehavior [ RunTime:0.015600s ]
INFO: [ view_parse ] --END-- [ RunTime:0.015600s ]
INFO: [ view_filter ] --START--
INFO: Run Behavior\WriteHtmlCacheBehavior [ RunTime:0.000000s ]
INFO: [ view_filter ] --END-- [ RunTime:0.000000s ]
INFO: [ app_end ] --START--
INFO: Run Behavior\ShowPageTraceBehavior [ RunTime:0.000000s ]
INFO: [ app_end ] --END-- [ RunTime:0.000000s ]

[ 2018-05-24T22:04:32+08:00 ] ::1 /classroomorder_ThinkPHP/index.php/Index/classroomorderFindAll
INFO: [ app_init ] --START--
INFO: Run Behavior\BuildLiteBehavior [ RunTime:0.000000s ]
INFO: [ app_init ] --END-- [ RunTime:0.000000s ]
INFO: [ app_begin ] --START--
INFO: Run Behavior\ReadHtmlCacheBehavior [ RunTime:0.000000s ]
INFO: [ app_begin ] --END-- [ RunTime:0.000000s ]
SQL: SHOW COLUMNS FROM `tb_classroominfo` [ RunTime:0.0156s ]
SQL: SELECT * FROM `tb_classroominfo`  [ RunTime:0.0000s ]
INFO: [ view_parse ] --START--
INFO: [ template_filter ] --START--
INFO: Run Behavior\ContentReplaceBehavior [ RunTime:0.000000s ]
INFO: [ template_filter ] --END-- [ RunTime:0.000000s ]
INFO: Run Behavior\ParseTemplateBehavior [ RunTime:0.015600s ]
INFO: [ view_parse ] --END-- [ RunTime:0.015600s ]
INFO: [ view_filter ] --START--
INFO: Run Behavior\WriteHtmlCacheBehavior [ RunTime:0.000000s ]
INFO: [ view_filter ] --END-- [ RunTime:0.000000s ]
INFO: [ app_end ] --START--
INFO: Run Behavior\ShowPageTraceBehavior [ RunTime:0.015600s ]
INFO: [ app_end ] --END-- [ RunTime:0.015600s ]

[ 2018-05-24T22:04:35+08:00 ] ::1 /classroomorder_ThinkPHP/index.php/Index/orderinfo
INFO: [ app_init ] --START--
INFO: Run Behavior\BuildLiteBehavior [ RunTime:0.000000s ]
INFO: [ app_init ] --END-- [ RunTime:0.000000s ]
INFO: [ app_begin ] --START--
INFO: Run Behavior\ReadHtmlCacheBehavior [ RunTime:0.000000s ]
INFO: [ app_begin ] --END-- [ RunTime:0.000000s ]
SQL: SHOW COLUMNS FROM `tb_orderrecord` [ RunTime:0.0468s ]
SQL: SELECT * FROM `tb_orderrecord` WHERE ( user='李佳爱' )  [ RunTime:0.0000s ]
INFO: [ view_parse ] --START--
INFO: [ template_filter ] --START--
INFO: Run Behavior\ContentReplaceBehavior [ RunTime:0.000000s ]
INFO: [ template_filter ] --END-- [ RunTime:0.000000s ]
INFO: Run Behavior\ParseTemplateBehavior [ RunTime:0.015600s ]
INFO: [ view_parse ] --END-- [ RunTime:0.015600s ]
INFO: [ view_filter ] --START--
INFO: Run Behavior\WriteHtmlCacheBehavior [ RunTime:0.000000s ]
INFO: [ view_filter ] --END-- [ RunTime:0.000000s ]
INFO: [ app_end ] --START--
INFO: Run Behavior\ShowPageTraceBehavior [ RunTime:0.015600s ]
INFO: [ app_end ] --END-- [ RunTime:0.015600s ]

[ 2018-05-24T22:04:37+08:00 ] ::1 /classroomorder_ThinkPHP/index.php/Index/classroomorderFindAll
INFO: [ app_init ] --START--
INFO: Run Behavior\BuildLiteBehavior [ RunTime:0.000000s ]
INFO: [ app_init ] --END-- [ RunTime:0.000000s ]
INFO: [ app_begin ] --START--
INFO: Run Behavior\ReadHtmlCacheBehavior [ RunTime:0.000000s ]
INFO: [ app_begin ] --END-- [ RunTime:0.000000s ]
SQL: SHOW COLUMNS FROM `tb_classroominfo` [ RunTime:0.0000s ]
SQL: SELECT * FROM `tb_classroominfo`  [ RunTime:0.0000s ]
INFO: [ view_parse ] --START--
INFO: [ template_filter ] --START--
INFO: Run Behavior\ContentReplaceBehavior [ RunTime:0.000000s ]
INFO: [ template_filter ] --END-- [ RunTime:0.000000s ]
INFO: Run Behavior\ParseTemplateBehavior [ RunTime:0.015600s ]
INFO: [ view_parse ] --END-- [ RunTime:0.031200s ]
INFO: [ view_filter ] --START--
INFO: Run Behavior\WriteHtmlCacheBehavior [ RunTime:0.000000s ]
INFO: [ view_filter ] --END-- [ RunTime:0.000000s ]
INFO: [ app_end ] --START--
INFO: Run Behavior\ShowPageTraceBehavior [ RunTime:0.000000s ]
INFO: [ app_end ] --END-- [ RunTime:0.000000s ]

[ 2018-05-24T22:04:47+08:00 ] ::1 /classroomorder_ThinkPHP/index.php/Index/classroomorderFindAll
INFO: [ app_init ] --START--
INFO: Run Behavior\BuildLiteBehavior [ RunTime:0.000000s ]
INFO: [ app_init ] --END-- [ RunTime:0.000000s ]
INFO: [ app_begin ] --START--
INFO: Run Behavior\ReadHtmlCacheBehavior [ RunTime:0.000000s ]
INFO: [ app_begin ] --END-- [ RunTime:0.000000s ]
SQL: SHOW COLUMNS FROM `tb_classroominfo` [ RunTime:0.0000s ]
SQL: SELECT * FROM `tb_classroominfo`  [ RunTime:0.0000s ]
INFO: [ view_parse ] --START--
INFO: [ template_filter ] --START--
INFO: Run Behavior\ContentReplaceBehavior [ RunTime:0.000000s ]
INFO: [ template_filter ] --END-- [ RunTime:0.000000s ]
INFO: Run Behavior\ParseTemplateBehavior [ RunTime:0.015600s ]
INFO: [ view_parse ] --END-- [ RunTime:0.015600s ]
INFO: [ view_filter ] --START--
INFO: Run Behavior\WriteHtmlCacheBehavior [ RunTime:0.015600s ]
INFO: [ view_filter ] --END-- [ RunTime:0.015600s ]
INFO: [ app_end ] --START--
INFO: Run Behavior\ShowPageTraceBehavior [ RunTime:0.000000s ]
INFO: [ app_end ] --END-- [ RunTime:0.000000s ]

[ 2018-05-24T22:04:55+08:00 ] ::1 /classroomorder_ThinkPHP/index.php/Index/orderinfo
INFO: [ app_init ] --START--
INFO: Run Behavior\BuildLiteBehavior [ RunTime:0.000000s ]
INFO: [ app_init ] --END-- [ RunTime:0.000000s ]
INFO: [ app_begin ] --START--
INFO: Run Behavior\ReadHtmlCacheBehavior [ RunTime:0.000000s ]
INFO: [ app_begin ] --END-- [ RunTime:0.000000s ]
SQL: SHOW COLUMNS FROM `tb_orderrecord` [ RunTime:0.0000s ]
SQL: SELECT * FROM `tb_orderrecord` WHERE ( user='李佳爱' )  [ RunTime:0.0000s ]
INFO: [ view_parse ] --START--
INFO: [ template_filter ] --START--
INFO: Run Behavior\ContentReplaceBehavior [ RunTime:0.000000s ]
INFO: [ template_filter ] --END-- [ RunTime:0.000000s ]
INFO: Run Behavior\ParseTemplateBehavior [ RunTime:0.015600s ]
INFO: [ view_parse ] --END-- [ RunTime:0.015600s ]
INFO: [ view_filter ] --START--
INFO: Run Behavior\WriteHtmlCacheBehavior [ RunTime:0.000000s ]
INFO: [ view_filter ] --END-- [ RunTime:0.000000s ]
INFO: [ app_end ] --START--
INFO: Run Behavior\ShowPageTraceBehavior [ RunTime:0.015600s ]
INFO: [ app_end ] --END-- [ RunTime:0.015600s ]

[ 2018-05-24T22:05:01+08:00 ] ::1 /classroomorder_ThinkPHP/index.php/Index/infoUserFind
INFO: [ app_init ] --START--
INFO: Run Behavior\BuildLiteBehavior [ RunTime:0.000000s ]
INFO: [ app_init ] --END-- [ RunTime:0.000000s ]
INFO: [ app_begin ] --START--
INFO: Run Behavior\ReadHtmlCacheBehavior [ RunTime:0.000000s ]
INFO: [ app_begin ] --END-- [ RunTime:0.000000s ]
SQL: SHOW COLUMNS FROM `tb_account` [ RunTime:0.0000s ]
SQL: SELECT * FROM `tb_account` WHERE ( name='李佳爱' )  [ RunTime:0.0000s ]
INFO: [ view_parse ] --START--
INFO: [ template_filter ] --START--
INFO: Run Behavior\ContentReplaceBehavior [ RunTime:0.000000s ]
INFO: [ template_filter ] --END-- [ RunTime:0.000000s ]
INFO: Run Behavior\ParseTemplateBehavior [ RunTime:0.015600s ]
INFO: [ view_parse ] --END-- [ RunTime:0.015600s ]
INFO: [ view_filter ] --START--
INFO: Run Behavior\WriteHtmlCacheBehavior [ RunTime:0.000000s ]
INFO: [ view_filter ] --END-- [ RunTime:0.000000s ]
INFO: [ app_end ] --START--
INFO: Run Behavior\ShowPageTraceBehavior [ RunTime:0.000000s ]
INFO: [ app_end ] --END-- [ RunTime:0.000000s ]

[ 2018-05-24T22:05:07+08:00 ] ::1 /classroomorder_ThinkPHP/index.php/Index/orderinfo
INFO: [ app_init ] --START--
INFO: Run Behavior\BuildLiteBehavior [ RunTime:0.000000s ]
INFO: [ app_init ] --END-- [ RunTime:0.000000s ]
INFO: [ app_begin ] --START--
INFO: Run Behavior\ReadHtmlCacheBehavior [ RunTime:0.000000s ]
INFO: [ app_begin ] --END-- [ RunTime:0.000000s ]
SQL: SHOW COLUMNS FROM `tb_orderrecord` [ RunTime:0.0000s ]
SQL: SELECT * FROM `tb_orderrecord` WHERE ( user='李佳爱' )  [ RunTime:0.0000s ]
INFO: [ view_parse ] --START--
INFO: [ template_filter ] --START--
INFO: Run Behavior\ContentReplaceBehavior [ RunTime:0.000000s ]
INFO: [ template_filter ] --END-- [ RunTime:0.000000s ]
INFO: Run Behavior\ParseTemplateBehavior [ RunTime:0.031200s ]
INFO: [ view_parse ] --END-- [ RunTime:0.031200s ]
INFO: [ view_filter ] --START--
INFO: Run Behavior\WriteHtmlCacheBehavior [ RunTime:0.000000s ]
INFO: [ view_filter ] --END-- [ RunTime:0.000000s ]
INFO: [ app_end ] --START--
INFO: Run Behavior\ShowPageTraceBehavior [ RunTime:0.000000s ]
INFO: [ app_end ] --END-- [ RunTime:0.000000s ]

[ 2018-05-24T22:07:51+08:00 ] ::1 /classroomorder_ThinkPHP/index.php/Index/classroomorderFindAll
INFO: [ app_init ] --START--
INFO: Run Behavior\BuildLiteBehavior [ RunTime:0.000000s ]
INFO: [ app_init ] --END-- [ RunTime:0.000000s ]
INFO: [ app_begin ] --START--
INFO: Run Behavior\ReadHtmlCacheBehavior [ RunTime:0.000000s ]
INFO: [ app_begin ] --END-- [ RunTime:0.000000s ]
SQL: SHOW COLUMNS FROM `tb_classroominfo` [ RunTime:0.0000s ]
SQL: SELECT * FROM `tb_classroominfo`  [ RunTime:0.0000s ]
INFO: [ view_parse ] --START--
INFO: [ template_filter ] --START--
INFO: Run Behavior\ContentReplaceBehavior [ RunTime:0.000000s ]
INFO: [ template_filter ] --END-- [ RunTime:0.000000s ]
INFO: Run Behavior\ParseTemplateBehavior [ RunTime:0.031200s ]
INFO: [ view_parse ] --END-- [ RunTime:0.031200s ]
INFO: [ view_filter ] --START--
INFO: Run Behavior\WriteHtmlCacheBehavior [ RunTime:0.000000s ]
INFO: [ view_filter ] --END-- [ RunTime:0.000000s ]
INFO: [ app_end ] --START--
INFO: Run Behavior\ShowPageTraceBehavior [ RunTime:0.000000s ]
INFO: [ app_end ] --END-- [ RunTime:0.000000s ]

[ 2018-05-24T22:08:17+08:00 ] ::1 /classroomorder_ThinkPHP/index.php/Index/orderinfo
INFO: [ app_init ] --START--
INFO: Run Behavior\BuildLiteBehavior [ RunTime:0.000000s ]
INFO: [ app_init ] --END-- [ RunTime:0.000000s ]
INFO: [ app_begin ] --START--
INFO: Run Behavior\ReadHtmlCacheBehavior [ RunTime:0.000000s ]
INFO: [ app_begin ] --END-- [ RunTime:0.000000s ]
SQL: SHOW COLUMNS FROM `tb_orderrecord` [ RunTime:0.0000s ]
SQL: SELECT * FROM `tb_orderrecord` WHERE ( user='李佳爱' )  [ RunTime:0.0000s ]
INFO: [ view_parse ] --START--
INFO: [ template_filter ] --START--
INFO: Run Behavior\ContentReplaceBehavior [ RunTime:0.000000s ]
INFO: [ template_filter ] --END-- [ RunTime:0.000000s ]
INFO: Run Behavior\ParseTemplateBehavior [ RunTime:0.046800s ]
INFO: [ view_parse ] --END-- [ RunTime:0.046800s ]
INFO: [ view_filter ] --START--
INFO: Run Behavior\WriteHtmlCacheBehavior [ RunTime:0.000000s ]
INFO: [ view_filter ] --END-- [ RunTime:0.000000s ]
INFO: [ app_end ] --START--
INFO: Run Behavior\ShowPageTraceBehavior [ RunTime:0.000000s ]
INFO: [ app_end ] --END-- [ RunTime:0.000000s ]

[ 2018-05-24T22:10:25+08:00 ] ::1 /classroomorder_ThinkPHP/index.php/Index/orderinfo
INFO: [ app_init ] --START--
INFO: Run Behavior\BuildLiteBehavior [ RunTime:0.000000s ]
INFO: [ app_init ] --END-- [ RunTime:0.000000s ]
INFO: [ app_begin ] --START--
INFO: Run Behavior\ReadHtmlCacheBehavior [ RunTime:0.000000s ]
INFO: [ app_begin ] --END-- [ RunTime:0.000000s ]
SQL: SHOW COLUMNS FROM `tb_orderrecord` [ RunTime:0.0000s ]
SQL: SELECT * FROM `tb_orderrecord` WHERE ( user='李佳爱' )  [ RunTime:0.0000s ]
INFO: [ view_parse ] --START--
INFO: [ template_filter ] --START--
INFO: Run Behavior\ContentReplaceBehavior [ RunTime:0.000000s ]
INFO: [ template_filter ] --END-- [ RunTime:0.000000s ]
INFO: Run Behavior\ParseTemplateBehavior [ RunTime:0.031200s ]
INFO: [ view_parse ] --END-- [ RunTime:0.031200s ]
INFO: [ view_filter ] --START--
INFO: Run Behavior\WriteHtmlCacheBehavior [ RunTime:0.000000s ]
INFO: [ view_filter ] --END-- [ RunTime:0.000000s ]
INFO: [ app_end ] --START--
INFO: Run Behavior\ShowPageTraceBehavior [ RunTime:0.000000s ]
INFO: [ app_end ] --END-- [ RunTime:0.000000s ]

[ 2018-05-24T22:48:39+08:00 ] ::1 /classroomorder_ThinkPHP/index.php/Index/orderinfo
INFO: [ app_init ] --START--
INFO: Run Behavior\BuildLiteBehavior [ RunTime:0.000000s ]
INFO: [ app_init ] --END-- [ RunTime:0.000000s ]
INFO: [ app_begin ] --START--
INFO: Run Behavior\ReadHtmlCacheBehavior [ RunTime:0.015600s ]
INFO: [ app_begin ] --END-- [ RunTime:0.015600s ]
SQL: SHOW COLUMNS FROM `tb_orderrecord` [ RunTime:0.0000s ]
NOTIC: [8] Undefined variable: user D:\phpStudy2018\PHPTutorial\WWW\classroomorder_ThinkPHP\App\Home\Controller\IndexController.class.php 第 293 行.
SQL: SELECT COUNT(*) AS tp_count FROM `tb_orderrecord` WHERE ( user='' ) LIMIT 1   [ RunTime:0.0312s ]
NOTIC: [8] Undefined variable: user D:\phpStudy2018\PHPTutorial\WWW\classroomorder_ThinkPHP\App\Home\Controller\IndexController.class.php 第 299 行.
SQL: SELECT * FROM `tb_orderrecord` WHERE ( user='' ) LIMIT 0,3   [ RunTime:0.0000s ]
INFO: [ view_parse ] --START--
INFO: [ template_filter ] --START--
INFO: Run Behavior\ContentReplaceBehavior [ RunTime:0.000000s ]
INFO: [ template_filter ] --END-- [ RunTime:0.000000s ]
NOTIC: [8] Undefined variable: select D:\phpStudy2018\PHPTutorial\WWW\classroomorder_ThinkPHP\App\Runtime\Cache\Home\00fd25e037907dd393211801c3518031.php 第 79 行.
INFO: Run Behavior\ParseTemplateBehavior [ RunTime:0.046800s ]
INFO: [ view_parse ] --END-- [ RunTime:0.046800s ]
INFO: [ view_filter ] --START--
INFO: Run Behavior\WriteHtmlCacheBehavior [ RunTime:0.000000s ]
INFO: [ view_filter ] --END-- [ RunTime:0.000000s ]

[ 2018-05-24T22:56:55+08:00 ] ::1 /classroomorder_ThinkPHP/index.php/Index/orderinfo
INFO: [ app_init ] --START--
INFO: Run Behavior\BuildLiteBehavior [ RunTime:0.000000s ]
INFO: [ app_init ] --END-- [ RunTime:0.000000s ]
INFO: [ app_begin ] --START--
INFO: Run Behavior\ReadHtmlCacheBehavior [ RunTime:0.000000s ]
INFO: [ app_begin ] --END-- [ RunTime:0.000000s ]
SQL: SHOW COLUMNS FROM `tb_orderrecord` [ RunTime:0.0000s ]
NOTIC: [8] Undefined variable: user D:\phpStudy2018\PHPTutorial\WWW\classroomorder_ThinkPHP\App\Home\Controller\IndexController.class.php 第 293 行.
SQL: SELECT COUNT(*) AS tp_count FROM `tb_orderrecord` WHERE ( user='' ) LIMIT 1   [ RunTime:0.0000s ]
NOTIC: [8] Undefined variable: user D:\phpStudy2018\PHPTutorial\WWW\classroomorder_ThinkPHP\App\Home\Controller\IndexController.class.php 第 299 行.
SQL: SELECT * FROM `tb_orderrecord` WHERE ( user='' ) LIMIT 0,3   [ RunTime:0.0000s ]
INFO: [ view_parse ] --START--
INFO: [ template_filter ] --START--
INFO: Run Behavior\ContentReplaceBehavior [ RunTime:0.000000s ]
INFO: [ template_filter ] --END-- [ RunTime:0.000000s ]
INFO: Run Behavior\ParseTemplateBehavior [ RunTime:0.062400s ]
INFO: [ view_parse ] --END-- [ RunTime:0.062400s ]
INFO: [ view_filter ] --START--
INFO: Run Behavior\WriteHtmlCacheBehavior [ RunTime:0.000000s ]
INFO: [ view_filter ] --END-- [ RunTime:0.000000s ]

[ 2018-05-24T23:09:26+08:00 ] ::1 /classroomorder_ThinkPHP/index.php/Index/orderinfo
INFO: [ app_init ] --START--
INFO: Run Behavior\BuildLiteBehavior [ RunTime:0.000000s ]
INFO: [ app_init ] --END-- [ RunTime:0.000000s ]
INFO: [ app_begin ] --START--
INFO: Run Behavior\ReadHtmlCacheBehavior [ RunTime:0.000000s ]
INFO: [ app_begin ] --END-- [ RunTime:0.000000s ]
SQL: SHOW COLUMNS FROM `tb_orderrecord` [ RunTime:0.0000s ]
NOTIC: [8] Undefined variable: user D:\phpStudy2018\PHPTutorial\WWW\classroomorder_ThinkPHP\App\Home\Controller\IndexController.class.php 第 293 行.
SQL: SELECT COUNT(*) AS tp_count FROM `tb_orderrecord` WHERE ( user='' ) LIMIT 1   [ RunTime:0.0000s ]
NOTIC: [8] Undefined variable: user D:\phpStudy2018\PHPTutorial\WWW\classroomorder_ThinkPHP\App\Home\Controller\IndexController.class.php 第 299 行.
SQL: SELECT * FROM `tb_orderrecord` WHERE ( user='' ) LIMIT 0,3   [ RunTime:0.0000s ]
INFO: [ view_parse ] --START--
INFO: [ template_filter ] --START--
INFO: Run Behavior\ContentReplaceBehavior [ RunTime:0.000000s ]
INFO: [ template_filter ] --END-- [ RunTime:0.000000s ]
INFO: Run Behavior\ParseTemplateBehavior [ RunTime:0.046800s ]
INFO: [ view_parse ] --END-- [ RunTime:0.046800s ]
INFO: [ view_filter ] --START--
INFO: Run Behavior\WriteHtmlCacheBehavior [ RunTime:0.000000s ]
INFO: [ view_filter ] --END-- [ RunTime:0.000000s ]

[ 2018-05-24T23:11:01+08:00 ] ::1 /classroomorder_ThinkPHP/index.php/Index/orderinfo
INFO: [ app_init ] --START--
INFO: Run Behavior\BuildLiteBehavior [ RunTime:0.000000s ]
INFO: [ app_init ] --END-- [ RunTime:0.000000s ]
INFO: [ app_begin ] --START--
INFO: Run Behavior\ReadHtmlCacheBehavior [ RunTime:0.000000s ]
INFO: [ app_begin ] --END-- [ RunTime:0.000000s ]
SQL: SHOW COLUMNS FROM `tb_orderrecord` [ RunTime:0.0000s ]
NOTIC: [8] Undefined variable: user D:\phpStudy2018\PHPTutorial\WWW\classroomorder_ThinkPHP\App\Home\Controller\IndexController.class.php 第 293 行.
SQL: SELECT COUNT(*) AS tp_count FROM `tb_orderrecord` WHERE ( user='' ) LIMIT 1   [ RunTime:0.0000s ]
NOTIC: [8] Undefined variable: user D:\phpStudy2018\PHPTutorial\WWW\classroomorder_ThinkPHP\App\Home\Controller\IndexController.class.php 第 299 行.
SQL: SELECT * FROM `tb_orderrecord` WHERE ( user='' ) LIMIT 0,3   [ RunTime:0.0000s ]
INFO: [ view_parse ] --START--
INFO: [ template_filter ] --START--
INFO: Run Behavior\ContentReplaceBehavior [ RunTime:0.000000s ]
INFO: [ template_filter ] --END-- [ RunTime:0.000000s ]
INFO: Run Behavior\ParseTemplateBehavior [ RunTime:0.031200s ]
INFO: [ view_parse ] --END-- [ RunTime:0.031200s ]
INFO: [ view_filter ] --START--
INFO: Run Behavior\WriteHtmlCacheBehavior [ RunTime:0.000000s ]
INFO: [ view_filter ] --END-- [ RunTime:0.000000s ]

[ 2018-05-24T23:12:04+08:00 ] ::1 /classroomorder_ThinkPHP/index.php/Index/orderinfo
INFO: [ app_init ] --START--
INFO: Run Behavior\BuildLiteBehavior [ RunTime:0.000000s ]
INFO: [ app_init ] --END-- [ RunTime:0.000000s ]
INFO: [ app_begin ] --START--
INFO: Run Behavior\ReadHtmlCacheBehavior [ RunTime:0.000000s ]
INFO: [ app_begin ] --END-- [ RunTime:0.000000s ]
SQL: SHOW COLUMNS FROM `tb_orderrecord` [ RunTime:0.0000s ]
NOTIC: [8] Undefined variable: user D:\phpStudy2018\PHPTutorial\WWW\classroomorder_ThinkPHP\App\Home\Controller\IndexController.class.php 第 293 行.
SQL: SELECT COUNT(*) AS tp_count FROM `tb_orderrecord` WHERE ( user='' ) LIMIT 1   [ RunTime:0.0000s ]
NOTIC: [8] Undefined variable: user D:\phpStudy2018\PHPTutorial\WWW\classroomorder_ThinkPHP\App\Home\Controller\IndexController.class.php 第 299 行.
SQL: SELECT * FROM `tb_orderrecord` WHERE ( user='' ) LIMIT 0,3   [ RunTime:0.0000s ]
INFO: [ view_parse ] --START--
INFO: [ template_filter ] --START--
INFO: Run Behavior\ContentReplaceBehavior [ RunTime:0.000000s ]
INFO: [ template_filter ] --END-- [ RunTime:0.000000s ]
INFO: Run Behavior\ParseTemplateBehavior [ RunTime:0.031200s ]
INFO: [ view_parse ] --END-- [ RunTime:0.031200s ]
INFO: [ view_filter ] --START--
INFO: Run Behavior\WriteHtmlCacheBehavior [ RunTime:0.000000s ]
INFO: [ view_filter ] --END-- [ RunTime:0.000000s ]

[ 2018-05-24T23:12:42+08:00 ] ::1 /classroomorder_ThinkPHP/index.php/Index/orderinfo
INFO: [ app_init ] --START--
INFO: Run Behavior\BuildLiteBehavior [ RunTime:0.000000s ]
INFO: [ app_init ] --END-- [ RunTime:0.015600s ]
INFO: [ app_begin ] --START--
INFO: Run Behavior\ReadHtmlCacheBehavior [ RunTime:0.000000s ]
INFO: [ app_begin ] --END-- [ RunTime:0.000000s ]
SQL: SHOW COLUMNS FROM `tb_orderrecord` [ RunTime:0.0000s ]
NOTIC: [8] Undefined variable: user D:\phpStudy2018\PHPTutorial\WWW\classroomorder_ThinkPHP\App\Home\Controller\IndexController.class.php 第 293 行.
SQL: SELECT COUNT(*) AS tp_count FROM `tb_orderrecord` WHERE ( user='' ) LIMIT 1   [ RunTime:0.0000s ]
NOTIC: [8] Undefined variable: user D:\phpStudy2018\PHPTutorial\WWW\classroomorder_ThinkPHP\App\Home\Controller\IndexController.class.php 第 299 行.
SQL: SELECT * FROM `tb_orderrecord` WHERE ( user='' ) LIMIT 0,3   [ RunTime:0.0000s ]
INFO: [ view_parse ] --START--
INFO: [ template_filter ] --START--
INFO: Run Behavior\ContentReplaceBehavior [ RunTime:0.000000s ]
INFO: [ template_filter ] --END-- [ RunTime:0.000000s ]
INFO: Run Behavior\ParseTemplateBehavior [ RunTime:0.031200s ]
INFO: [ view_parse ] --END-- [ RunTime:0.031200s ]
INFO: [ view_filter ] --START--
INFO: Run Behavior\WriteHtmlCacheBehavior [ RunTime:0.000000s ]
INFO: [ view_filter ] --END-- [ RunTime:0.000000s ]

[ 2018-05-24T23:13:24+08:00 ] ::1 /classroomorder_ThinkPHP/index.php/Index/orderinfo
INFO: [ app_init ] --START--
INFO: Run Behavior\BuildLiteBehavior [ RunTime:0.000000s ]
INFO: [ app_init ] --END-- [ RunTime:0.000000s ]
INFO: [ app_begin ] --START--
INFO: Run Behavior\ReadHtmlCacheBehavior [ RunTime:0.000000s ]
INFO: [ app_begin ] --END-- [ RunTime:0.000000s ]
SQL: SHOW COLUMNS FROM `tb_orderrecord` [ RunTime:0.0000s ]
NOTIC: [8] Undefined variable: user D:\phpStudy2018\PHPTutorial\WWW\classroomorder_ThinkPHP\App\Home\Controller\IndexController.class.php 第 293 行.
SQL: SELECT COUNT(*) AS tp_count FROM `tb_orderrecord` WHERE ( user='' ) LIMIT 1   [ RunTime:0.0000s ]
NOTIC: [8] Undefined variable: user D:\phpStudy2018\PHPTutorial\WWW\classroomorder_ThinkPHP\App\Home\Controller\IndexController.class.php 第 299 行.
SQL: SELECT * FROM `tb_orderrecord` WHERE ( user='' ) LIMIT 0,3   [ RunTime:0.0000s ]
INFO: [ view_parse ] --START--
INFO: [ template_filter ] --START--
INFO: Run Behavior\ContentReplaceBehavior [ RunTime:0.000000s ]
INFO: [ template_filter ] --END-- [ RunTime:0.000000s ]
INFO: Run Behavior\ParseTemplateBehavior [ RunTime:0.031200s ]
INFO: [ view_parse ] --END-- [ RunTime:0.031200s ]
INFO: [ view_filter ] --START--
INFO: Run Behavior\WriteHtmlCacheBehavior [ RunTime:0.000000s ]
INFO: [ view_filter ] --END-- [ RunTime:0.000000s ]

[ 2018-05-24T23:15:53+08:00 ] ::1 /classroomorder_ThinkPHP/index.php/Index/orderinfo
INFO: [ app_init ] --START--
INFO: Run Behavior\BuildLiteBehavior [ RunTime:0.000000s ]
INFO: [ app_init ] --END-- [ RunTime:0.001000s ]
INFO: [ app_begin ] --START--
INFO: Run Behavior\ReadHtmlCacheBehavior [ RunTime:0.002000s ]
INFO: [ app_begin ] --END-- [ RunTime:0.002000s ]
SQL: SHOW COLUMNS FROM `tb_orderrecord` [ RunTime:0.0090s ]
NOTIC: [8] Undefined variable: user D:\phpStudy2018\PHPTutorial\WWW\classroomorder_ThinkPHP\App\Home\Controller\IndexController.class.php 第 293 行.
SQL: SELECT COUNT(*) AS tp_count FROM `tb_orderrecord` WHERE ( user='' ) LIMIT 1   [ RunTime:0.0020s ]
NOTIC: [8] Undefined variable: user D:\phpStudy2018\PHPTutorial\WWW\classroomorder_ThinkPHP\App\Home\Controller\IndexController.class.php 第 299 行.
SQL: SELECT * FROM `tb_orderrecord` WHERE ( user='' ) LIMIT 0,3   [ RunTime:0.0010s ]
INFO: [ view_parse ] --START--
INFO: [ template_filter ] --START--
INFO: Run Behavior\ContentReplaceBehavior [ RunTime:0.001000s ]
INFO: [ template_filter ] --END-- [ RunTime:0.001000s ]
INFO: Run Behavior\ParseTemplateBehavior [ RunTime:0.053003s ]
INFO: [ view_parse ] --END-- [ RunTime:0.053003s ]
INFO: [ view_filter ] --START--
INFO: Run Behavior\WriteHtmlCacheBehavior [ RunTime:0.001000s ]
INFO: [ view_filter ] --END-- [ RunTime:0.001000s ]
NOTIC: [8] Use of undefined constant console - assumed 'console' D:\phpStudy2018\PHPTutorial\WWW\classroomorder_ThinkPHP\App\Home\Controller\IndexController.class.php 第 305 行.

[ 2018-05-24T23:16:25+08:00 ] ::1 /classroomorder_ThinkPHP/index.php/Index/orderinfo
INFO: [ app_init ] --START--
INFO: Run Behavior\BuildLiteBehavior [ RunTime:0.000000s ]
INFO: [ app_init ] --END-- [ RunTime:0.000000s ]
INFO: [ app_begin ] --START--
INFO: Run Behavior\ReadHtmlCacheBehavior [ RunTime:0.000000s ]
INFO: [ app_begin ] --END-- [ RunTime:0.000000s ]
SQL: SHOW COLUMNS FROM `tb_orderrecord` [ RunTime:0.0000s ]
NOTIC: [8] Undefined variable: user D:\phpStudy2018\PHPTutorial\WWW\classroomorder_ThinkPHP\App\Home\Controller\IndexController.class.php 第 293 行.
SQL: SELECT COUNT(*) AS tp_count FROM `tb_orderrecord` WHERE ( user='' ) LIMIT 1   [ RunTime:0.0000s ]
NOTIC: [8] Undefined variable: user D:\phpStudy2018\PHPTutorial\WWW\classroomorder_ThinkPHP\App\Home\Controller\IndexController.class.php 第 299 行.
SQL: SELECT * FROM `tb_orderrecord` WHERE ( user='' ) LIMIT 0,3   [ RunTime:0.0000s ]
INFO: [ view_parse ] --START--
INFO: [ template_filter ] --START--
INFO: Run Behavior\ContentReplaceBehavior [ RunTime:0.000000s ]
INFO: [ template_filter ] --END-- [ RunTime:0.000000s ]
INFO: Run Behavior\ParseTemplateBehavior [ RunTime:0.031200s ]
INFO: [ view_parse ] --END-- [ RunTime:0.031200s ]
INFO: [ view_filter ] --START--
INFO: Run Behavior\WriteHtmlCacheBehavior [ RunTime:0.000000s ]
INFO: [ view_filter ] --END-- [ RunTime:0.000000s ]
NOTIC: [8] Use of undefined constant console - assumed 'console' D:\phpStudy2018\PHPTutorial\WWW\classroomorder_ThinkPHP\App\Home\Controller\IndexController.class.php 第 305 行.

[ 2018-05-24T23:19:46+08:00 ] ::1 /classroomorder_ThinkPHP/index.php/Index/orderinfo
INFO: [ app_init ] --START--
INFO: Run Behavior\BuildLiteBehavior [ RunTime:0.000000s ]
INFO: [ app_init ] --END-- [ RunTime:0.000000s ]
INFO: [ app_begin ] --START--
INFO: Run Behavior\ReadHtmlCacheBehavior [ RunTime:0.000000s ]
INFO: [ app_begin ] --END-- [ RunTime:0.000000s ]
SQL: SHOW COLUMNS FROM `tb_orderrecord` [ RunTime:0.0000s ]
NOTIC: [8] Undefined variable: user D:\phpStudy2018\PHPTutorial\WWW\classroomorder_ThinkPHP\App\Home\Controller\IndexController.class.php 第 293 行.
SQL: SELECT COUNT(*) AS tp_count FROM `tb_orderrecord` WHERE ( user='' ) LIMIT 1   [ RunTime:0.0000s ]
NOTIC: [8] Undefined variable: user D:\phpStudy2018\PHPTutorial\WWW\classroomorder_ThinkPHP\App\Home\Controller\IndexController.class.php 第 299 行.
SQL: SELECT * FROM `tb_orderrecord` WHERE ( user='' ) LIMIT 0,3   [ RunTime:0.0000s ]
INFO: [ view_parse ] --START--
INFO: [ template_filter ] --START--
INFO: Run Behavior\ContentReplaceBehavior [ RunTime:0.000000s ]
INFO: [ template_filter ] --END-- [ RunTime:0.000000s ]
INFO: Run Behavior\ParseTemplateBehavior [ RunTime:0.031200s ]
INFO: [ view_parse ] --END-- [ RunTime:0.031200s ]
INFO: [ view_filter ] --START--
INFO: Run Behavior\WriteHtmlCacheBehavior [ RunTime:0.000000s ]
INFO: [ view_filter ] --END-- [ RunTime:0.000000s ]

[ 2018-05-24T23:20:24+08:00 ] ::1 /classroomorder_ThinkPHP/index.php/Index/orderinfo
INFO: [ app_init ] --START--
INFO: Run Behavior\BuildLiteBehavior [ RunTime:0.000000s ]
INFO: [ app_init ] --END-- [ RunTime:0.000000s ]
INFO: [ app_begin ] --START--
INFO: Run Behavior\ReadHtmlCacheBehavior [ RunTime:0.000000s ]
INFO: [ app_begin ] --END-- [ RunTime:0.000000s ]
SQL: SHOW COLUMNS FROM `tb_orderrecord` [ RunTime:0.0000s ]
NOTIC: [8] Undefined variable: user D:\phpStudy2018\PHPTutorial\WWW\classroomorder_ThinkPHP\App\Home\Controller\IndexController.class.php 第 293 行.
SQL: SELECT COUNT(*) AS tp_count FROM `tb_orderrecord` WHERE ( user='' ) LIMIT 1   [ RunTime:0.0000s ]
NOTIC: [8] Undefined variable: user D:\phpStudy2018\PHPTutorial\WWW\classroomorder_ThinkPHP\App\Home\Controller\IndexController.class.php 第 299 行.
SQL: SELECT * FROM `tb_orderrecord` WHERE ( user='' ) LIMIT 0,3   [ RunTime:0.0156s ]
INFO: [ view_parse ] --START--
INFO: [ template_filter ] --START--
INFO: Run Behavior\ContentReplaceBehavior [ RunTime:0.000000s ]
INFO: [ template_filter ] --END-- [ RunTime:0.000000s ]
INFO: Run Behavior\ParseTemplateBehavior [ RunTime:0.015600s ]
INFO: [ view_parse ] --END-- [ RunTime:0.015600s ]
INFO: [ view_filter ] --START--
INFO: Run Behavior\WriteHtmlCacheBehavior [ RunTime:0.000000s ]
INFO: [ view_filter ] --END-- [ RunTime:0.000000s ]

[ 2018-05-24T23:21:03+08:00 ] ::1 /classroomorder_ThinkPHP/index.php/Index/orderinfo
INFO: [ app_init ] --START--
INFO: Run Behavior\BuildLiteBehavior [ RunTime:0.000000s ]
INFO: [ app_init ] --END-- [ RunTime:0.000000s ]
INFO: [ app_begin ] --START--
INFO: Run Behavior\ReadHtmlCacheBehavior [ RunTime:0.000000s ]
INFO: [ app_begin ] --END-- [ RunTime:0.000000s ]
SQL: SHOW COLUMNS FROM `tb_orderrecord` [ RunTime:0.0000s ]
NOTIC: [8] Undefined variable: user D:\phpStudy2018\PHPTutorial\WWW\classroomorder_ThinkPHP\App\Home\Controller\IndexController.class.php 第 293 行.
SQL: SELECT COUNT(*) AS tp_count FROM `tb_orderrecord` WHERE ( user='' ) LIMIT 1   [ RunTime:0.0000s ]
NOTIC: [8] Undefined variable: user D:\phpStudy2018\PHPTutorial\WWW\classroomorder_ThinkPHP\App\Home\Controller\IndexController.class.php 第 299 行.
SQL: SELECT * FROM `tb_orderrecord` WHERE ( user='' ) LIMIT 0,3   [ RunTime:0.0000s ]
INFO: [ view_parse ] --START--
INFO: [ template_filter ] --START--
INFO: Run Behavior\ContentReplaceBehavior [ RunTime:0.000000s ]
INFO: [ template_filter ] --END-- [ RunTime:0.000000s ]
INFO: Run Behavior\ParseTemplateBehavior [ RunTime:0.031200s ]
INFO: [ view_parse ] --END-- [ RunTime:0.031200s ]
INFO: [ view_filter ] --START--
INFO: Run Behavior\WriteHtmlCacheBehavior [ RunTime:0.000000s ]
INFO: [ view_filter ] --END-- [ RunTime:0.000000s ]

[ 2018-05-24T23:30:04+08:00 ] ::1 /classroomorder_ThinkPHP/index.php/Index/orderinfo
INFO: [ app_init ] --START--
INFO: Run Behavior\BuildLiteBehavior [ RunTime:0.000000s ]
INFO: [ app_init ] --END-- [ RunTime:0.000000s ]
INFO: [ app_begin ] --START--
INFO: Run Behavior\ReadHtmlCacheBehavior [ RunTime:0.015600s ]
INFO: [ app_begin ] --END-- [ RunTime:0.015600s ]
NOTIC: [8] Undefined index: p D:\phpStudy2018\PHPTutorial\WWW\classroomorder_ThinkPHP\App\Home\Controller\IndexController.class.php 第 291 行.
SQL: SHOW COLUMNS FROM `tb_orderrecord` [ RunTime:0.0000s ]
SQL: SELECT COUNT(*) AS tp_count FROM `tb_orderrecord` WHERE ( user='' ) LIMIT 1   [ RunTime:0.0000s ]
SQL: SELECT * FROM `tb_orderrecord` WHERE ( user='' ) LIMIT 0,3   [ RunTime:0.0156s ]
INFO: [ view_parse ] --START--
INFO: [ template_filter ] --START--
INFO: Run Behavior\ContentReplaceBehavior [ RunTime:0.000000s ]
INFO: [ template_filter ] --END-- [ RunTime:0.000000s ]
INFO: Run Behavior\ParseTemplateBehavior [ RunTime:0.046800s ]
INFO: [ view_parse ] --END-- [ RunTime:0.046800s ]
INFO: [ view_filter ] --START--
INFO: Run Behavior\WriteHtmlCacheBehavior [ RunTime:0.000000s ]
INFO: [ view_filter ] --END-- [ RunTime:0.000000s ]

[ 2018-05-24T23:30:31+08:00 ] ::1 /classroomorder_ThinkPHP/index.php/Index/orderinfo
INFO: [ app_init ] --START--
INFO: Run Behavior\BuildLiteBehavior [ RunTime:0.000000s ]
INFO: [ app_init ] --END-- [ RunTime:0.000000s ]
INFO: [ app_begin ] --START--
INFO: Run Behavior\ReadHtmlCacheBehavior [ RunTime:0.000000s ]
INFO: [ app_begin ] --END-- [ RunTime:0.000000s ]
NOTIC: [8] Undefined index: p D:\phpStudy2018\PHPTutorial\WWW\classroomorder_ThinkPHP\App\Home\Controller\IndexController.class.php 第 291 行.
SQL: SHOW COLUMNS FROM `tb_orderrecord` [ RunTime:0.0000s ]
SQL: SELECT COUNT(*) AS tp_count FROM `tb_orderrecord` WHERE ( user='' ) LIMIT 1   [ RunTime:0.0000s ]
SQL: SELECT * FROM `tb_orderrecord` WHERE ( user='' ) LIMIT 0,3   [ RunTime:0.0000s ]
INFO: [ view_parse ] --START--
INFO: [ template_filter ] --START--
INFO: Run Behavior\ContentReplaceBehavior [ RunTime:0.000000s ]
INFO: [ template_filter ] --END-- [ RunTime:0.000000s ]
INFO: Run Behavior\ParseTemplateBehavior [ RunTime:0.031200s ]
INFO: [ view_parse ] --END-- [ RunTime:0.031200s ]
INFO: [ view_filter ] --START--
INFO: Run Behavior\WriteHtmlCacheBehavior [ RunTime:0.000000s ]
INFO: [ view_filter ] --END-- [ RunTime:0.000000s ]

[ 2018-05-24T23:30:39+08:00 ] ::1 /classroomorder_ThinkPHP/index.php/Index/classroomorderFindAll
INFO: [ app_init ] --START--
INFO: Run Behavior\BuildLiteBehavior [ RunTime:0.000000s ]
INFO: [ app_init ] --END-- [ RunTime:0.000000s ]
INFO: [ app_begin ] --START--
INFO: Run Behavior\ReadHtmlCacheBehavior [ RunTime:0.000000s ]
INFO: [ app_begin ] --END-- [ RunTime:0.000000s ]
SQL: SHOW COLUMNS FROM `tb_classroominfo` [ RunTime:0.0000s ]
SQL: SELECT * FROM `tb_classroominfo`  [ RunTime:0.0000s ]
INFO: [ view_parse ] --START--
INFO: [ template_filter ] --START--
INFO: Run Behavior\ContentReplaceBehavior [ RunTime:0.000000s ]
INFO: [ template_filter ] --END-- [ RunTime:0.000000s ]
INFO: Run Behavior\ParseTemplateBehavior [ RunTime:0.031200s ]
INFO: [ view_parse ] --END-- [ RunTime:0.031200s ]
INFO: [ view_filter ] --START--
INFO: Run Behavior\WriteHtmlCacheBehavior [ RunTime:0.000000s ]
INFO: [ view_filter ] --END-- [ RunTime:0.000000s ]
INFO: [ app_end ] --START--
INFO: Run Behavior\ShowPageTraceBehavior [ RunTime:0.000000s ]
INFO: [ app_end ] --END-- [ RunTime:0.000000s ]

[ 2018-05-24T23:30:43+08:00 ] ::1 /classroomorder_ThinkPHP/index.php/Index/orderinfo
INFO: [ app_init ] --START--
INFO: Run Behavior\BuildLiteBehavior [ RunTime:0.000000s ]
INFO: [ app_init ] --END-- [ RunTime:0.000000s ]
INFO: [ app_begin ] --START--
INFO: Run Behavior\ReadHtmlCacheBehavior [ RunTime:0.000000s ]
INFO: [ app_begin ] --END-- [ RunTime:0.000000s ]
NOTIC: [8] Undefined index: p D:\phpStudy2018\PHPTutorial\WWW\classroomorder_ThinkPHP\App\Home\Controller\IndexController.class.php 第 291 行.
SQL: SHOW COLUMNS FROM `tb_orderrecord` [ RunTime:0.0000s ]
SQL: SELECT COUNT(*) AS tp_count FROM `tb_orderrecord` WHERE ( user='' ) LIMIT 1   [ RunTime:0.0000s ]
SQL: SELECT * FROM `tb_orderrecord` WHERE ( user='' ) LIMIT 0,3   [ RunTime:0.0000s ]
INFO: [ view_parse ] --START--
INFO: [ template_filter ] --START--
INFO: Run Behavior\ContentReplaceBehavior [ RunTime:0.015600s ]
INFO: [ template_filter ] --END-- [ RunTime:0.015600s ]
INFO: Run Behavior\ParseTemplateBehavior [ RunTime:0.031200s ]
INFO: [ view_parse ] --END-- [ RunTime:0.031200s ]
INFO: [ view_filter ] --START--
INFO: Run Behavior\WriteHtmlCacheBehavior [ RunTime:0.000000s ]
INFO: [ view_filter ] --END-- [ RunTime:0.000000s ]

[ 2018-05-24T23:31:28+08:00 ] ::1 /classroomorder_ThinkPHP/index.php/Index/orderinfo
INFO: [ app_init ] --START--
INFO: Run Behavior\BuildLiteBehavior [ RunTime:0.000000s ]
INFO: [ app_init ] --END-- [ RunTime:0.000000s ]
INFO: [ app_begin ] --START--
INFO: Run Behavior\ReadHtmlCacheBehavior [ RunTime:0.000000s ]
INFO: [ app_begin ] --END-- [ RunTime:0.000000s ]
NOTIC: [8] Undefined index: p D:\phpStudy2018\PHPTutorial\WWW\classroomorder_ThinkPHP\App\Home\Controller\IndexController.class.php 第 291 行.
SQL: SHOW COLUMNS FROM `tb_orderrecord` [ RunTime:0.0000s ]
SQL: SELECT COUNT(*) AS tp_count FROM `tb_orderrecord` WHERE ( user='' ) LIMIT 1   [ RunTime:0.0000s ]
SQL: SELECT * FROM `tb_orderrecord` WHERE ( user='' ) LIMIT 0,3   [ RunTime:0.0156s ]
INFO: [ view_parse ] --START--
INFO: [ template_filter ] --START--
INFO: Run Behavior\ContentReplaceBehavior [ RunTime:0.000000s ]
INFO: [ template_filter ] --END-- [ RunTime:0.000000s ]
INFO: Run Behavior\ParseTemplateBehavior [ RunTime:0.015600s ]
INFO: [ view_parse ] --END-- [ RunTime:0.015600s ]
INFO: [ view_filter ] --START--
INFO: Run Behavior\WriteHtmlCacheBehavior [ RunTime:0.000000s ]
INFO: [ view_filter ] --END-- [ RunTime:0.000000s ]

[ 2018-05-24T23:33:09+08:00 ] ::1 /classroomorder_ThinkPHP/index.php/Index/orderinfo
INFO: [ app_init ] --START--
INFO: Run Behavior\BuildLiteBehavior [ RunTime:0.000000s ]
INFO: [ app_init ] --END-- [ RunTime:0.000000s ]
INFO: [ app_begin ] --START--
INFO: Run Behavior\ReadHtmlCacheBehavior [ RunTime:0.000000s ]
INFO: [ app_begin ] --END-- [ RunTime:0.000000s ]
NOTIC: [8] Undefined index: p D:\phpStudy2018\PHPTutorial\WWW\classroomorder_ThinkPHP\App\Home\Controller\IndexController.class.php 第 291 行.
SQL: SHOW COLUMNS FROM `tb_orderrecord` [ RunTime:0.0000s ]
SQL: SELECT COUNT(*) AS tp_count FROM `tb_orderrecord` WHERE ( user='' ) LIMIT 1   [ RunTime:0.0000s ]
SQL: SELECT * FROM `tb_orderrecord` WHERE ( user='' ) LIMIT 0,3   [ RunTime:0.0000s ]
INFO: [ view_parse ] --START--
INFO: [ template_filter ] --START--
INFO: Run Behavior\ContentReplaceBehavior [ RunTime:0.000000s ]
INFO: [ template_filter ] --END-- [ RunTime:0.000000s ]
INFO: Run Behavior\ParseTemplateBehavior [ RunTime:0.031200s ]
INFO: [ view_parse ] --END-- [ RunTime:0.031200s ]
INFO: [ view_filter ] --START--
INFO: Run Behavior\WriteHtmlCacheBehavior [ RunTime:0.000000s ]
INFO: [ view_filter ] --END-- [ RunTime:0.000000s ]

[ 2018-05-24T23:34:08+08:00 ] ::1 /classroomorder_ThinkPHP/index.php/Index/orderinfo
INFO: [ app_init ] --START--
INFO: Run Behavior\BuildLiteBehavior [ RunTime:0.000000s ]
INFO: [ app_init ] --END-- [ RunTime:0.000000s ]
INFO: [ app_begin ] --START--
INFO: Run Behavior\ReadHtmlCacheBehavior [ RunTime:0.000000s ]
INFO: [ app_begin ] --END-- [ RunTime:0.000000s ]
NOTIC: [8] Undefined index: p D:\phpStudy2018\PHPTutorial\WWW\classroomorder_ThinkPHP\App\Home\Controller\IndexController.class.php 第 291 行.
SQL: SHOW COLUMNS FROM `tb_orderrecord` [ RunTime:0.0000s ]
SQL: SELECT COUNT(*) AS tp_count FROM `tb_orderrecord` WHERE ( user='' ) LIMIT 1   [ RunTime:0.0000s ]
SQL: SELECT * FROM `tb_orderrecord` WHERE ( user='' ) LIMIT 0,3   [ RunTime:0.0000s ]
INFO: [ view_parse ] --START--
INFO: [ template_filter ] --START--
INFO: Run Behavior\ContentReplaceBehavior [ RunTime:0.000000s ]
INFO: [ template_filter ] --END-- [ RunTime:0.000000s ]
INFO: Run Behavior\ParseTemplateBehavior [ RunTime:0.031201s ]
INFO: [ view_parse ] --END-- [ RunTime:0.031201s ]
INFO: [ view_filter ] --START--
INFO: Run Behavior\WriteHtmlCacheBehavior [ RunTime:0.000000s ]
INFO: [ view_filter ] --END-- [ RunTime:0.000000s ]

[ 2018-05-24T23:39:36+08:00 ] ::1 /classroomorder_ThinkPHP/index.php/Index/orderinfo
INFO: [ app_init ] --START--
INFO: Run Behavior\BuildLiteBehavior [ RunTime:0.000000s ]
INFO: [ app_init ] --END-- [ RunTime:0.000000s ]
INFO: [ app_begin ] --START--
INFO: Run Behavior\ReadHtmlCacheBehavior [ RunTime:0.000000s ]
INFO: [ app_begin ] --END-- [ RunTime:0.000000s ]
NOTIC: [8] Undefined index: p D:\phpStudy2018\PHPTutorial\WWW\classroomorder_ThinkPHP\App\Home\Controller\IndexController.class.php 第 291 行.
SQL: SHOW COLUMNS FROM `tb_orderrecord` [ RunTime:0.0000s ]
SQL: SELECT COUNT(*) AS tp_count FROM `tb_orderrecord` WHERE ( user='' ) LIMIT 1   [ RunTime:0.0000s ]
SQL: SELECT * FROM `tb_orderrecord` WHERE ( user='' ) LIMIT 0,3   [ RunTime:0.0156s ]
INFO: [ view_parse ] --START--
INFO: [ template_filter ] --START--
INFO: Run Behavior\ContentReplaceBehavior [ RunTime:0.000000s ]
INFO: [ template_filter ] --END-- [ RunTime:0.000000s ]
INFO: Run Behavior\ParseTemplateBehavior [ RunTime:0.046800s ]
INFO: [ view_parse ] --END-- [ RunTime:0.046800s ]
INFO: [ view_filter ] --START--
INFO: Run Behavior\WriteHtmlCacheBehavior [ RunTime:0.000000s ]
INFO: [ view_filter ] --END-- [ RunTime:0.000000s ]

[ 2018-05-24T23:45:25+08:00 ] ::1 /classroomorder_ThinkPHP/index.php/Index/orderinfo
INFO: [ app_init ] --START--
INFO: Run Behavior\BuildLiteBehavior [ RunTime:0.000000s ]
INFO: [ app_init ] --END-- [ RunTime:0.015600s ]
INFO: [ app_begin ] --START--
INFO: Run Behavior\ReadHtmlCacheBehavior [ RunTime:0.000000s ]
INFO: [ app_begin ] --END-- [ RunTime:0.000000s ]
NOTIC: [8] Undefined index: user D:\phpStudy2018\PHPTutorial\WWW\classroomorder_ThinkPHP\App\Home\Controller\IndexController.class.php 第 291 行.
SQL: SHOW COLUMNS FROM `tb_orderrecord` [ RunTime:0.0000s ]
SQL: SELECT COUNT(*) AS tp_count FROM `tb_orderrecord` WHERE ( user='' ) LIMIT 1   [ RunTime:0.0000s ]
SQL: SELECT * FROM `tb_orderrecord` WHERE ( user='' ) LIMIT 0,3   [ RunTime:0.0000s ]
INFO: [ view_parse ] --START--
INFO: [ template_filter ] --START--
INFO: Run Behavior\ContentReplaceBehavior [ RunTime:0.000000s ]
INFO: [ template_filter ] --END-- [ RunTime:0.000000s ]
INFO: Run Behavior\ParseTemplateBehavior [ RunTime:0.031200s ]
INFO: [ view_parse ] --END-- [ RunTime:0.031200s ]
INFO: [ view_filter ] --START--
INFO: Run Behavior\WriteHtmlCacheBehavior [ RunTime:0.000000s ]
INFO: [ view_filter ] --END-- [ RunTime:0.000000s ]

[ 2018-05-24T23:50:56+08:00 ] ::1 /classroomorder_ThinkPHP/index.php/Index/orderinfo
INFO: [ app_init ] --START--
INFO: Run Behavior\BuildLiteBehavior [ RunTime:0.000000s ]
INFO: [ app_init ] --END-- [ RunTime:0.000000s ]
INFO: [ app_begin ] --START--
INFO: Run Behavior\ReadHtmlCacheBehavior [ RunTime:0.000000s ]
INFO: [ app_begin ] --END-- [ RunTime:0.000000s ]
NOTIC: [8] Undefined index: user D:\phpStudy2018\PHPTutorial\WWW\classroomorder_ThinkPHP\App\Home\Controller\IndexController.class.php 第 291 行.
SQL: SHOW COLUMNS FROM `tb_orderrecord` [ RunTime:0.0000s ]
SQL: SELECT COUNT(*) AS tp_count FROM `tb_orderrecord` WHERE ( user='' ) LIMIT 1   [ RunTime:0.0000s ]
SQL: SELECT * FROM `tb_orderrecord` WHERE ( user='' ) LIMIT 0,3   [ RunTime:0.0000s ]
INFO: [ view_parse ] --START--
INFO: [ template_filter ] --START--
INFO: Run Behavior\ContentReplaceBehavior [ RunTime:0.000000s ]
INFO: [ template_filter ] --END-- [ RunTime:0.000000s ]
INFO: Run Behavior\ParseTemplateBehavior [ RunTime:0.062400s ]
INFO: [ view_parse ] --END-- [ RunTime:0.062400s ]
INFO: [ view_filter ] --START--
INFO: Run Behavior\WriteHtmlCacheBehavior [ RunTime:0.000000s ]
INFO: [ view_filter ] --END-- [ RunTime:0.000000s ]

[ 2018-05-24T23:52:41+08:00 ] ::1 /classroomorder_ThinkPHP/index.php/Index/orderinfo
INFO: [ app_init ] --START--
INFO: Run Behavior\BuildLiteBehavior [ RunTime:0.000000s ]
INFO: [ app_init ] --END-- [ RunTime:0.000000s ]
INFO: [ app_begin ] --START--
INFO: Run Behavior\ReadHtmlCacheBehavior [ RunTime:0.000000s ]
INFO: [ app_begin ] --END-- [ RunTime:0.000000s ]
NOTIC: [8] Undefined index: user D:\phpStudy2018\PHPTutorial\WWW\classroomorder_ThinkPHP\App\Home\Controller\IndexController.class.php 第 291 行.
SQL: SHOW COLUMNS FROM `tb_orderrecord` [ RunTime:0.0000s ]
SQL: SELECT COUNT(*) AS tp_count FROM `tb_orderrecord` WHERE ( user='' ) LIMIT 1   [ RunTime:0.0000s ]
SQL: SELECT * FROM `tb_orderrecord` WHERE ( user='' ) LIMIT 0,3   [ RunTime:0.0156s ]
INFO: [ view_parse ] --START--
INFO: [ template_filter ] --START--
INFO: Run Behavior\ContentReplaceBehavior [ RunTime:0.000000s ]
INFO: [ template_filter ] --END-- [ RunTime:0.000000s ]
INFO: Run Behavior\ParseTemplateBehavior [ RunTime:0.015600s ]
INFO: [ view_parse ] --END-- [ RunTime:0.015600s ]
INFO: [ view_filter ] --START--
INFO: Run Behavior\WriteHtmlCacheBehavior [ RunTime:0.000000s ]
INFO: [ view_filter ] --END-- [ RunTime:0.000000s ]

[ 2018-05-24T23:53:43+08:00 ] ::1 /classroomorder_ThinkPHP/index.php/Index/orderinfo
INFO: [ app_init ] --START--
INFO: Run Behavior\BuildLiteBehavior [ RunTime:0.000000s ]
INFO: [ app_init ] --END-- [ RunTime:0.000000s ]
INFO: [ app_begin ] --START--
INFO: Run Behavior\ReadHtmlCacheBehavior [ RunTime:0.000000s ]
INFO: [ app_begin ] --END-- [ RunTime:0.000000s ]
NOTIC: [8] Undefined index: user D:\phpStudy2018\PHPTutorial\WWW\classroomorder_ThinkPHP\App\Home\Controller\IndexController.class.php 第 291 行.
SQL: SHOW COLUMNS FROM `tb_orderrecord` [ RunTime:0.0000s ]
SQL: SELECT COUNT(*) AS tp_count FROM `tb_orderrecord` WHERE ( user='' ) LIMIT 1   [ RunTime:0.0000s ]
SQL: SELECT * FROM `tb_orderrecord` WHERE ( user='' ) LIMIT 0,3   [ RunTime:0.0156s ]
INFO: [ view_parse ] --START--
INFO: [ template_filter ] --START--
INFO: Run Behavior\ContentReplaceBehavior [ RunTime:0.000000s ]
INFO: [ template_filter ] --END-- [ RunTime:0.000000s ]
INFO: Run Behavior\ParseTemplateBehavior [ RunTime:0.015600s ]
INFO: [ view_parse ] --END-- [ RunTime:0.015600s ]
INFO: [ view_filter ] --START--
INFO: Run Behavior\WriteHtmlCacheBehavior [ RunTime:0.000000s ]
INFO: [ view_filter ] --END-- [ RunTime:0.000000s ]

[ 2018-05-24T23:54:39+08:00 ] ::1 /classroomorder_ThinkPHP/index.php/Index/orderinfo
INFO: [ app_init ] --START--
INFO: Run Behavior\BuildLiteBehavior [ RunTime:0.000000s ]
INFO: [ app_init ] --END-- [ RunTime:0.000000s ]
INFO: [ app_begin ] --START--
INFO: Run Behavior\ReadHtmlCacheBehavior [ RunTime:0.000000s ]
INFO: [ app_begin ] --END-- [ RunTime:0.000000s ]
NOTIC: [8] Undefined index: user D:\phpStudy2018\PHPTutorial\WWW\classroomorder_ThinkPHP\App\Home\Controller\IndexController.class.php 第 291 行.
SQL: SHOW COLUMNS FROM `tb_orderrecord` [ RunTime:0.0000s ]
SQL: SELECT COUNT(*) AS tp_count FROM `tb_orderrecord` WHERE ( user='' ) LIMIT 1   [ RunTime:0.0000s ]
SQL: SELECT * FROM `tb_orderrecord` WHERE ( user='' ) LIMIT 0,3   [ RunTime:0.0000s ]
INFO: [ view_parse ] --START--
INFO: [ template_filter ] --START--
INFO: Run Behavior\ContentReplaceBehavior [ RunTime:0.000000s ]
INFO: [ template_filter ] --END-- [ RunTime:0.000000s ]
INFO: Run Behavior\ParseTemplateBehavior [ RunTime:0.031200s ]
INFO: [ view_parse ] --END-- [ RunTime:0.031200s ]
INFO: [ view_filter ] --START--
INFO: Run Behavior\WriteHtmlCacheBehavior [ RunTime:0.000000s ]
INFO: [ view_filter ] --END-- [ RunTime:0.000000s ]
INFO: [ app_end ] --START--
INFO: Run Behavior\ShowPageTraceBehavior [ RunTime:0.000000s ]
INFO: [ app_end ] --END-- [ RunTime:0.000000s ]

