[ 2018-04-24T23:51:07+08:00 ] ::1 /classroomorder_ThinkPHP/Home/Index/orderrecordFindAll
INFO: [ app_init ] --START--
INFO: Run Behavior\BuildLiteBehavior [ RunTime:0.000000s ]
INFO: [ app_init ] --END-- [ RunTime:0.000000s ]
ERR: 无法加载模块:Classroomorder_ThinkPHP

[ 2018-04-24T23:51:24+08:00 ] ::1 /classroomorder_ThinkPHP/Home/Index/orderrecordFindAll.html
INFO: [ app_init ] --START--
INFO: Run Behavior\BuildLiteBehavior [ RunTime:0.000000s ]
INFO: [ app_init ] --END-- [ RunTime:0.000000s ]
ERR: 无法加载模块:Classroomorder_ThinkPHP

[ 2018-04-24T23:51:30+08:00 ] ::1 /classroomorder_ThinkPHP/Home/?Index/orderrecordFindAll.html
INFO: [ app_init ] --START--
INFO: Run Behavior\BuildLiteBehavior [ RunTime:0.000000s ]
INFO: [ app_init ] --END-- [ RunTime:0.000000s ]
ERR: 无法加载模块:Classroomorder_ThinkPHP

[ 2018-04-24T23:52:05+08:00 ] ::1 /classroomorder_ThinkPHP/Home/orderrecordFindAll.html
INFO: [ app_init ] --START--
INFO: Run Behavior\BuildLiteBehavior [ RunTime:0.000000s ]
INFO: [ app_init ] --END-- [ RunTime:0.000000s ]
ERR: 无法加载模块:Classroomorder_ThinkPHP

[ 2018-04-24T23:53:51+08:00 ] ::1 /classroomorder_ThinkPHP/Home/Index/
INFO: [ app_init ] --START--
INFO: Run Behavior\BuildLiteBehavior [ RunTime:0.000000s ]
INFO: [ app_init ] --END-- [ RunTime:0.000000s ]
ERR: 无法加载模块:Classroomorder_ThinkPHP

[ 2018-04-24T23:53:55+08:00 ] ::1 /classroomorder_ThinkPHP/Home/Index/
INFO: [ app_init ] --START--
INFO: Run Behavior\BuildLiteBehavior [ RunTime:0.000000s ]
INFO: [ app_init ] --END-- [ RunTime:0.000000s ]
ERR: 无法加载模块:Classroomorder_ThinkPHP

[ 2018-04-24T23:58:56+08:00 ] ::1 /classroomorder_ThinkPHP/Home/Index/index
INFO: [ app_init ] --START--
INFO: Run Behavior\BuildLiteBehavior [ RunTime:0.000000s ]
INFO: [ app_init ] --END-- [ RunTime:0.000000s ]
ERR: 无法加载模块:Classroomorder_ThinkPHP

