[ 2018-04-22T14:07:15+08:00 ] ::1 /classroomorder_ThinkPHP/index.html
INFO: [ app_init ] --START--
INFO: Run Behavior\BuildLiteBehavior [ RunTime:0.000000s ]
INFO: [ app_init ] --END-- [ RunTime:0.000000s ]
ERR: 无法加载模块:Classroomorder_ThinkPHP

[ 2018-04-22T14:41:41+08:00 ] ::1 /classroomorder_ThinkPHP/index.html
INFO: [ app_init ] --START--
INFO: Run Behavior\BuildLiteBehavior [ RunTime:0.000000s ]
INFO: [ app_init ] --END-- [ RunTime:0.000000s ]
ERR: 无法加载模块:Classroomorder_ThinkPHP

[ 2018-04-22T14:42:29+08:00 ] ::1 /classroomorder_ThinkPHP/index.html
INFO: [ app_init ] --START--
INFO: Run Behavior\BuildLiteBehavior [ RunTime:0.000000s ]
INFO: [ app_init ] --END-- [ RunTime:0.015600s ]
ERR: 无法加载模块:Classroomorder_ThinkPHP

[ 2018-04-22T14:43:53+08:00 ] ::1 /classroomorder_ThinkPHP/Index/index.html
INFO: [ app_init ] --START--
INFO: Run Behavior\BuildLiteBehavior [ RunTime:0.000000s ]
INFO: [ app_init ] --END-- [ RunTime:0.000000s ]
ERR: 无法加载模块:Classroomorder_ThinkPHP

[ 2018-04-22T14:44:03+08:00 ] ::1 /classroomorder_ThinkPHP/Index/classroominfoAdmin.html
INFO: [ app_init ] --START--
INFO: Run Behavior\BuildLiteBehavior [ RunTime:0.000000s ]
INFO: [ app_init ] --END-- [ RunTime:0.000000s ]
ERR: 无法加载模块:Classroomorder_ThinkPHP

[ 2018-04-22T14:44:17+08:00 ] ::1 /classroomorder_ThinkPHP/index.php/Index/classroominfoAdmin.html
INFO: [ app_init ] --START--
INFO: Run Behavior\BuildLiteBehavior [ RunTime:0.000000s ]
INFO: [ app_init ] --END-- [ RunTime:0.000000s ]
ERR: 无法加载模块:Index

[ 2018-04-22T14:44:25+08:00 ] ::1 /classroomorder_ThinkPHP/index.php/classroominfoAdmin.html
INFO: [ app_init ] --START--
INFO: Run Behavior\BuildLiteBehavior [ RunTime:0.000000s ]
INFO: [ app_init ] --END-- [ RunTime:0.000000s ]
ERR: 无法加载模块:ClassroominfoAdmin

